Determining if the pthread_create exist failed with the following output:
Change Dir: /home/zhhm/robogym_ws/build/moveit_ros_planning/CMakeFiles/CMakeTmp

Run Build Command:"/usr/bin/make" "cmTC_535fa/fast"
/usr/bin/make -f CMakeFiles/cmTC_535fa.dir/build.make CMakeFiles/cmTC_535fa.dir/build
make[1]: Entering directory '/home/zhhm/robogym_ws/build/moveit_ros_planning/CMakeFiles/CMakeTmp'
Building C object CMakeFiles/cmTC_535fa.dir/CheckSymbolExists.c.o
/usr/bin/cc    -o CMakeFiles/cmTC_535fa.dir/CheckSymbolExists.c.o   -c /home/zhhm/robogym_ws/build/moveit_ros_planning/CMakeFiles/CMakeTmp/CheckSymbolExists.c
Linking C executable cmTC_535fa
/usr/bin/cmake -E cmake_link_script CMakeFiles/cmTC_535fa.dir/link.txt --verbose=1
/usr/bin/cc      -rdynamic CMakeFiles/cmTC_535fa.dir/CheckSymbolExists.c.o  -o cmTC_535fa 
CMakeFiles/cmTC_535fa.dir/CheckSymbolExists.c.o: In function `main':
CheckSymbolExists.c:(.text+0x1b): undefined reference to `pthread_create'
collect2: error: ld returned 1 exit status
CMakeFiles/cmTC_535fa.dir/build.make:97: recipe for target 'cmTC_535fa' failed
make[1]: *** [cmTC_535fa] Error 1
make[1]: Leaving directory '/home/zhhm/robogym_ws/build/moveit_ros_planning/CMakeFiles/CMakeTmp'
Makefile:126: recipe for target 'cmTC_535fa/fast' failed
make: *** [cmTC_535fa/fast] Error 2

File /home/zhhm/robogym_ws/build/moveit_ros_planning/CMakeFiles/CMakeTmp/CheckSymbolExists.c:
/* */
#include <pthread.h>

int main(int argc, char** argv)
{
  (void)argv;
#ifndef pthread_create
  return ((int*)(&pthread_create))[argc];
#else
  (void)argc;
  return 0;
#endif
}

Determining if the function pthread_create exists in the pthreads failed with the following output:
Change Dir: /home/zhhm/robogym_ws/build/moveit_ros_planning/CMakeFiles/CMakeTmp

Run Build Command:"/usr/bin/make" "cmTC_e87fe/fast"
/usr/bin/make -f CMakeFiles/cmTC_e87fe.dir/build.make CMakeFiles/cmTC_e87fe.dir/build
make[1]: Entering directory '/home/zhhm/robogym_ws/build/moveit_ros_planning/CMakeFiles/CMakeTmp'
Building C object CMakeFiles/cmTC_e87fe.dir/CheckFunctionExists.c.o
/usr/bin/cc   -DCHECK_FUNCTION_EXISTS=pthread_create   -o CMakeFiles/cmTC_e87fe.dir/CheckFunctionExists.c.o   -c /usr/share/cmake-3.10/Modules/CheckFunctionExists.c
Linking C executable cmTC_e87fe
/usr/bin/cmake -E cmake_link_script CMakeFiles/cmTC_e87fe.dir/link.txt --verbose=1
/usr/bin/cc  -DCHECK_FUNCTION_EXISTS=pthread_create    -rdynamic CMakeFiles/cmTC_e87fe.dir/CheckFunctionExists.c.o  -o cmTC_e87fe -lpthreads 
/usr/bin/ld: cannot find -lpthreads
collect2: error: ld returned 1 exit status
CMakeFiles/cmTC_e87fe.dir/build.make:97: recipe for target 'cmTC_e87fe' failed
make[1]: *** [cmTC_e87fe] Error 1
make[1]: Leaving directory '/home/zhhm/robogym_ws/build/moveit_ros_planning/CMakeFiles/CMakeTmp'
Makefile:126: recipe for target 'cmTC_e87fe/fast' failed
make: *** [cmTC_e87fe/fast] Error 2


