Determining if the pthread_create exist failed with the following output:
Change Dir: /home/zhhm/robogym_ws/build/moveit_ros_warehouse/CMakeFiles/CMakeTmp

Run Build Command:"/usr/bin/make" "cmTC_faeb9/fast"
/usr/bin/make -f CMakeFiles/cmTC_faeb9.dir/build.make CMakeFiles/cmTC_faeb9.dir/build
make[1]: Entering directory '/home/zhhm/robogym_ws/build/moveit_ros_warehouse/CMakeFiles/CMakeTmp'
Building C object CMakeFiles/cmTC_faeb9.dir/CheckSymbolExists.c.o
/usr/bin/cc    -o CMakeFiles/cmTC_faeb9.dir/CheckSymbolExists.c.o   -c /home/zhhm/robogym_ws/build/moveit_ros_warehouse/CMakeFiles/CMakeTmp/CheckSymbolExists.c
Linking C executable cmTC_faeb9
/usr/bin/cmake -E cmake_link_script CMakeFiles/cmTC_faeb9.dir/link.txt --verbose=1
/usr/bin/cc      -rdynamic CMakeFiles/cmTC_faeb9.dir/CheckSymbolExists.c.o  -o cmTC_faeb9 
CMakeFiles/cmTC_faeb9.dir/CheckSymbolExists.c.o: In function `main':
CheckSymbolExists.c:(.text+0x1b): undefined reference to `pthread_create'
collect2: error: ld returned 1 exit status
CMakeFiles/cmTC_faeb9.dir/build.make:97: recipe for target 'cmTC_faeb9' failed
make[1]: *** [cmTC_faeb9] Error 1
make[1]: Leaving directory '/home/zhhm/robogym_ws/build/moveit_ros_warehouse/CMakeFiles/CMakeTmp'
Makefile:126: recipe for target 'cmTC_faeb9/fast' failed
make: *** [cmTC_faeb9/fast] Error 2

File /home/zhhm/robogym_ws/build/moveit_ros_warehouse/CMakeFiles/CMakeTmp/CheckSymbolExists.c:
/* */
#include <pthread.h>

int main(int argc, char** argv)
{
  (void)argv;
#ifndef pthread_create
  return ((int*)(&pthread_create))[argc];
#else
  (void)argc;
  return 0;
#endif
}

Determining if the function pthread_create exists in the pthreads failed with the following output:
Change Dir: /home/zhhm/robogym_ws/build/moveit_ros_warehouse/CMakeFiles/CMakeTmp

Run Build Command:"/usr/bin/make" "cmTC_18c75/fast"
/usr/bin/make -f CMakeFiles/cmTC_18c75.dir/build.make CMakeFiles/cmTC_18c75.dir/build
make[1]: Entering directory '/home/zhhm/robogym_ws/build/moveit_ros_warehouse/CMakeFiles/CMakeTmp'
Building C object CMakeFiles/cmTC_18c75.dir/CheckFunctionExists.c.o
/usr/bin/cc   -DCHECK_FUNCTION_EXISTS=pthread_create   -o CMakeFiles/cmTC_18c75.dir/CheckFunctionExists.c.o   -c /usr/share/cmake-3.10/Modules/CheckFunctionExists.c
Linking C executable cmTC_18c75
/usr/bin/cmake -E cmake_link_script CMakeFiles/cmTC_18c75.dir/link.txt --verbose=1
/usr/bin/cc  -DCHECK_FUNCTION_EXISTS=pthread_create    -rdynamic CMakeFiles/cmTC_18c75.dir/CheckFunctionExists.c.o  -o cmTC_18c75 -lpthreads 
/usr/bin/ld: cannot find -lpthreads
collect2: error: ld returned 1 exit status
CMakeFiles/cmTC_18c75.dir/build.make:97: recipe for target 'cmTC_18c75' failed
make[1]: *** [cmTC_18c75] Error 1
make[1]: Leaving directory '/home/zhhm/robogym_ws/build/moveit_ros_warehouse/CMakeFiles/CMakeTmp'
Makefile:126: recipe for target 'cmTC_18c75/fast' failed
make: *** [cmTC_18c75/fast] Error 2


