Determining if the pthread_create exist failed with the following output:
Change Dir: /home/zhhm/robogym_ws/build/ur_kinematics/CMakeFiles/CMakeTmp

Run Build Command:"/usr/bin/make" "cmTC_c3b56/fast"
/usr/bin/make -f CMakeFiles/cmTC_c3b56.dir/build.make CMakeFiles/cmTC_c3b56.dir/build
make[1]: Entering directory '/home/zhhm/robogym_ws/build/ur_kinematics/CMakeFiles/CMakeTmp'
Building C object CMakeFiles/cmTC_c3b56.dir/CheckSymbolExists.c.o
/usr/bin/cc    -o CMakeFiles/cmTC_c3b56.dir/CheckSymbolExists.c.o   -c /home/zhhm/robogym_ws/build/ur_kinematics/CMakeFiles/CMakeTmp/CheckSymbolExists.c
Linking C executable cmTC_c3b56
/usr/bin/cmake -E cmake_link_script CMakeFiles/cmTC_c3b56.dir/link.txt --verbose=1
/usr/bin/cc      -rdynamic CMakeFiles/cmTC_c3b56.dir/CheckSymbolExists.c.o  -o cmTC_c3b56 
CMakeFiles/cmTC_c3b56.dir/CheckSymbolExists.c.o: In function `main':
CheckSymbolExists.c:(.text+0x1b): undefined reference to `pthread_create'
collect2: error: ld returned 1 exit status
CMakeFiles/cmTC_c3b56.dir/build.make:97: recipe for target 'cmTC_c3b56' failed
make[1]: *** [cmTC_c3b56] Error 1
make[1]: Leaving directory '/home/zhhm/robogym_ws/build/ur_kinematics/CMakeFiles/CMakeTmp'
Makefile:126: recipe for target 'cmTC_c3b56/fast' failed
make: *** [cmTC_c3b56/fast] Error 2

File /home/zhhm/robogym_ws/build/ur_kinematics/CMakeFiles/CMakeTmp/CheckSymbolExists.c:
/* */
#include <pthread.h>

int main(int argc, char** argv)
{
  (void)argv;
#ifndef pthread_create
  return ((int*)(&pthread_create))[argc];
#else
  (void)argc;
  return 0;
#endif
}

Determining if the function pthread_create exists in the pthreads failed with the following output:
Change Dir: /home/zhhm/robogym_ws/build/ur_kinematics/CMakeFiles/CMakeTmp

Run Build Command:"/usr/bin/make" "cmTC_704c9/fast"
/usr/bin/make -f CMakeFiles/cmTC_704c9.dir/build.make CMakeFiles/cmTC_704c9.dir/build
make[1]: Entering directory '/home/zhhm/robogym_ws/build/ur_kinematics/CMakeFiles/CMakeTmp'
Building C object CMakeFiles/cmTC_704c9.dir/CheckFunctionExists.c.o
/usr/bin/cc   -DCHECK_FUNCTION_EXISTS=pthread_create   -o CMakeFiles/cmTC_704c9.dir/CheckFunctionExists.c.o   -c /usr/share/cmake-3.10/Modules/CheckFunctionExists.c
Linking C executable cmTC_704c9
/usr/bin/cmake -E cmake_link_script CMakeFiles/cmTC_704c9.dir/link.txt --verbose=1
/usr/bin/cc  -DCHECK_FUNCTION_EXISTS=pthread_create    -rdynamic CMakeFiles/cmTC_704c9.dir/CheckFunctionExists.c.o  -o cmTC_704c9 -lpthreads 
/usr/bin/ld: cannot find -lpthreads
collect2: error: ld returned 1 exit status
CMakeFiles/cmTC_704c9.dir/build.make:97: recipe for target 'cmTC_704c9' failed
make[1]: *** [cmTC_704c9] Error 1
make[1]: Leaving directory '/home/zhhm/robogym_ws/build/ur_kinematics/CMakeFiles/CMakeTmp'
Makefile:126: recipe for target 'cmTC_704c9/fast' failed
make: *** [cmTC_704c9/fast] Error 2


