Determining if the pthread_create exist failed with the following output:
Change Dir: /home/zhhm/robogym_ws/build/moveit_resources_pr2_description/CMakeFiles/CMakeTmp

Run Build Command:"/usr/bin/make" "cmTC_94346/fast"
/usr/bin/make -f CMakeFiles/cmTC_94346.dir/build.make CMakeFiles/cmTC_94346.dir/build
make[1]: Entering directory '/home/zhhm/robogym_ws/build/moveit_resources_pr2_description/CMakeFiles/CMakeTmp'
Building C object CMakeFiles/cmTC_94346.dir/CheckSymbolExists.c.o
/usr/bin/cc    -o CMakeFiles/cmTC_94346.dir/CheckSymbolExists.c.o   -c /home/zhhm/robogym_ws/build/moveit_resources_pr2_description/CMakeFiles/CMakeTmp/CheckSymbolExists.c
Linking C executable cmTC_94346
/usr/bin/cmake -E cmake_link_script CMakeFiles/cmTC_94346.dir/link.txt --verbose=1
/usr/bin/cc      -rdynamic CMakeFiles/cmTC_94346.dir/CheckSymbolExists.c.o  -o cmTC_94346 
CMakeFiles/cmTC_94346.dir/CheckSymbolExists.c.o: In function `main':
CheckSymbolExists.c:(.text+0x1b): undefined reference to `pthread_create'
collect2: error: ld returned 1 exit status
CMakeFiles/cmTC_94346.dir/build.make:97: recipe for target 'cmTC_94346' failed
make[1]: *** [cmTC_94346] Error 1
make[1]: Leaving directory '/home/zhhm/robogym_ws/build/moveit_resources_pr2_description/CMakeFiles/CMakeTmp'
Makefile:126: recipe for target 'cmTC_94346/fast' failed
make: *** [cmTC_94346/fast] Error 2

File /home/zhhm/robogym_ws/build/moveit_resources_pr2_description/CMakeFiles/CMakeTmp/CheckSymbolExists.c:
/* */
#include <pthread.h>

int main(int argc, char** argv)
{
  (void)argv;
#ifndef pthread_create
  return ((int*)(&pthread_create))[argc];
#else
  (void)argc;
  return 0;
#endif
}

Determining if the function pthread_create exists in the pthreads failed with the following output:
Change Dir: /home/zhhm/robogym_ws/build/moveit_resources_pr2_description/CMakeFiles/CMakeTmp

Run Build Command:"/usr/bin/make" "cmTC_ba6b3/fast"
/usr/bin/make -f CMakeFiles/cmTC_ba6b3.dir/build.make CMakeFiles/cmTC_ba6b3.dir/build
make[1]: Entering directory '/home/zhhm/robogym_ws/build/moveit_resources_pr2_description/CMakeFiles/CMakeTmp'
Building C object CMakeFiles/cmTC_ba6b3.dir/CheckFunctionExists.c.o
/usr/bin/cc   -DCHECK_FUNCTION_EXISTS=pthread_create   -o CMakeFiles/cmTC_ba6b3.dir/CheckFunctionExists.c.o   -c /usr/share/cmake-3.10/Modules/CheckFunctionExists.c
Linking C executable cmTC_ba6b3
/usr/bin/cmake -E cmake_link_script CMakeFiles/cmTC_ba6b3.dir/link.txt --verbose=1
/usr/bin/cc  -DCHECK_FUNCTION_EXISTS=pthread_create    -rdynamic CMakeFiles/cmTC_ba6b3.dir/CheckFunctionExists.c.o  -o cmTC_ba6b3 -lpthreads 
/usr/bin/ld: cannot find -lpthreads
collect2: error: ld returned 1 exit status
CMakeFiles/cmTC_ba6b3.dir/build.make:97: recipe for target 'cmTC_ba6b3' failed
make[1]: *** [cmTC_ba6b3] Error 1
make[1]: Leaving directory '/home/zhhm/robogym_ws/build/moveit_resources_pr2_description/CMakeFiles/CMakeTmp'
Makefile:126: recipe for target 'cmTC_ba6b3/fast' failed
make: *** [cmTC_ba6b3/fast] Error 2


