[ 10%] Built target planning_context_loader_lin
[ 23%] Built target planning_context_loader_circ
[ 40%] Built target pilz_industrial_motion_planner_lib
[ 53%] Built target pilz_industrial_motion_planner
[ 65%] Built target planning_context_loader_ptp
[ 65%] Built target moveit_msgs_generate_messages_cpp
[ 65%] Built target tf2_msgs_generate_messages_nodejs
[ 65%] Built target tf2_msgs_generate_messages_eus
[ 65%] Built target visualization_msgs_generate_messages_cpp
[ 65%] Built target tf2_msgs_generate_messages_cpp
[ 65%] Built target actionlib_generate_messages_lisp
[ 65%] Built target geometry_msgs_generate_messages_cpp
[ 65%] Built target octomap_msgs_generate_messages_py
[ 65%] Built target tf_generate_messages_nodejs
[ 65%] Built target tf2_msgs_generate_messages_py
[ 65%] Built target tf2_msgs_generate_messages_lisp
[ 65%] Built target octomap_msgs_generate_messages_nodejs
[ 65%] Built target object_recognition_msgs_generate_messages_py
[ 65%] Built target std_srvs_generate_messages_nodejs
[ 65%] Built target roscpp_generate_messages_lisp
[ 65%] Built target std_srvs_generate_messages_eus
[ 65%] Built target object_recognition_msgs_generate_messages_cpp
[ 65%] Built target rosgraph_msgs_generate_messages_eus
[ 65%] Built target trajectory_msgs_generate_messages_nodejs
[ 65%] Built target trajectory_msgs_generate_messages_lisp
[ 65%] Built target trajectory_msgs_generate_messages_cpp
[ 65%] Built target shape_msgs_generate_messages_py
[ 65%] Built target sensor_msgs_generate_messages_eus
[ 65%] Built target object_recognition_msgs_generate_messages_lisp
[ 65%] Built target sensor_msgs_generate_messages_cpp
[ 65%] Built target actionlib_msgs_generate_messages_py
[ 65%] Built target actionlib_msgs_generate_messages_lisp
[ 65%] Built target actionlib_msgs_generate_messages_eus
[ 65%] Built target actionlib_msgs_generate_messages_cpp
[ 65%] Built target roscpp_generate_messages_eus
[ 65%] Built target tf_generate_messages_eus
[ 65%] Built target actionlib_generate_messages_eus
[ 65%] Built target moveit_msgs_generate_messages_py
[ 65%] Built target moveit_msgs_generate_messages_lisp
[ 65%] Built target moveit_msgs_generate_messages_eus
[ 65%] Built target rosgraph_msgs_generate_messages_nodejs
[ 65%] Built target trajectory_msgs_generate_messages_py
[ 65%] Built target std_msgs_generate_messages_eus
[ 65%] Built target rosgraph_msgs_generate_messages_lisp
[ 65%] Built target rosgraph_msgs_generate_messages_py
[ 65%] Built target dynamic_reconfigure_generate_messages_cpp
[ 65%] Built target rosgraph_msgs_generate_messages_cpp
[ 65%] Built target trajectory_msgs_generate_messages_eus
[ 65%] Built target roscpp_generate_messages_py
[ 65%] Built target moveit_ros_planning_gencfg
[ 65%] Built target geometry_msgs_generate_messages_eus
[ 65%] Built target roscpp_generate_messages_nodejs
[ 65%] Built target octomap_msgs_generate_messages_cpp
[ 65%] Built target std_msgs_generate_messages_lisp
[ 65%] Built target std_msgs_generate_messages_nodejs
[ 65%] Built target actionlib_generate_messages_cpp
[ 65%] Built target octomap_msgs_generate_messages_eus
[ 65%] Built target object_recognition_msgs_generate_messages_eus
[ 65%] Built target sensor_msgs_generate_messages_py
[ 65%] Built target sensor_msgs_generate_messages_nodejs
[ 65%] Built target moveit_msgs_generate_messages_nodejs
[ 65%] Built target roscpp_generate_messages_cpp
[ 65%] Built target shape_msgs_generate_messages_eus
[ 65%] Built target actionlib_msgs_generate_messages_nodejs
[ 65%] Built target std_srvs_generate_messages_cpp
[ 65%] Built target dynamic_reconfigure_generate_messages_py
[ 65%] Built target tf_generate_messages_cpp
[ 65%] Built target actionlib_generate_messages_py
[ 65%] Built target dynamic_reconfigure_generate_messages_eus
[ 65%] Built target shape_msgs_generate_messages_nodejs
[ 65%] Built target geometry_msgs_generate_messages_nodejs
[ 65%] Built target dynamic_reconfigure_gencfg
[ 65%] Built target std_msgs_generate_messages_py
[ 65%] Built target std_msgs_generate_messages_cpp
[ 65%] Built target visualization_msgs_generate_messages_nodejs
[ 65%] Built target geometry_msgs_generate_messages_lisp
[ 65%] Built target geometry_msgs_generate_messages_py
[ 65%] Built target object_recognition_msgs_generate_messages_nodejs
[ 65%] Built target shape_msgs_generate_messages_cpp
[ 65%] Built target visualization_msgs_generate_messages_py
[ 65%] Built target sensor_msgs_generate_messages_lisp
[ 65%] Built target dynamic_reconfigure_generate_messages_nodejs
[ 65%] Built target std_srvs_generate_messages_lisp
[ 65%] Built target std_srvs_generate_messages_py
[ 65%] Built target moveit_ros_manipulation_gencfg
[ 65%] Built target octomap_msgs_generate_messages_lisp
[ 65%] Built target shape_msgs_generate_messages_lisp
[ 65%] Built target tf_generate_messages_py
[ 65%] Built target tf_generate_messages_lisp
[ 65%] Built target visualization_msgs_generate_messages_lisp
[ 65%] Built target visualization_msgs_generate_messages_eus
[ 65%] Built target dynamic_reconfigure_generate_messages_lisp
[ 65%] Built target actionlib_generate_messages_nodejs
[ 70%] Built target command_list_manager
[ 82%] Built target pilz_industrial_motion_planner_testhelpers
[100%] Built target sequence_capability
