Determining if the pthread_create exist failed with the following output:
Change Dir: /home/zhhm/robogym_ws/build/moveit_visual_tools/CMakeFiles/CMakeTmp

Run Build Command:"/usr/bin/make" "cmTC_2277a/fast"
/usr/bin/make -f CMakeFiles/cmTC_2277a.dir/build.make CMakeFiles/cmTC_2277a.dir/build
make[1]: Entering directory '/home/zhhm/robogym_ws/build/moveit_visual_tools/CMakeFiles/CMakeTmp'
Building C object CMakeFiles/cmTC_2277a.dir/CheckSymbolExists.c.o
/usr/bin/cc    -o CMakeFiles/cmTC_2277a.dir/CheckSymbolExists.c.o   -c /home/zhhm/robogym_ws/build/moveit_visual_tools/CMakeFiles/CMakeTmp/CheckSymbolExists.c
Linking C executable cmTC_2277a
/usr/bin/cmake -E cmake_link_script CMakeFiles/cmTC_2277a.dir/link.txt --verbose=1
/usr/bin/cc      -rdynamic CMakeFiles/cmTC_2277a.dir/CheckSymbolExists.c.o  -o cmTC_2277a 
CMakeFiles/cmTC_2277a.dir/CheckSymbolExists.c.o: In function `main':
CheckSymbolExists.c:(.text+0x1b): undefined reference to `pthread_create'
collect2: error: ld returned 1 exit status
CMakeFiles/cmTC_2277a.dir/build.make:97: recipe for target 'cmTC_2277a' failed
make[1]: *** [cmTC_2277a] Error 1
make[1]: Leaving directory '/home/zhhm/robogym_ws/build/moveit_visual_tools/CMakeFiles/CMakeTmp'
Makefile:126: recipe for target 'cmTC_2277a/fast' failed
make: *** [cmTC_2277a/fast] Error 2

File /home/zhhm/robogym_ws/build/moveit_visual_tools/CMakeFiles/CMakeTmp/CheckSymbolExists.c:
/* */
#include <pthread.h>

int main(int argc, char** argv)
{
  (void)argv;
#ifndef pthread_create
  return ((int*)(&pthread_create))[argc];
#else
  (void)argc;
  return 0;
#endif
}

Determining if the function pthread_create exists in the pthreads failed with the following output:
Change Dir: /home/zhhm/robogym_ws/build/moveit_visual_tools/CMakeFiles/CMakeTmp

Run Build Command:"/usr/bin/make" "cmTC_0b20d/fast"
/usr/bin/make -f CMakeFiles/cmTC_0b20d.dir/build.make CMakeFiles/cmTC_0b20d.dir/build
make[1]: Entering directory '/home/zhhm/robogym_ws/build/moveit_visual_tools/CMakeFiles/CMakeTmp'
Building C object CMakeFiles/cmTC_0b20d.dir/CheckFunctionExists.c.o
/usr/bin/cc   -DCHECK_FUNCTION_EXISTS=pthread_create   -o CMakeFiles/cmTC_0b20d.dir/CheckFunctionExists.c.o   -c /usr/share/cmake-3.10/Modules/CheckFunctionExists.c
Linking C executable cmTC_0b20d
/usr/bin/cmake -E cmake_link_script CMakeFiles/cmTC_0b20d.dir/link.txt --verbose=1
/usr/bin/cc  -DCHECK_FUNCTION_EXISTS=pthread_create    -rdynamic CMakeFiles/cmTC_0b20d.dir/CheckFunctionExists.c.o  -o cmTC_0b20d -lpthreads 
/usr/bin/ld: cannot find -lpthreads
collect2: error: ld returned 1 exit status
CMakeFiles/cmTC_0b20d.dir/build.make:97: recipe for target 'cmTC_0b20d' failed
make[1]: *** [cmTC_0b20d] Error 1
make[1]: Leaving directory '/home/zhhm/robogym_ws/build/moveit_visual_tools/CMakeFiles/CMakeTmp'
Makefile:126: recipe for target 'cmTC_0b20d/fast' failed
make: *** [cmTC_0b20d/fast] Error 2


