Determining if the pthread_create exist failed with the following output:
Change Dir: /home/zhhm/robogym_ws/build/panda_moveit_config/CMakeFiles/CMakeTmp

Run Build Command:"/usr/bin/make" "cmTC_c9daa/fast"
/usr/bin/make -f CMakeFiles/cmTC_c9daa.dir/build.make CMakeFiles/cmTC_c9daa.dir/build
make[1]: Entering directory '/home/zhhm/robogym_ws/build/panda_moveit_config/CMakeFiles/CMakeTmp'
Building C object CMakeFiles/cmTC_c9daa.dir/CheckSymbolExists.c.o
/usr/bin/cc    -o CMakeFiles/cmTC_c9daa.dir/CheckSymbolExists.c.o   -c /home/zhhm/robogym_ws/build/panda_moveit_config/CMakeFiles/CMakeTmp/CheckSymbolExists.c
Linking C executable cmTC_c9daa
/usr/bin/cmake -E cmake_link_script CMakeFiles/cmTC_c9daa.dir/link.txt --verbose=1
/usr/bin/cc      -rdynamic CMakeFiles/cmTC_c9daa.dir/CheckSymbolExists.c.o  -o cmTC_c9daa 
CMakeFiles/cmTC_c9daa.dir/CheckSymbolExists.c.o: In function `main':
CheckSymbolExists.c:(.text+0x1b): undefined reference to `pthread_create'
collect2: error: ld returned 1 exit status
CMakeFiles/cmTC_c9daa.dir/build.make:97: recipe for target 'cmTC_c9daa' failed
make[1]: *** [cmTC_c9daa] Error 1
make[1]: Leaving directory '/home/zhhm/robogym_ws/build/panda_moveit_config/CMakeFiles/CMakeTmp'
Makefile:126: recipe for target 'cmTC_c9daa/fast' failed
make: *** [cmTC_c9daa/fast] Error 2

File /home/zhhm/robogym_ws/build/panda_moveit_config/CMakeFiles/CMakeTmp/CheckSymbolExists.c:
/* */
#include <pthread.h>

int main(int argc, char** argv)
{
  (void)argv;
#ifndef pthread_create
  return ((int*)(&pthread_create))[argc];
#else
  (void)argc;
  return 0;
#endif
}

Determining if the function pthread_create exists in the pthreads failed with the following output:
Change Dir: /home/zhhm/robogym_ws/build/panda_moveit_config/CMakeFiles/CMakeTmp

Run Build Command:"/usr/bin/make" "cmTC_12ae6/fast"
/usr/bin/make -f CMakeFiles/cmTC_12ae6.dir/build.make CMakeFiles/cmTC_12ae6.dir/build
make[1]: Entering directory '/home/zhhm/robogym_ws/build/panda_moveit_config/CMakeFiles/CMakeTmp'
Building C object CMakeFiles/cmTC_12ae6.dir/CheckFunctionExists.c.o
/usr/bin/cc   -DCHECK_FUNCTION_EXISTS=pthread_create   -o CMakeFiles/cmTC_12ae6.dir/CheckFunctionExists.c.o   -c /usr/share/cmake-3.10/Modules/CheckFunctionExists.c
Linking C executable cmTC_12ae6
/usr/bin/cmake -E cmake_link_script CMakeFiles/cmTC_12ae6.dir/link.txt --verbose=1
/usr/bin/cc  -DCHECK_FUNCTION_EXISTS=pthread_create    -rdynamic CMakeFiles/cmTC_12ae6.dir/CheckFunctionExists.c.o  -o cmTC_12ae6 -lpthreads 
/usr/bin/ld: cannot find -lpthreads
collect2: error: ld returned 1 exit status
CMakeFiles/cmTC_12ae6.dir/build.make:97: recipe for target 'cmTC_12ae6' failed
make[1]: *** [cmTC_12ae6] Error 1
make[1]: Leaving directory '/home/zhhm/robogym_ws/build/panda_moveit_config/CMakeFiles/CMakeTmp'
Makefile:126: recipe for target 'cmTC_12ae6/fast' failed
make: *** [cmTC_12ae6/fast] Error 2


