Linked: (/home/zhhm/robogym_ws/devel/.private/sdc21x0/share/sdc21x0/cmake/sdc21x0Config.cmake, /home/zhhm/robogym_ws/devel/share/sdc21x0/cmake/sdc21x0Config.cmake)
Linked: (/home/zhhm/robogym_ws/devel/.private/sdc21x0/share/sdc21x0/cmake/sdc21x0-msg-extras.cmake, /home/zhhm/robogym_ws/devel/share/sdc21x0/cmake/sdc21x0-msg-extras.cmake)
Linked: (/home/zhhm/robogym_ws/devel/.private/sdc21x0/share/sdc21x0/cmake/sdc21x0-msg-paths.cmake, /home/zhhm/robogym_ws/devel/share/sdc21x0/cmake/sdc21x0-msg-paths.cmake)
Linked: (/home/zhhm/robogym_ws/devel/.private/sdc21x0/share/sdc21x0/cmake/sdc21x0Config-version.cmake, /home/zhhm/robogym_ws/devel/share/sdc21x0/cmake/sdc21x0Config-version.cmake)
Linked: (/home/zhhm/robogym_ws/devel/.private/sdc21x0/share/gennodejs/ros/sdc21x0/_index.js, /home/zhhm/robogym_ws/devel/share/gennodejs/ros/sdc21x0/_index.js)
Linked: (/home/zhhm/robogym_ws/devel/.private/sdc21x0/share/gennodejs/ros/sdc21x0/msg/Encoders.js, /home/zhhm/robogym_ws/devel/share/gennodejs/ros/sdc21x0/msg/Encoders.js)
Linked: (/home/zhhm/robogym_ws/devel/.private/sdc21x0/share/gennodejs/ros/sdc21x0/msg/StampedEncoders.js, /home/zhhm/robogym_ws/devel/share/gennodejs/ros/sdc21x0/msg/StampedEncoders.js)
Linked: (/home/zhhm/robogym_ws/devel/.private/sdc21x0/share/gennodejs/ros/sdc21x0/msg/MotorCurrents.js, /home/zhhm/robogym_ws/devel/share/gennodejs/ros/sdc21x0/msg/MotorCurrents.js)
Linked: (/home/zhhm/robogym_ws/devel/.private/sdc21x0/share/gennodejs/ros/sdc21x0/msg/_index.js, /home/zhhm/robogym_ws/devel/share/gennodejs/ros/sdc21x0/msg/_index.js)
Linked: (/home/zhhm/robogym_ws/devel/.private/sdc21x0/share/gennodejs/ros/sdc21x0/srv/Flags.js, /home/zhhm/robogym_ws/devel/share/gennodejs/ros/sdc21x0/srv/Flags.js)
Linked: (/home/zhhm/robogym_ws/devel/.private/sdc21x0/share/gennodejs/ros/sdc21x0/srv/_index.js, /home/zhhm/robogym_ws/devel/share/gennodejs/ros/sdc21x0/srv/_index.js)
Linked: (/home/zhhm/robogym_ws/devel/.private/sdc21x0/share/common-lisp/ros/sdc21x0/msg/_package_MotorCurrents.lisp, /home/zhhm/robogym_ws/devel/share/common-lisp/ros/sdc21x0/msg/_package_MotorCurrents.lisp)
Linked: (/home/zhhm/robogym_ws/devel/.private/sdc21x0/share/common-lisp/ros/sdc21x0/msg/_package_Encoders.lisp, /home/zhhm/robogym_ws/devel/share/common-lisp/ros/sdc21x0/msg/_package_Encoders.lisp)
Linked: (/home/zhhm/robogym_ws/devel/.private/sdc21x0/share/common-lisp/ros/sdc21x0/msg/sdc21x0-msg.asd, /home/zhhm/robogym_ws/devel/share/common-lisp/ros/sdc21x0/msg/sdc21x0-msg.asd)
Linked: (/home/zhhm/robogym_ws/devel/.private/sdc21x0/share/common-lisp/ros/sdc21x0/msg/_package.lisp, /home/zhhm/robogym_ws/devel/share/common-lisp/ros/sdc21x0/msg/_package.lisp)
Linked: (/home/zhhm/robogym_ws/devel/.private/sdc21x0/share/common-lisp/ros/sdc21x0/msg/_package_StampedEncoders.lisp, /home/zhhm/robogym_ws/devel/share/common-lisp/ros/sdc21x0/msg/_package_StampedEncoders.lisp)
Linked: (/home/zhhm/robogym_ws/devel/.private/sdc21x0/share/common-lisp/ros/sdc21x0/msg/MotorCurrents.lisp, /home/zhhm/robogym_ws/devel/share/common-lisp/ros/sdc21x0/msg/MotorCurrents.lisp)
Linked: (/home/zhhm/robogym_ws/devel/.private/sdc21x0/share/common-lisp/ros/sdc21x0/msg/StampedEncoders.lisp, /home/zhhm/robogym_ws/devel/share/common-lisp/ros/sdc21x0/msg/StampedEncoders.lisp)
Linked: (/home/zhhm/robogym_ws/devel/.private/sdc21x0/share/common-lisp/ros/sdc21x0/msg/Encoders.lisp, /home/zhhm/robogym_ws/devel/share/common-lisp/ros/sdc21x0/msg/Encoders.lisp)
Linked: (/home/zhhm/robogym_ws/devel/.private/sdc21x0/share/common-lisp/ros/sdc21x0/srv/Flags.lisp, /home/zhhm/robogym_ws/devel/share/common-lisp/ros/sdc21x0/srv/Flags.lisp)
Linked: (/home/zhhm/robogym_ws/devel/.private/sdc21x0/share/common-lisp/ros/sdc21x0/srv/_package_Flags.lisp, /home/zhhm/robogym_ws/devel/share/common-lisp/ros/sdc21x0/srv/_package_Flags.lisp)
Linked: (/home/zhhm/robogym_ws/devel/.private/sdc21x0/share/common-lisp/ros/sdc21x0/srv/_package.lisp, /home/zhhm/robogym_ws/devel/share/common-lisp/ros/sdc21x0/srv/_package.lisp)
Linked: (/home/zhhm/robogym_ws/devel/.private/sdc21x0/share/common-lisp/ros/sdc21x0/srv/sdc21x0-srv.asd, /home/zhhm/robogym_ws/devel/share/common-lisp/ros/sdc21x0/srv/sdc21x0-srv.asd)
Linked: (/home/zhhm/robogym_ws/devel/.private/sdc21x0/share/roseus/ros/sdc21x0/manifest.l, /home/zhhm/robogym_ws/devel/share/roseus/ros/sdc21x0/manifest.l)
Linked: (/home/zhhm/robogym_ws/devel/.private/sdc21x0/share/roseus/ros/sdc21x0/msg/StampedEncoders.l, /home/zhhm/robogym_ws/devel/share/roseus/ros/sdc21x0/msg/StampedEncoders.l)
Linked: (/home/zhhm/robogym_ws/devel/.private/sdc21x0/share/roseus/ros/sdc21x0/msg/Encoders.l, /home/zhhm/robogym_ws/devel/share/roseus/ros/sdc21x0/msg/Encoders.l)
Linked: (/home/zhhm/robogym_ws/devel/.private/sdc21x0/share/roseus/ros/sdc21x0/msg/MotorCurrents.l, /home/zhhm/robogym_ws/devel/share/roseus/ros/sdc21x0/msg/MotorCurrents.l)
Linked: (/home/zhhm/robogym_ws/devel/.private/sdc21x0/share/roseus/ros/sdc21x0/srv/Flags.l, /home/zhhm/robogym_ws/devel/share/roseus/ros/sdc21x0/srv/Flags.l)
Linked: (/home/zhhm/robogym_ws/devel/.private/sdc21x0/include/sdc21x0/Flags.h, /home/zhhm/robogym_ws/devel/include/sdc21x0/Flags.h)
Linked: (/home/zhhm/robogym_ws/devel/.private/sdc21x0/include/sdc21x0/MotorCurrents.h, /home/zhhm/robogym_ws/devel/include/sdc21x0/MotorCurrents.h)
Linked: (/home/zhhm/robogym_ws/devel/.private/sdc21x0/include/sdc21x0/Encoders.h, /home/zhhm/robogym_ws/devel/include/sdc21x0/Encoders.h)
Linked: (/home/zhhm/robogym_ws/devel/.private/sdc21x0/include/sdc21x0/FlagsRequest.h, /home/zhhm/robogym_ws/devel/include/sdc21x0/FlagsRequest.h)
Linked: (/home/zhhm/robogym_ws/devel/.private/sdc21x0/include/sdc21x0/FlagsResponse.h, /home/zhhm/robogym_ws/devel/include/sdc21x0/FlagsResponse.h)
Linked: (/home/zhhm/robogym_ws/devel/.private/sdc21x0/include/sdc21x0/StampedEncoders.h, /home/zhhm/robogym_ws/devel/include/sdc21x0/StampedEncoders.h)
Linked: (/home/zhhm/robogym_ws/devel/.private/sdc21x0/lib/pkgconfig/sdc21x0.pc, /home/zhhm/robogym_ws/devel/lib/pkgconfig/sdc21x0.pc)
Linked: (/home/zhhm/robogym_ws/devel/.private/sdc21x0/lib/python2.7/dist-packages/sdc21x0/__init__.py, /home/zhhm/robogym_ws/devel/lib/python2.7/dist-packages/sdc21x0/__init__.py)
Linked: (/home/zhhm/robogym_ws/devel/.private/sdc21x0/lib/python2.7/dist-packages/sdc21x0/msg/_MotorCurrents.py, /home/zhhm/robogym_ws/devel/lib/python2.7/dist-packages/sdc21x0/msg/_MotorCurrents.py)
Linked: (/home/zhhm/robogym_ws/devel/.private/sdc21x0/lib/python2.7/dist-packages/sdc21x0/msg/__init__.py, /home/zhhm/robogym_ws/devel/lib/python2.7/dist-packages/sdc21x0/msg/__init__.py)
Linked: (/home/zhhm/robogym_ws/devel/.private/sdc21x0/lib/python2.7/dist-packages/sdc21x0/msg/_StampedEncoders.py, /home/zhhm/robogym_ws/devel/lib/python2.7/dist-packages/sdc21x0/msg/_StampedEncoders.py)
Linked: (/home/zhhm/robogym_ws/devel/.private/sdc21x0/lib/python2.7/dist-packages/sdc21x0/msg/_Encoders.py, /home/zhhm/robogym_ws/devel/lib/python2.7/dist-packages/sdc21x0/msg/_Encoders.py)
Linked: (/home/zhhm/robogym_ws/devel/.private/sdc21x0/lib/python2.7/dist-packages/sdc21x0/srv/__init__.py, /home/zhhm/robogym_ws/devel/lib/python2.7/dist-packages/sdc21x0/srv/__init__.py)
Linked: (/home/zhhm/robogym_ws/devel/.private/sdc21x0/lib/python2.7/dist-packages/sdc21x0/srv/_Flags.py, /home/zhhm/robogym_ws/devel/lib/python2.7/dist-packages/sdc21x0/srv/_Flags.py)
