Symlinking /home/zhhm/robogym_ws/devel/share/sdc21x0/cmake/sdc21x0Config.cmake
Symlinking /home/zhhm/robogym_ws/devel/share/sdc21x0/cmake/sdc21x0-msg-extras.cmake
Symlinking /home/zhhm/robogym_ws/devel/share/sdc21x0/cmake/sdc21x0-msg-paths.cmake
Symlinking /home/zhhm/robogym_ws/devel/share/sdc21x0/cmake/sdc21x0Config-version.cmake
Symlinking /home/zhhm/robogym_ws/devel/share/gennodejs/ros/sdc21x0/_index.js
Symlinking /home/zhhm/robogym_ws/devel/share/gennodejs/ros/sdc21x0/msg/Encoders.js
Symlinking /home/zhhm/robogym_ws/devel/share/gennodejs/ros/sdc21x0/msg/StampedEncoders.js
Symlinking /home/zhhm/robogym_ws/devel/share/gennodejs/ros/sdc21x0/msg/MotorCurrents.js
Symlinking /home/zhhm/robogym_ws/devel/share/gennodejs/ros/sdc21x0/msg/_index.js
Symlinking /home/zhhm/robogym_ws/devel/share/gennodejs/ros/sdc21x0/srv/Flags.js
Symlinking /home/zhhm/robogym_ws/devel/share/gennodejs/ros/sdc21x0/srv/_index.js
Symlinking /home/zhhm/robogym_ws/devel/share/common-lisp/ros/sdc21x0/msg/_package_MotorCurrents.lisp
Symlinking /home/zhhm/robogym_ws/devel/share/common-lisp/ros/sdc21x0/msg/_package_Encoders.lisp
Symlinking /home/zhhm/robogym_ws/devel/share/common-lisp/ros/sdc21x0/msg/sdc21x0-msg.asd
Symlinking /home/zhhm/robogym_ws/devel/share/common-lisp/ros/sdc21x0/msg/_package.lisp
Symlinking /home/zhhm/robogym_ws/devel/share/common-lisp/ros/sdc21x0/msg/_package_StampedEncoders.lisp
Symlinking /home/zhhm/robogym_ws/devel/share/common-lisp/ros/sdc21x0/msg/MotorCurrents.lisp
Symlinking /home/zhhm/robogym_ws/devel/share/common-lisp/ros/sdc21x0/msg/StampedEncoders.lisp
Symlinking /home/zhhm/robogym_ws/devel/share/common-lisp/ros/sdc21x0/msg/Encoders.lisp
Symlinking /home/zhhm/robogym_ws/devel/share/common-lisp/ros/sdc21x0/srv/Flags.lisp
Symlinking /home/zhhm/robogym_ws/devel/share/common-lisp/ros/sdc21x0/srv/_package_Flags.lisp
Symlinking /home/zhhm/robogym_ws/devel/share/common-lisp/ros/sdc21x0/srv/_package.lisp
Symlinking /home/zhhm/robogym_ws/devel/share/common-lisp/ros/sdc21x0/srv/sdc21x0-srv.asd
Symlinking /home/zhhm/robogym_ws/devel/share/roseus/ros/sdc21x0/manifest.l
Symlinking /home/zhhm/robogym_ws/devel/share/roseus/ros/sdc21x0/msg/StampedEncoders.l
Symlinking /home/zhhm/robogym_ws/devel/share/roseus/ros/sdc21x0/msg/Encoders.l
Symlinking /home/zhhm/robogym_ws/devel/share/roseus/ros/sdc21x0/msg/MotorCurrents.l
Symlinking /home/zhhm/robogym_ws/devel/share/roseus/ros/sdc21x0/srv/Flags.l
Symlinking /home/zhhm/robogym_ws/devel/include/sdc21x0/Flags.h
Symlinking /home/zhhm/robogym_ws/devel/include/sdc21x0/MotorCurrents.h
Symlinking /home/zhhm/robogym_ws/devel/include/sdc21x0/Encoders.h
Symlinking /home/zhhm/robogym_ws/devel/include/sdc21x0/FlagsRequest.h
Symlinking /home/zhhm/robogym_ws/devel/include/sdc21x0/FlagsResponse.h
Symlinking /home/zhhm/robogym_ws/devel/include/sdc21x0/StampedEncoders.h
Symlinking /home/zhhm/robogym_ws/devel/lib/pkgconfig/sdc21x0.pc
Symlinking /home/zhhm/robogym_ws/devel/lib/python2.7/dist-packages/sdc21x0/__init__.py
Symlinking /home/zhhm/robogym_ws/devel/lib/python2.7/dist-packages/sdc21x0/msg/_MotorCurrents.py
Symlinking /home/zhhm/robogym_ws/devel/lib/python2.7/dist-packages/sdc21x0/msg/__init__.py
Symlinking /home/zhhm/robogym_ws/devel/lib/python2.7/dist-packages/sdc21x0/msg/_StampedEncoders.py
Symlinking /home/zhhm/robogym_ws/devel/lib/python2.7/dist-packages/sdc21x0/msg/_Encoders.py
Symlinking /home/zhhm/robogym_ws/devel/lib/python2.7/dist-packages/sdc21x0/srv/__init__.py
Symlinking /home/zhhm/robogym_ws/devel/lib/python2.7/dist-packages/sdc21x0/srv/_Flags.py
