Determining if the pthread_create exist failed with the following output:
Change Dir: /home/zhhm/robogym_ws/build/moveit_planners_ompl/CMakeFiles/CMakeTmp

Run Build Command:"/usr/bin/make" "cmTC_abd24/fast"
/usr/bin/make -f CMakeFiles/cmTC_abd24.dir/build.make CMakeFiles/cmTC_abd24.dir/build
make[1]: Entering directory '/home/zhhm/robogym_ws/build/moveit_planners_ompl/CMakeFiles/CMakeTmp'
Building C object CMakeFiles/cmTC_abd24.dir/CheckSymbolExists.c.o
/usr/bin/cc    -o CMakeFiles/cmTC_abd24.dir/CheckSymbolExists.c.o   -c /home/zhhm/robogym_ws/build/moveit_planners_ompl/CMakeFiles/CMakeTmp/CheckSymbolExists.c
Linking C executable cmTC_abd24
/usr/bin/cmake -E cmake_link_script CMakeFiles/cmTC_abd24.dir/link.txt --verbose=1
/usr/bin/cc      -rdynamic CMakeFiles/cmTC_abd24.dir/CheckSymbolExists.c.o  -o cmTC_abd24 
CMakeFiles/cmTC_abd24.dir/CheckSymbolExists.c.o: In function `main':
CheckSymbolExists.c:(.text+0x1b): undefined reference to `pthread_create'
collect2: error: ld returned 1 exit status
CMakeFiles/cmTC_abd24.dir/build.make:97: recipe for target 'cmTC_abd24' failed
make[1]: *** [cmTC_abd24] Error 1
make[1]: Leaving directory '/home/zhhm/robogym_ws/build/moveit_planners_ompl/CMakeFiles/CMakeTmp'
Makefile:126: recipe for target 'cmTC_abd24/fast' failed
make: *** [cmTC_abd24/fast] Error 2

File /home/zhhm/robogym_ws/build/moveit_planners_ompl/CMakeFiles/CMakeTmp/CheckSymbolExists.c:
/* */
#include <pthread.h>

int main(int argc, char** argv)
{
  (void)argv;
#ifndef pthread_create
  return ((int*)(&pthread_create))[argc];
#else
  (void)argc;
  return 0;
#endif
}

Determining if the function pthread_create exists in the pthreads failed with the following output:
Change Dir: /home/zhhm/robogym_ws/build/moveit_planners_ompl/CMakeFiles/CMakeTmp

Run Build Command:"/usr/bin/make" "cmTC_c58da/fast"
/usr/bin/make -f CMakeFiles/cmTC_c58da.dir/build.make CMakeFiles/cmTC_c58da.dir/build
make[1]: Entering directory '/home/zhhm/robogym_ws/build/moveit_planners_ompl/CMakeFiles/CMakeTmp'
Building C object CMakeFiles/cmTC_c58da.dir/CheckFunctionExists.c.o
/usr/bin/cc   -DCHECK_FUNCTION_EXISTS=pthread_create   -o CMakeFiles/cmTC_c58da.dir/CheckFunctionExists.c.o   -c /usr/share/cmake-3.10/Modules/CheckFunctionExists.c
Linking C executable cmTC_c58da
/usr/bin/cmake -E cmake_link_script CMakeFiles/cmTC_c58da.dir/link.txt --verbose=1
/usr/bin/cc  -DCHECK_FUNCTION_EXISTS=pthread_create    -rdynamic CMakeFiles/cmTC_c58da.dir/CheckFunctionExists.c.o  -o cmTC_c58da -lpthreads 
/usr/bin/ld: cannot find -lpthreads
collect2: error: ld returned 1 exit status
CMakeFiles/cmTC_c58da.dir/build.make:97: recipe for target 'cmTC_c58da' failed
make[1]: *** [cmTC_c58da] Error 1
make[1]: Leaving directory '/home/zhhm/robogym_ws/build/moveit_planners_ompl/CMakeFiles/CMakeTmp'
Makefile:126: recipe for target 'cmTC_c58da/fast' failed
make: *** [cmTC_c58da/fast] Error 2


