Determining if the pthread_create exist failed with the following output:
Change Dir: /home/zhhm/robogym_ws/build/mir_gazebo/CMakeFiles/CMakeTmp

Run Build Command:"/usr/bin/make" "cmTC_f9fab/fast"
/usr/bin/make -f CMakeFiles/cmTC_f9fab.dir/build.make CMakeFiles/cmTC_f9fab.dir/build
make[1]: Entering directory '/home/zhhm/robogym_ws/build/mir_gazebo/CMakeFiles/CMakeTmp'
Building C object CMakeFiles/cmTC_f9fab.dir/CheckSymbolExists.c.o
/usr/bin/cc    -o CMakeFiles/cmTC_f9fab.dir/CheckSymbolExists.c.o   -c /home/zhhm/robogym_ws/build/mir_gazebo/CMakeFiles/CMakeTmp/CheckSymbolExists.c
Linking C executable cmTC_f9fab
/usr/bin/cmake -E cmake_link_script CMakeFiles/cmTC_f9fab.dir/link.txt --verbose=1
/usr/bin/cc      -rdynamic CMakeFiles/cmTC_f9fab.dir/CheckSymbolExists.c.o  -o cmTC_f9fab 
CMakeFiles/cmTC_f9fab.dir/CheckSymbolExists.c.o: In function `main':
CheckSymbolExists.c:(.text+0x1b): undefined reference to `pthread_create'
collect2: error: ld returned 1 exit status
CMakeFiles/cmTC_f9fab.dir/build.make:97: recipe for target 'cmTC_f9fab' failed
make[1]: *** [cmTC_f9fab] Error 1
make[1]: Leaving directory '/home/zhhm/robogym_ws/build/mir_gazebo/CMakeFiles/CMakeTmp'
Makefile:126: recipe for target 'cmTC_f9fab/fast' failed
make: *** [cmTC_f9fab/fast] Error 2

File /home/zhhm/robogym_ws/build/mir_gazebo/CMakeFiles/CMakeTmp/CheckSymbolExists.c:
/* */
#include <pthread.h>

int main(int argc, char** argv)
{
  (void)argv;
#ifndef pthread_create
  return ((int*)(&pthread_create))[argc];
#else
  (void)argc;
  return 0;
#endif
}

Determining if the function pthread_create exists in the pthreads failed with the following output:
Change Dir: /home/zhhm/robogym_ws/build/mir_gazebo/CMakeFiles/CMakeTmp

Run Build Command:"/usr/bin/make" "cmTC_aae8b/fast"
/usr/bin/make -f CMakeFiles/cmTC_aae8b.dir/build.make CMakeFiles/cmTC_aae8b.dir/build
make[1]: Entering directory '/home/zhhm/robogym_ws/build/mir_gazebo/CMakeFiles/CMakeTmp'
Building C object CMakeFiles/cmTC_aae8b.dir/CheckFunctionExists.c.o
/usr/bin/cc   -DCHECK_FUNCTION_EXISTS=pthread_create   -o CMakeFiles/cmTC_aae8b.dir/CheckFunctionExists.c.o   -c /usr/share/cmake-3.10/Modules/CheckFunctionExists.c
Linking C executable cmTC_aae8b
/usr/bin/cmake -E cmake_link_script CMakeFiles/cmTC_aae8b.dir/link.txt --verbose=1
/usr/bin/cc  -DCHECK_FUNCTION_EXISTS=pthread_create    -rdynamic CMakeFiles/cmTC_aae8b.dir/CheckFunctionExists.c.o  -o cmTC_aae8b -lpthreads 
/usr/bin/ld: cannot find -lpthreads
collect2: error: ld returned 1 exit status
CMakeFiles/cmTC_aae8b.dir/build.make:97: recipe for target 'cmTC_aae8b' failed
make[1]: *** [cmTC_aae8b] Error 1
make[1]: Leaving directory '/home/zhhm/robogym_ws/build/mir_gazebo/CMakeFiles/CMakeTmp'
Makefile:126: recipe for target 'cmTC_aae8b/fast' failed
make: *** [cmTC_aae8b/fast] Error 2


