[35m[1mScanning dependencies of target geometry_msgs_generate_messages_nodejs[0m
[  0%] Built target geometry_msgs_generate_messages_nodejs
[35m[1mScanning dependencies of target _mir_actions_generate_messages_check_deps_RelativeMoveActionGoal[0m
[  0%] Built target _mir_actions_generate_messages_check_deps_RelativeMoveActionGoal
[35m[1mScanning dependencies of target _mir_actions_generate_messages_check_deps_RelativeMoveResult[0m
[  0%] Built target _mir_actions_generate_messages_check_deps_RelativeMoveResult
[35m[1mScanning dependencies of target _mir_actions_generate_messages_check_deps_MirMoveBaseAction[0m
[  0%] Built target _mir_actions_generate_messages_check_deps_MirMoveBaseAction
[35m[1mScanning dependencies of target _mir_actions_generate_messages_check_deps_RelativeMoveActionFeedback[0m
[  0%] Built target _mir_actions_generate_messages_check_deps_RelativeMoveActionFeedback
[35m[1mScanning dependencies of target _mir_actions_generate_messages_check_deps_MirMoveBaseResult[0m
[  0%] Built target _mir_actions_generate_messages_check_deps_MirMoveBaseResult
[35m[1mScanning dependencies of target _mir_actions_generate_messages_check_deps_MirMoveBaseActionGoal[0m
[  0%] Built target _mir_actions_generate_messages_check_deps_MirMoveBaseActionGoal
[35m[1mScanning dependencies of target _mir_actions_generate_messages_check_deps_MirMoveBaseFeedback[0m
[  0%] Built target _mir_actions_generate_messages_check_deps_MirMoveBaseFeedback
[35m[1mScanning dependencies of target _mir_actions_generate_messages_check_deps_MirMoveBaseActionFeedback[0m
[  0%] Built target _mir_actions_generate_messages_check_deps_MirMoveBaseActionFeedback
[35m[1mScanning dependencies of target _mir_actions_generate_messages_check_deps_MirMoveBaseGoal[0m
[  0%] Built target _mir_actions_generate_messages_check_deps_MirMoveBaseGoal
[35m[1mScanning dependencies of target _mir_actions_generate_messages_check_deps_RelativeMoveAction[0m
[  0%] Built target _mir_actions_generate_messages_check_deps_RelativeMoveAction
[35m[1mScanning dependencies of target nav_msgs_generate_messages_nodejs[0m
[  0%] Built target nav_msgs_generate_messages_nodejs
[35m[1mScanning dependencies of target _mir_actions_generate_messages_check_deps_RelativeMoveGoal[0m
[  0%] Built target _mir_actions_generate_messages_check_deps_RelativeMoveGoal
[35m[1mScanning dependencies of target _mir_actions_generate_messages_check_deps_RelativeMoveFeedback[0m
[  0%] Built target _mir_actions_generate_messages_check_deps_RelativeMoveFeedback
[35m[1mScanning dependencies of target _mir_actions_generate_messages_check_deps_MirMoveBaseActionResult[0m
[  0%] Built target _mir_actions_generate_messages_check_deps_MirMoveBaseActionResult
[35m[1mScanning dependencies of target _mir_actions_generate_messages_check_deps_RelativeMoveActionResult[0m
[  0%] Built target _mir_actions_generate_messages_check_deps_RelativeMoveActionResult
[35m[1mScanning dependencies of target geometry_msgs_generate_messages_lisp[0m
[  0%] Built target geometry_msgs_generate_messages_lisp
[35m[1mScanning dependencies of target nav_msgs_generate_messages_lisp[0m
[  0%] Built target nav_msgs_generate_messages_lisp
[35m[1mScanning dependencies of target geometry_msgs_generate_messages_eus[0m
[  0%] Built target geometry_msgs_generate_messages_eus
[35m[1mScanning dependencies of target nav_msgs_generate_messages_eus[0m
[  0%] Built target nav_msgs_generate_messages_eus
[35m[1mScanning dependencies of target geometry_msgs_generate_messages_cpp[0m
[  0%] Built target geometry_msgs_generate_messages_cpp
[35m[1mScanning dependencies of target nav_msgs_generate_messages_cpp[0m
[  0%] Built target nav_msgs_generate_messages_cpp
[35m[1mScanning dependencies of target geometry_msgs_generate_messages_py[0m
[  0%] Built target geometry_msgs_generate_messages_py
[35m[1mScanning dependencies of target nav_msgs_generate_messages_py[0m
[  0%] Built target nav_msgs_generate_messages_py
[35m[1mScanning dependencies of target mir_actions_generate_messages_nodejs[0m
[  1%] [34m[1mGenerating Javascript code from mir_actions/RelativeMoveAction.msg[0m
[  2%] [34m[1mGenerating Javascript code from mir_actions/MirMoveBaseGoal.msg[0m
[  4%] [34m[1mGenerating Javascript code from mir_actions/RelativeMoveActionFeedback.msg[0m
[  5%] [34m[1mGenerating Javascript code from mir_actions/MirMoveBaseActionFeedback.msg[0m
[  6%] [34m[1mGenerating Javascript code from mir_actions/MirMoveBaseFeedback.msg[0m
[  8%] [34m[1mGenerating Javascript code from mir_actions/RelativeMoveResult.msg[0m
[  9%] [34m[1mGenerating Javascript code from mir_actions/MirMoveBaseActionGoal.msg[0m
[ 11%] [34m[1mGenerating Javascript code from mir_actions/RelativeMoveActionResult.msg[0m
[ 12%] [34m[1mGenerating Javascript code from mir_actions/RelativeMoveFeedback.msg[0m
[ 13%] [34m[1mGenerating Javascript code from mir_actions/RelativeMoveActionGoal.msg[0m
[ 15%] [34m[1mGenerating Javascript code from mir_actions/MirMoveBaseAction.msg[0m
[ 16%] [34m[1mGenerating Javascript code from mir_actions/MirMoveBaseActionResult.msg[0m
[ 18%] [34m[1mGenerating Javascript code from mir_actions/RelativeMoveGoal.msg[0m
[ 19%] [34m[1mGenerating Javascript code from mir_actions/MirMoveBaseResult.msg[0m
[ 19%] Built target mir_actions_generate_messages_nodejs
[35m[1mScanning dependencies of target mir_actions_generate_messages_lisp[0m
[ 20%] [34m[1mGenerating Lisp code from mir_actions/RelativeMoveAction.msg[0m
[ 22%] [34m[1mGenerating Lisp code from mir_actions/MirMoveBaseGoal.msg[0m
[ 23%] [34m[1mGenerating Lisp code from mir_actions/RelativeMoveActionFeedback.msg[0m
[ 25%] [34m[1mGenerating Lisp code from mir_actions/MirMoveBaseActionFeedback.msg[0m
[ 26%] [34m[1mGenerating Lisp code from mir_actions/MirMoveBaseFeedback.msg[0m
[ 27%] [34m[1mGenerating Lisp code from mir_actions/RelativeMoveResult.msg[0m
[ 29%] [34m[1mGenerating Lisp code from mir_actions/MirMoveBaseActionGoal.msg[0m
[ 30%] [34m[1mGenerating Lisp code from mir_actions/RelativeMoveActionResult.msg[0m
[ 31%] [34m[1mGenerating Lisp code from mir_actions/RelativeMoveFeedback.msg[0m
[ 33%] [34m[1mGenerating Lisp code from mir_actions/RelativeMoveActionGoal.msg[0m
[ 34%] [34m[1mGenerating Lisp code from mir_actions/MirMoveBaseAction.msg[0m
[ 36%] [34m[1mGenerating Lisp code from mir_actions/MirMoveBaseActionResult.msg[0m
[ 37%] [34m[1mGenerating Lisp code from mir_actions/RelativeMoveGoal.msg[0m
[ 38%] [34m[1mGenerating Lisp code from mir_actions/MirMoveBaseResult.msg[0m
[ 38%] Built target mir_actions_generate_messages_lisp
[35m[1mScanning dependencies of target mir_actions_generate_messages_eus[0m
[ 40%] [34m[1mGenerating EusLisp code from mir_actions/RelativeMoveAction.msg[0m
[ 41%] [34m[1mGenerating EusLisp code from mir_actions/MirMoveBaseGoal.msg[0m
[ 43%] [34m[1mGenerating EusLisp code from mir_actions/RelativeMoveActionFeedback.msg[0m
[ 44%] [34m[1mGenerating EusLisp code from mir_actions/MirMoveBaseActionFeedback.msg[0m
[ 45%] [34m[1mGenerating EusLisp code from mir_actions/MirMoveBaseFeedback.msg[0m
[ 47%] [34m[1mGenerating EusLisp code from mir_actions/RelativeMoveResult.msg[0m
[ 48%] [34m[1mGenerating EusLisp code from mir_actions/MirMoveBaseActionGoal.msg[0m
[ 50%] [34m[1mGenerating EusLisp code from mir_actions/RelativeMoveActionResult.msg[0m
[ 51%] [34m[1mGenerating EusLisp code from mir_actions/RelativeMoveFeedback.msg[0m
[ 52%] [34m[1mGenerating EusLisp code from mir_actions/RelativeMoveActionGoal.msg[0m
[ 54%] [34m[1mGenerating EusLisp code from mir_actions/MirMoveBaseAction.msg[0m
[ 55%] [34m[1mGenerating EusLisp code from mir_actions/MirMoveBaseActionResult.msg[0m
[ 56%] [34m[1mGenerating EusLisp code from mir_actions/RelativeMoveGoal.msg[0m
[ 58%] [34m[1mGenerating EusLisp code from mir_actions/MirMoveBaseResult.msg[0m
[ 59%] [34m[1mGenerating EusLisp manifest code for mir_actions[0m
[ 59%] Built target mir_actions_generate_messages_eus
[35m[1mScanning dependencies of target mir_actions_generate_messages_cpp[0m
[ 61%] [34m[1mGenerating C++ code from mir_actions/RelativeMoveAction.msg[0m
[ 62%] [34m[1mGenerating C++ code from mir_actions/MirMoveBaseGoal.msg[0m
[ 63%] [34m[1mGenerating C++ code from mir_actions/RelativeMoveActionFeedback.msg[0m
[ 65%] [34m[1mGenerating C++ code from mir_actions/MirMoveBaseActionFeedback.msg[0m
[ 66%] [34m[1mGenerating C++ code from mir_actions/MirMoveBaseFeedback.msg[0m
[ 68%] [34m[1mGenerating C++ code from mir_actions/RelativeMoveResult.msg[0m
[ 69%] [34m[1mGenerating C++ code from mir_actions/MirMoveBaseActionGoal.msg[0m
[ 70%] [34m[1mGenerating C++ code from mir_actions/RelativeMoveActionResult.msg[0m
[ 72%] [34m[1mGenerating C++ code from mir_actions/RelativeMoveFeedback.msg[0m
[ 73%] [34m[1mGenerating C++ code from mir_actions/RelativeMoveActionGoal.msg[0m
[ 75%] [34m[1mGenerating C++ code from mir_actions/MirMoveBaseAction.msg[0m
[ 76%] [34m[1mGenerating C++ code from mir_actions/MirMoveBaseActionResult.msg[0m
[ 77%] [34m[1mGenerating C++ code from mir_actions/RelativeMoveGoal.msg[0m
[ 79%] [34m[1mGenerating C++ code from mir_actions/MirMoveBaseResult.msg[0m
[ 79%] Built target mir_actions_generate_messages_cpp
[35m[1mScanning dependencies of target mir_actions_generate_messages_py[0m
[ 80%] [34m[1mGenerating Python from MSG mir_actions/RelativeMoveAction[0m
[ 81%] [34m[1mGenerating Python from MSG mir_actions/MirMoveBaseGoal[0m
[ 83%] [34m[1mGenerating Python from MSG mir_actions/RelativeMoveActionFeedback[0m
[ 84%] [34m[1mGenerating Python from MSG mir_actions/MirMoveBaseActionFeedback[0m
[ 86%] [34m[1mGenerating Python from MSG mir_actions/MirMoveBaseFeedback[0m
[ 87%] [34m[1mGenerating Python from MSG mir_actions/RelativeMoveResult[0m
[ 88%] [34m[1mGenerating Python from MSG mir_actions/MirMoveBaseActionGoal[0m
[ 90%] [34m[1mGenerating Python from MSG mir_actions/RelativeMoveActionResult[0m
[ 91%] [34m[1mGenerating Python from MSG mir_actions/RelativeMoveFeedback[0m
[ 93%] [34m[1mGenerating Python from MSG mir_actions/RelativeMoveActionGoal[0m
[ 94%] [34m[1mGenerating Python from MSG mir_actions/MirMoveBaseAction[0m
[ 95%] [34m[1mGenerating Python from MSG mir_actions/MirMoveBaseActionResult[0m
[ 97%] [34m[1mGenerating Python from MSG mir_actions/RelativeMoveGoal[0m
[ 98%] [34m[1mGenerating Python from MSG mir_actions/MirMoveBaseResult[0m
[100%] [34m[1mGenerating Python msg __init__.py for mir_actions[0m
[100%] Built target mir_actions_generate_messages_py
[35m[1mScanning dependencies of target mir_actions_generate_messages[0m
[100%] Built target mir_actions_generate_messages
