[  0%] Built target geometry_msgs_generate_messages_nodejs
[  0%] Built target _mir_actions_generate_messages_check_deps_RelativeMoveActionGoal
[  0%] Built target _mir_actions_generate_messages_check_deps_RelativeMoveResult
[  0%] Built target _mir_actions_generate_messages_check_deps_MirMoveBaseAction
[  0%] Built target _mir_actions_generate_messages_check_deps_RelativeMoveActionFeedback
[  0%] Built target _mir_actions_generate_messages_check_deps_MirMoveBaseResult
[  0%] Built target _mir_actions_generate_messages_check_deps_MirMoveBaseActionGoal
[  0%] Built target _mir_actions_generate_messages_check_deps_MirMoveBaseFeedback
[  0%] Built target _mir_actions_generate_messages_check_deps_MirMoveBaseActionFeedback
[  0%] Built target _mir_actions_generate_messages_check_deps_MirMoveBaseGoal
[  0%] Built target _mir_actions_generate_messages_check_deps_RelativeMoveAction
[  0%] Built target nav_msgs_generate_messages_nodejs
[  0%] Built target _mir_actions_generate_messages_check_deps_RelativeMoveGoal
[  0%] Built target _mir_actions_generate_messages_check_deps_RelativeMoveFeedback
[  0%] Built target _mir_actions_generate_messages_check_deps_MirMoveBaseActionResult
[  0%] Built target _mir_actions_generate_messages_check_deps_RelativeMoveActionResult
[  0%] Built target geometry_msgs_generate_messages_lisp
[  0%] Built target nav_msgs_generate_messages_lisp
[  0%] Built target geometry_msgs_generate_messages_eus
[  0%] Built target nav_msgs_generate_messages_eus
[  0%] Built target geometry_msgs_generate_messages_cpp
[  0%] Built target nav_msgs_generate_messages_cpp
[  0%] Built target geometry_msgs_generate_messages_py
[  0%] Built target nav_msgs_generate_messages_py
[ 19%] Built target mir_actions_generate_messages_nodejs
[ 38%] Built target mir_actions_generate_messages_lisp
[ 59%] Built target mir_actions_generate_messages_eus
[ 79%] Built target mir_actions_generate_messages_cpp
[100%] Built target mir_actions_generate_messages_py
[100%] Built target mir_actions_generate_messages
