Linked: (/home/zhhm/robogym_ws/devel/.private/mir_actions/share/gennodejs/ros/mir_actions/_index.js, /home/zhhm/robogym_ws/devel/share/gennodejs/ros/mir_actions/_index.js)
Linked: (/home/zhhm/robogym_ws/devel/.private/mir_actions/share/gennodejs/ros/mir_actions/msg/MirMoveBaseResult.js, /home/zhhm/robogym_ws/devel/share/gennodejs/ros/mir_actions/msg/MirMoveBaseResult.js)
Linked: (/home/zhhm/robogym_ws/devel/.private/mir_actions/share/gennodejs/ros/mir_actions/msg/RelativeMoveActionFeedback.js, /home/zhhm/robogym_ws/devel/share/gennodejs/ros/mir_actions/msg/RelativeMoveActionFeedback.js)
Linked: (/home/zhhm/robogym_ws/devel/.private/mir_actions/share/gennodejs/ros/mir_actions/msg/RelativeMoveGoal.js, /home/zhhm/robogym_ws/devel/share/gennodejs/ros/mir_actions/msg/RelativeMoveGoal.js)
Linked: (/home/zhhm/robogym_ws/devel/.private/mir_actions/share/gennodejs/ros/mir_actions/msg/MirMoveBaseActionFeedback.js, /home/zhhm/robogym_ws/devel/share/gennodejs/ros/mir_actions/msg/MirMoveBaseActionFeedback.js)
Linked: (/home/zhhm/robogym_ws/devel/.private/mir_actions/share/gennodejs/ros/mir_actions/msg/MirMoveBaseActionGoal.js, /home/zhhm/robogym_ws/devel/share/gennodejs/ros/mir_actions/msg/MirMoveBaseActionGoal.js)
Linked: (/home/zhhm/robogym_ws/devel/.private/mir_actions/share/gennodejs/ros/mir_actions/msg/MirMoveBaseActionResult.js, /home/zhhm/robogym_ws/devel/share/gennodejs/ros/mir_actions/msg/MirMoveBaseActionResult.js)
Linked: (/home/zhhm/robogym_ws/devel/.private/mir_actions/share/gennodejs/ros/mir_actions/msg/MirMoveBaseGoal.js, /home/zhhm/robogym_ws/devel/share/gennodejs/ros/mir_actions/msg/MirMoveBaseGoal.js)
Linked: (/home/zhhm/robogym_ws/devel/.private/mir_actions/share/gennodejs/ros/mir_actions/msg/MirMoveBaseFeedback.js, /home/zhhm/robogym_ws/devel/share/gennodejs/ros/mir_actions/msg/MirMoveBaseFeedback.js)
Linked: (/home/zhhm/robogym_ws/devel/.private/mir_actions/share/gennodejs/ros/mir_actions/msg/RelativeMoveResult.js, /home/zhhm/robogym_ws/devel/share/gennodejs/ros/mir_actions/msg/RelativeMoveResult.js)
Linked: (/home/zhhm/robogym_ws/devel/.private/mir_actions/share/gennodejs/ros/mir_actions/msg/MirMoveBaseAction.js, /home/zhhm/robogym_ws/devel/share/gennodejs/ros/mir_actions/msg/MirMoveBaseAction.js)
Linked: (/home/zhhm/robogym_ws/devel/.private/mir_actions/share/gennodejs/ros/mir_actions/msg/RelativeMoveActionGoal.js, /home/zhhm/robogym_ws/devel/share/gennodejs/ros/mir_actions/msg/RelativeMoveActionGoal.js)
Linked: (/home/zhhm/robogym_ws/devel/.private/mir_actions/share/gennodejs/ros/mir_actions/msg/_index.js, /home/zhhm/robogym_ws/devel/share/gennodejs/ros/mir_actions/msg/_index.js)
Linked: (/home/zhhm/robogym_ws/devel/.private/mir_actions/share/gennodejs/ros/mir_actions/msg/RelativeMoveActionResult.js, /home/zhhm/robogym_ws/devel/share/gennodejs/ros/mir_actions/msg/RelativeMoveActionResult.js)
Linked: (/home/zhhm/robogym_ws/devel/.private/mir_actions/share/gennodejs/ros/mir_actions/msg/RelativeMoveFeedback.js, /home/zhhm/robogym_ws/devel/share/gennodejs/ros/mir_actions/msg/RelativeMoveFeedback.js)
Linked: (/home/zhhm/robogym_ws/devel/.private/mir_actions/share/gennodejs/ros/mir_actions/msg/RelativeMoveAction.js, /home/zhhm/robogym_ws/devel/share/gennodejs/ros/mir_actions/msg/RelativeMoveAction.js)
Linked: (/home/zhhm/robogym_ws/devel/.private/mir_actions/share/mir_actions/msg/RelativeMoveActionFeedback.msg, /home/zhhm/robogym_ws/devel/share/mir_actions/msg/RelativeMoveActionFeedback.msg)
Linked: (/home/zhhm/robogym_ws/devel/.private/mir_actions/share/mir_actions/msg/MirMoveBaseActionGoal.msg, /home/zhhm/robogym_ws/devel/share/mir_actions/msg/MirMoveBaseActionGoal.msg)
Linked: (/home/zhhm/robogym_ws/devel/.private/mir_actions/share/mir_actions/msg/MirMoveBaseGoal.msg, /home/zhhm/robogym_ws/devel/share/mir_actions/msg/MirMoveBaseGoal.msg)
Linked: (/home/zhhm/robogym_ws/devel/.private/mir_actions/share/mir_actions/msg/RelativeMoveGoal.msg, /home/zhhm/robogym_ws/devel/share/mir_actions/msg/RelativeMoveGoal.msg)
Linked: (/home/zhhm/robogym_ws/devel/.private/mir_actions/share/mir_actions/msg/RelativeMoveAction.msg, /home/zhhm/robogym_ws/devel/share/mir_actions/msg/RelativeMoveAction.msg)
Linked: (/home/zhhm/robogym_ws/devel/.private/mir_actions/share/mir_actions/msg/RelativeMoveActionGoal.msg, /home/zhhm/robogym_ws/devel/share/mir_actions/msg/RelativeMoveActionGoal.msg)
Linked: (/home/zhhm/robogym_ws/devel/.private/mir_actions/share/mir_actions/msg/RelativeMoveFeedback.msg, /home/zhhm/robogym_ws/devel/share/mir_actions/msg/RelativeMoveFeedback.msg)
Linked: (/home/zhhm/robogym_ws/devel/.private/mir_actions/share/mir_actions/msg/MirMoveBaseResult.msg, /home/zhhm/robogym_ws/devel/share/mir_actions/msg/MirMoveBaseResult.msg)
Linked: (/home/zhhm/robogym_ws/devel/.private/mir_actions/share/mir_actions/msg/MirMoveBaseFeedback.msg, /home/zhhm/robogym_ws/devel/share/mir_actions/msg/MirMoveBaseFeedback.msg)
Linked: (/home/zhhm/robogym_ws/devel/.private/mir_actions/share/mir_actions/msg/RelativeMoveResult.msg, /home/zhhm/robogym_ws/devel/share/mir_actions/msg/RelativeMoveResult.msg)
Linked: (/home/zhhm/robogym_ws/devel/.private/mir_actions/share/mir_actions/msg/MirMoveBaseAction.msg, /home/zhhm/robogym_ws/devel/share/mir_actions/msg/MirMoveBaseAction.msg)
Linked: (/home/zhhm/robogym_ws/devel/.private/mir_actions/share/mir_actions/msg/RelativeMoveActionResult.msg, /home/zhhm/robogym_ws/devel/share/mir_actions/msg/RelativeMoveActionResult.msg)
Linked: (/home/zhhm/robogym_ws/devel/.private/mir_actions/share/mir_actions/msg/MirMoveBaseActionFeedback.msg, /home/zhhm/robogym_ws/devel/share/mir_actions/msg/MirMoveBaseActionFeedback.msg)
Linked: (/home/zhhm/robogym_ws/devel/.private/mir_actions/share/mir_actions/msg/MirMoveBaseActionResult.msg, /home/zhhm/robogym_ws/devel/share/mir_actions/msg/MirMoveBaseActionResult.msg)
Linked: (/home/zhhm/robogym_ws/devel/.private/mir_actions/share/mir_actions/cmake/mir_actions-msg-paths.cmake, /home/zhhm/robogym_ws/devel/share/mir_actions/cmake/mir_actions-msg-paths.cmake)
Linked: (/home/zhhm/robogym_ws/devel/.private/mir_actions/share/mir_actions/cmake/mir_actions-msg-extras.cmake, /home/zhhm/robogym_ws/devel/share/mir_actions/cmake/mir_actions-msg-extras.cmake)
Linked: (/home/zhhm/robogym_ws/devel/.private/mir_actions/share/mir_actions/cmake/mir_actionsConfig-version.cmake, /home/zhhm/robogym_ws/devel/share/mir_actions/cmake/mir_actionsConfig-version.cmake)
Linked: (/home/zhhm/robogym_ws/devel/.private/mir_actions/share/mir_actions/cmake/mir_actionsConfig.cmake, /home/zhhm/robogym_ws/devel/share/mir_actions/cmake/mir_actionsConfig.cmake)
Linked: (/home/zhhm/robogym_ws/devel/.private/mir_actions/share/common-lisp/ros/mir_actions/msg/_package_MirMoveBaseActionFeedback.lisp, /home/zhhm/robogym_ws/devel/share/common-lisp/ros/mir_actions/msg/_package_MirMoveBaseActionFeedback.lisp)
Linked: (/home/zhhm/robogym_ws/devel/.private/mir_actions/share/common-lisp/ros/mir_actions/msg/RelativeMoveActionResult.lisp, /home/zhhm/robogym_ws/devel/share/common-lisp/ros/mir_actions/msg/RelativeMoveActionResult.lisp)
Linked: (/home/zhhm/robogym_ws/devel/.private/mir_actions/share/common-lisp/ros/mir_actions/msg/MirMoveBaseAction.lisp, /home/zhhm/robogym_ws/devel/share/common-lisp/ros/mir_actions/msg/MirMoveBaseAction.lisp)
Linked: (/home/zhhm/robogym_ws/devel/.private/mir_actions/share/common-lisp/ros/mir_actions/msg/_package_RelativeMoveAction.lisp, /home/zhhm/robogym_ws/devel/share/common-lisp/ros/mir_actions/msg/_package_RelativeMoveAction.lisp)
Linked: (/home/zhhm/robogym_ws/devel/.private/mir_actions/share/common-lisp/ros/mir_actions/msg/_package_RelativeMoveActionResult.lisp, /home/zhhm/robogym_ws/devel/share/common-lisp/ros/mir_actions/msg/_package_RelativeMoveActionResult.lisp)
Linked: (/home/zhhm/robogym_ws/devel/.private/mir_actions/share/common-lisp/ros/mir_actions/msg/_package_RelativeMoveFeedback.lisp, /home/zhhm/robogym_ws/devel/share/common-lisp/ros/mir_actions/msg/_package_RelativeMoveFeedback.lisp)
Linked: (/home/zhhm/robogym_ws/devel/.private/mir_actions/share/common-lisp/ros/mir_actions/msg/MirMoveBaseActionFeedback.lisp, /home/zhhm/robogym_ws/devel/share/common-lisp/ros/mir_actions/msg/MirMoveBaseActionFeedback.lisp)
Linked: (/home/zhhm/robogym_ws/devel/.private/mir_actions/share/common-lisp/ros/mir_actions/msg/MirMoveBaseActionResult.lisp, /home/zhhm/robogym_ws/devel/share/common-lisp/ros/mir_actions/msg/MirMoveBaseActionResult.lisp)
Linked: (/home/zhhm/robogym_ws/devel/.private/mir_actions/share/common-lisp/ros/mir_actions/msg/MirMoveBaseActionGoal.lisp, /home/zhhm/robogym_ws/devel/share/common-lisp/ros/mir_actions/msg/MirMoveBaseActionGoal.lisp)
Linked: (/home/zhhm/robogym_ws/devel/.private/mir_actions/share/common-lisp/ros/mir_actions/msg/MirMoveBaseGoal.lisp, /home/zhhm/robogym_ws/devel/share/common-lisp/ros/mir_actions/msg/MirMoveBaseGoal.lisp)
Linked: (/home/zhhm/robogym_ws/devel/.private/mir_actions/share/common-lisp/ros/mir_actions/msg/RelativeMoveGoal.lisp, /home/zhhm/robogym_ws/devel/share/common-lisp/ros/mir_actions/msg/RelativeMoveGoal.lisp)
Linked: (/home/zhhm/robogym_ws/devel/.private/mir_actions/share/common-lisp/ros/mir_actions/msg/_package_RelativeMoveGoal.lisp, /home/zhhm/robogym_ws/devel/share/common-lisp/ros/mir_actions/msg/_package_RelativeMoveGoal.lisp)
Linked: (/home/zhhm/robogym_ws/devel/.private/mir_actions/share/common-lisp/ros/mir_actions/msg/_package_MirMoveBaseActionResult.lisp, /home/zhhm/robogym_ws/devel/share/common-lisp/ros/mir_actions/msg/_package_MirMoveBaseActionResult.lisp)
Linked: (/home/zhhm/robogym_ws/devel/.private/mir_actions/share/common-lisp/ros/mir_actions/msg/_package_RelativeMoveResult.lisp, /home/zhhm/robogym_ws/devel/share/common-lisp/ros/mir_actions/msg/_package_RelativeMoveResult.lisp)
Linked: (/home/zhhm/robogym_ws/devel/.private/mir_actions/share/common-lisp/ros/mir_actions/msg/RelativeMoveActionGoal.lisp, /home/zhhm/robogym_ws/devel/share/common-lisp/ros/mir_actions/msg/RelativeMoveActionGoal.lisp)
Linked: (/home/zhhm/robogym_ws/devel/.private/mir_actions/share/common-lisp/ros/mir_actions/msg/RelativeMoveAction.lisp, /home/zhhm/robogym_ws/devel/share/common-lisp/ros/mir_actions/msg/RelativeMoveAction.lisp)
Linked: (/home/zhhm/robogym_ws/devel/.private/mir_actions/share/common-lisp/ros/mir_actions/msg/_package_MirMoveBaseGoal.lisp, /home/zhhm/robogym_ws/devel/share/common-lisp/ros/mir_actions/msg/_package_MirMoveBaseGoal.lisp)
Linked: (/home/zhhm/robogym_ws/devel/.private/mir_actions/share/common-lisp/ros/mir_actions/msg/_package_MirMoveBaseAction.lisp, /home/zhhm/robogym_ws/devel/share/common-lisp/ros/mir_actions/msg/_package_MirMoveBaseAction.lisp)
Linked: (/home/zhhm/robogym_ws/devel/.private/mir_actions/share/common-lisp/ros/mir_actions/msg/mir_actions-msg.asd, /home/zhhm/robogym_ws/devel/share/common-lisp/ros/mir_actions/msg/mir_actions-msg.asd)
Linked: (/home/zhhm/robogym_ws/devel/.private/mir_actions/share/common-lisp/ros/mir_actions/msg/_package.lisp, /home/zhhm/robogym_ws/devel/share/common-lisp/ros/mir_actions/msg/_package.lisp)
Linked: (/home/zhhm/robogym_ws/devel/.private/mir_actions/share/common-lisp/ros/mir_actions/msg/_package_MirMoveBaseActionGoal.lisp, /home/zhhm/robogym_ws/devel/share/common-lisp/ros/mir_actions/msg/_package_MirMoveBaseActionGoal.lisp)
Linked: (/home/zhhm/robogym_ws/devel/.private/mir_actions/share/common-lisp/ros/mir_actions/msg/_package_RelativeMoveActionGoal.lisp, /home/zhhm/robogym_ws/devel/share/common-lisp/ros/mir_actions/msg/_package_RelativeMoveActionGoal.lisp)
Linked: (/home/zhhm/robogym_ws/devel/.private/mir_actions/share/common-lisp/ros/mir_actions/msg/RelativeMoveFeedback.lisp, /home/zhhm/robogym_ws/devel/share/common-lisp/ros/mir_actions/msg/RelativeMoveFeedback.lisp)
Linked: (/home/zhhm/robogym_ws/devel/.private/mir_actions/share/common-lisp/ros/mir_actions/msg/MirMoveBaseFeedback.lisp, /home/zhhm/robogym_ws/devel/share/common-lisp/ros/mir_actions/msg/MirMoveBaseFeedback.lisp)
Linked: (/home/zhhm/robogym_ws/devel/.private/mir_actions/share/common-lisp/ros/mir_actions/msg/MirMoveBaseResult.lisp, /home/zhhm/robogym_ws/devel/share/common-lisp/ros/mir_actions/msg/MirMoveBaseResult.lisp)
Linked: (/home/zhhm/robogym_ws/devel/.private/mir_actions/share/common-lisp/ros/mir_actions/msg/RelativeMoveActionFeedback.lisp, /home/zhhm/robogym_ws/devel/share/common-lisp/ros/mir_actions/msg/RelativeMoveActionFeedback.lisp)
Linked: (/home/zhhm/robogym_ws/devel/.private/mir_actions/share/common-lisp/ros/mir_actions/msg/RelativeMoveResult.lisp, /home/zhhm/robogym_ws/devel/share/common-lisp/ros/mir_actions/msg/RelativeMoveResult.lisp)
Linked: (/home/zhhm/robogym_ws/devel/.private/mir_actions/share/common-lisp/ros/mir_actions/msg/_package_MirMoveBaseFeedback.lisp, /home/zhhm/robogym_ws/devel/share/common-lisp/ros/mir_actions/msg/_package_MirMoveBaseFeedback.lisp)
Linked: (/home/zhhm/robogym_ws/devel/.private/mir_actions/share/common-lisp/ros/mir_actions/msg/_package_RelativeMoveActionFeedback.lisp, /home/zhhm/robogym_ws/devel/share/common-lisp/ros/mir_actions/msg/_package_RelativeMoveActionFeedback.lisp)
Linked: (/home/zhhm/robogym_ws/devel/.private/mir_actions/share/common-lisp/ros/mir_actions/msg/_package_MirMoveBaseResult.lisp, /home/zhhm/robogym_ws/devel/share/common-lisp/ros/mir_actions/msg/_package_MirMoveBaseResult.lisp)
Linked: (/home/zhhm/robogym_ws/devel/.private/mir_actions/share/roseus/ros/mir_actions/manifest.l, /home/zhhm/robogym_ws/devel/share/roseus/ros/mir_actions/manifest.l)
Linked: (/home/zhhm/robogym_ws/devel/.private/mir_actions/share/roseus/ros/mir_actions/msg/RelativeMoveActionGoal.l, /home/zhhm/robogym_ws/devel/share/roseus/ros/mir_actions/msg/RelativeMoveActionGoal.l)
Linked: (/home/zhhm/robogym_ws/devel/.private/mir_actions/share/roseus/ros/mir_actions/msg/RelativeMoveGoal.l, /home/zhhm/robogym_ws/devel/share/roseus/ros/mir_actions/msg/RelativeMoveGoal.l)
Linked: (/home/zhhm/robogym_ws/devel/.private/mir_actions/share/roseus/ros/mir_actions/msg/RelativeMoveResult.l, /home/zhhm/robogym_ws/devel/share/roseus/ros/mir_actions/msg/RelativeMoveResult.l)
Linked: (/home/zhhm/robogym_ws/devel/.private/mir_actions/share/roseus/ros/mir_actions/msg/MirMoveBaseAction.l, /home/zhhm/robogym_ws/devel/share/roseus/ros/mir_actions/msg/MirMoveBaseAction.l)
Linked: (/home/zhhm/robogym_ws/devel/.private/mir_actions/share/roseus/ros/mir_actions/msg/MirMoveBaseActionFeedback.l, /home/zhhm/robogym_ws/devel/share/roseus/ros/mir_actions/msg/MirMoveBaseActionFeedback.l)
Linked: (/home/zhhm/robogym_ws/devel/.private/mir_actions/share/roseus/ros/mir_actions/msg/MirMoveBaseActionResult.l, /home/zhhm/robogym_ws/devel/share/roseus/ros/mir_actions/msg/MirMoveBaseActionResult.l)
Linked: (/home/zhhm/robogym_ws/devel/.private/mir_actions/share/roseus/ros/mir_actions/msg/MirMoveBaseResult.l, /home/zhhm/robogym_ws/devel/share/roseus/ros/mir_actions/msg/MirMoveBaseResult.l)
Linked: (/home/zhhm/robogym_ws/devel/.private/mir_actions/share/roseus/ros/mir_actions/msg/MirMoveBaseGoal.l, /home/zhhm/robogym_ws/devel/share/roseus/ros/mir_actions/msg/MirMoveBaseGoal.l)
Linked: (/home/zhhm/robogym_ws/devel/.private/mir_actions/share/roseus/ros/mir_actions/msg/MirMoveBaseActionGoal.l, /home/zhhm/robogym_ws/devel/share/roseus/ros/mir_actions/msg/MirMoveBaseActionGoal.l)
Linked: (/home/zhhm/robogym_ws/devel/.private/mir_actions/share/roseus/ros/mir_actions/msg/RelativeMoveActionFeedback.l, /home/zhhm/robogym_ws/devel/share/roseus/ros/mir_actions/msg/RelativeMoveActionFeedback.l)
Linked: (/home/zhhm/robogym_ws/devel/.private/mir_actions/share/roseus/ros/mir_actions/msg/RelativeMoveFeedback.l, /home/zhhm/robogym_ws/devel/share/roseus/ros/mir_actions/msg/RelativeMoveFeedback.l)
Linked: (/home/zhhm/robogym_ws/devel/.private/mir_actions/share/roseus/ros/mir_actions/msg/RelativeMoveActionResult.l, /home/zhhm/robogym_ws/devel/share/roseus/ros/mir_actions/msg/RelativeMoveActionResult.l)
Linked: (/home/zhhm/robogym_ws/devel/.private/mir_actions/share/roseus/ros/mir_actions/msg/RelativeMoveAction.l, /home/zhhm/robogym_ws/devel/share/roseus/ros/mir_actions/msg/RelativeMoveAction.l)
Linked: (/home/zhhm/robogym_ws/devel/.private/mir_actions/share/roseus/ros/mir_actions/msg/MirMoveBaseFeedback.l, /home/zhhm/robogym_ws/devel/share/roseus/ros/mir_actions/msg/MirMoveBaseFeedback.l)
Linked: (/home/zhhm/robogym_ws/devel/.private/mir_actions/include/mir_actions/RelativeMoveActionFeedback.h, /home/zhhm/robogym_ws/devel/include/mir_actions/RelativeMoveActionFeedback.h)
Linked: (/home/zhhm/robogym_ws/devel/.private/mir_actions/include/mir_actions/MirMoveBaseResult.h, /home/zhhm/robogym_ws/devel/include/mir_actions/MirMoveBaseResult.h)
Linked: (/home/zhhm/robogym_ws/devel/.private/mir_actions/include/mir_actions/MirMoveBaseAction.h, /home/zhhm/robogym_ws/devel/include/mir_actions/MirMoveBaseAction.h)
Linked: (/home/zhhm/robogym_ws/devel/.private/mir_actions/include/mir_actions/RelativeMoveGoal.h, /home/zhhm/robogym_ws/devel/include/mir_actions/RelativeMoveGoal.h)
Linked: (/home/zhhm/robogym_ws/devel/.private/mir_actions/include/mir_actions/MirMoveBaseFeedback.h, /home/zhhm/robogym_ws/devel/include/mir_actions/MirMoveBaseFeedback.h)
Linked: (/home/zhhm/robogym_ws/devel/.private/mir_actions/include/mir_actions/MirMoveBaseActionGoal.h, /home/zhhm/robogym_ws/devel/include/mir_actions/MirMoveBaseActionGoal.h)
Linked: (/home/zhhm/robogym_ws/devel/.private/mir_actions/include/mir_actions/RelativeMoveFeedback.h, /home/zhhm/robogym_ws/devel/include/mir_actions/RelativeMoveFeedback.h)
Linked: (/home/zhhm/robogym_ws/devel/.private/mir_actions/include/mir_actions/MirMoveBaseActionResult.h, /home/zhhm/robogym_ws/devel/include/mir_actions/MirMoveBaseActionResult.h)
Linked: (/home/zhhm/robogym_ws/devel/.private/mir_actions/include/mir_actions/RelativeMoveActionResult.h, /home/zhhm/robogym_ws/devel/include/mir_actions/RelativeMoveActionResult.h)
Linked: (/home/zhhm/robogym_ws/devel/.private/mir_actions/include/mir_actions/RelativeMoveActionGoal.h, /home/zhhm/robogym_ws/devel/include/mir_actions/RelativeMoveActionGoal.h)
Linked: (/home/zhhm/robogym_ws/devel/.private/mir_actions/include/mir_actions/RelativeMoveAction.h, /home/zhhm/robogym_ws/devel/include/mir_actions/RelativeMoveAction.h)
Linked: (/home/zhhm/robogym_ws/devel/.private/mir_actions/include/mir_actions/RelativeMoveResult.h, /home/zhhm/robogym_ws/devel/include/mir_actions/RelativeMoveResult.h)
Linked: (/home/zhhm/robogym_ws/devel/.private/mir_actions/include/mir_actions/MirMoveBaseGoal.h, /home/zhhm/robogym_ws/devel/include/mir_actions/MirMoveBaseGoal.h)
Linked: (/home/zhhm/robogym_ws/devel/.private/mir_actions/include/mir_actions/MirMoveBaseActionFeedback.h, /home/zhhm/robogym_ws/devel/include/mir_actions/MirMoveBaseActionFeedback.h)
Linked: (/home/zhhm/robogym_ws/devel/.private/mir_actions/lib/pkgconfig/mir_actions.pc, /home/zhhm/robogym_ws/devel/lib/pkgconfig/mir_actions.pc)
Linked: (/home/zhhm/robogym_ws/devel/.private/mir_actions/lib/python2.7/dist-packages/mir_actions/__init__.py, /home/zhhm/robogym_ws/devel/lib/python2.7/dist-packages/mir_actions/__init__.py)
Linked: (/home/zhhm/robogym_ws/devel/.private/mir_actions/lib/python2.7/dist-packages/mir_actions/msg/_MirMoveBaseFeedback.py, /home/zhhm/robogym_ws/devel/lib/python2.7/dist-packages/mir_actions/msg/_MirMoveBaseFeedback.py)
Linked: (/home/zhhm/robogym_ws/devel/.private/mir_actions/lib/python2.7/dist-packages/mir_actions/msg/_MirMoveBaseActionGoal.py, /home/zhhm/robogym_ws/devel/lib/python2.7/dist-packages/mir_actions/msg/_MirMoveBaseActionGoal.py)
Linked: (/home/zhhm/robogym_ws/devel/.private/mir_actions/lib/python2.7/dist-packages/mir_actions/msg/__init__.py, /home/zhhm/robogym_ws/devel/lib/python2.7/dist-packages/mir_actions/msg/__init__.py)
Linked: (/home/zhhm/robogym_ws/devel/.private/mir_actions/lib/python2.7/dist-packages/mir_actions/msg/_MirMoveBaseResult.py, /home/zhhm/robogym_ws/devel/lib/python2.7/dist-packages/mir_actions/msg/_MirMoveBaseResult.py)
Linked: (/home/zhhm/robogym_ws/devel/.private/mir_actions/lib/python2.7/dist-packages/mir_actions/msg/_RelativeMoveGoal.py, /home/zhhm/robogym_ws/devel/lib/python2.7/dist-packages/mir_actions/msg/_RelativeMoveGoal.py)
Linked: (/home/zhhm/robogym_ws/devel/.private/mir_actions/lib/python2.7/dist-packages/mir_actions/msg/_RelativeMoveResult.py, /home/zhhm/robogym_ws/devel/lib/python2.7/dist-packages/mir_actions/msg/_RelativeMoveResult.py)
Linked: (/home/zhhm/robogym_ws/devel/.private/mir_actions/lib/python2.7/dist-packages/mir_actions/msg/_MirMoveBaseGoal.py, /home/zhhm/robogym_ws/devel/lib/python2.7/dist-packages/mir_actions/msg/_MirMoveBaseGoal.py)
Linked: (/home/zhhm/robogym_ws/devel/.private/mir_actions/lib/python2.7/dist-packages/mir_actions/msg/_RelativeMoveFeedback.py, /home/zhhm/robogym_ws/devel/lib/python2.7/dist-packages/mir_actions/msg/_RelativeMoveFeedback.py)
Linked: (/home/zhhm/robogym_ws/devel/.private/mir_actions/lib/python2.7/dist-packages/mir_actions/msg/_MirMoveBaseActionResult.py, /home/zhhm/robogym_ws/devel/lib/python2.7/dist-packages/mir_actions/msg/_MirMoveBaseActionResult.py)
Linked: (/home/zhhm/robogym_ws/devel/.private/mir_actions/lib/python2.7/dist-packages/mir_actions/msg/_RelativeMoveActionGoal.py, /home/zhhm/robogym_ws/devel/lib/python2.7/dist-packages/mir_actions/msg/_RelativeMoveActionGoal.py)
Linked: (/home/zhhm/robogym_ws/devel/.private/mir_actions/lib/python2.7/dist-packages/mir_actions/msg/_MirMoveBaseAction.py, /home/zhhm/robogym_ws/devel/lib/python2.7/dist-packages/mir_actions/msg/_MirMoveBaseAction.py)
Linked: (/home/zhhm/robogym_ws/devel/.private/mir_actions/lib/python2.7/dist-packages/mir_actions/msg/_MirMoveBaseActionFeedback.py, /home/zhhm/robogym_ws/devel/lib/python2.7/dist-packages/mir_actions/msg/_MirMoveBaseActionFeedback.py)
Linked: (/home/zhhm/robogym_ws/devel/.private/mir_actions/lib/python2.7/dist-packages/mir_actions/msg/_RelativeMoveActionFeedback.py, /home/zhhm/robogym_ws/devel/lib/python2.7/dist-packages/mir_actions/msg/_RelativeMoveActionFeedback.py)
Linked: (/home/zhhm/robogym_ws/devel/.private/mir_actions/lib/python2.7/dist-packages/mir_actions/msg/_RelativeMoveActionResult.py, /home/zhhm/robogym_ws/devel/lib/python2.7/dist-packages/mir_actions/msg/_RelativeMoveActionResult.py)
Linked: (/home/zhhm/robogym_ws/devel/.private/mir_actions/lib/python2.7/dist-packages/mir_actions/msg/_RelativeMoveAction.py, /home/zhhm/robogym_ws/devel/lib/python2.7/dist-packages/mir_actions/msg/_RelativeMoveAction.py)
