Determining if the pthread_create exist failed with the following output:
Change Dir: /home/zhhm/robogym_ws/build/rviz_visual_tools/CMakeFiles/CMakeTmp

Run Build Command:"/usr/bin/make" "cmTC_aa791/fast"
/usr/bin/make -f CMakeFiles/cmTC_aa791.dir/build.make CMakeFiles/cmTC_aa791.dir/build
make[1]: Entering directory '/home/zhhm/robogym_ws/build/rviz_visual_tools/CMakeFiles/CMakeTmp'
Building C object CMakeFiles/cmTC_aa791.dir/CheckSymbolExists.c.o
/usr/bin/cc    -o CMakeFiles/cmTC_aa791.dir/CheckSymbolExists.c.o   -c /home/zhhm/robogym_ws/build/rviz_visual_tools/CMakeFiles/CMakeTmp/CheckSymbolExists.c
Linking C executable cmTC_aa791
/usr/bin/cmake -E cmake_link_script CMakeFiles/cmTC_aa791.dir/link.txt --verbose=1
/usr/bin/cc      -rdynamic CMakeFiles/cmTC_aa791.dir/CheckSymbolExists.c.o  -o cmTC_aa791 
CMakeFiles/cmTC_aa791.dir/CheckSymbolExists.c.o: In function `main':
CheckSymbolExists.c:(.text+0x1b): undefined reference to `pthread_create'
collect2: error: ld returned 1 exit status
CMakeFiles/cmTC_aa791.dir/build.make:97: recipe for target 'cmTC_aa791' failed
make[1]: *** [cmTC_aa791] Error 1
make[1]: Leaving directory '/home/zhhm/robogym_ws/build/rviz_visual_tools/CMakeFiles/CMakeTmp'
Makefile:126: recipe for target 'cmTC_aa791/fast' failed
make: *** [cmTC_aa791/fast] Error 2

File /home/zhhm/robogym_ws/build/rviz_visual_tools/CMakeFiles/CMakeTmp/CheckSymbolExists.c:
/* */
#include <pthread.h>

int main(int argc, char** argv)
{
  (void)argv;
#ifndef pthread_create
  return ((int*)(&pthread_create))[argc];
#else
  (void)argc;
  return 0;
#endif
}

Determining if the function pthread_create exists in the pthreads failed with the following output:
Change Dir: /home/zhhm/robogym_ws/build/rviz_visual_tools/CMakeFiles/CMakeTmp

Run Build Command:"/usr/bin/make" "cmTC_ea95e/fast"
/usr/bin/make -f CMakeFiles/cmTC_ea95e.dir/build.make CMakeFiles/cmTC_ea95e.dir/build
make[1]: Entering directory '/home/zhhm/robogym_ws/build/rviz_visual_tools/CMakeFiles/CMakeTmp'
Building C object CMakeFiles/cmTC_ea95e.dir/CheckFunctionExists.c.o
/usr/bin/cc   -DCHECK_FUNCTION_EXISTS=pthread_create   -o CMakeFiles/cmTC_ea95e.dir/CheckFunctionExists.c.o   -c /usr/share/cmake-3.10/Modules/CheckFunctionExists.c
Linking C executable cmTC_ea95e
/usr/bin/cmake -E cmake_link_script CMakeFiles/cmTC_ea95e.dir/link.txt --verbose=1
/usr/bin/cc  -DCHECK_FUNCTION_EXISTS=pthread_create    -rdynamic CMakeFiles/cmTC_ea95e.dir/CheckFunctionExists.c.o  -o cmTC_ea95e -lpthreads 
/usr/bin/ld: cannot find -lpthreads
collect2: error: ld returned 1 exit status
CMakeFiles/cmTC_ea95e.dir/build.make:97: recipe for target 'cmTC_ea95e' failed
make[1]: *** [cmTC_ea95e] Error 1
make[1]: Leaving directory '/home/zhhm/robogym_ws/build/rviz_visual_tools/CMakeFiles/CMakeTmp'
Makefile:126: recipe for target 'cmTC_ea95e/fast' failed
make: *** [cmTC_ea95e/fast] Error 2


