Determining if the pthread_create exist failed with the following output:
Change Dir: /home/zhhm/robogym_ws/build/moveit_simple_controller_manager/CMakeFiles/CMakeTmp

Run Build Command:"/usr/bin/make" "cmTC_1058b/fast"
/usr/bin/make -f CMakeFiles/cmTC_1058b.dir/build.make CMakeFiles/cmTC_1058b.dir/build
make[1]: Entering directory '/home/zhhm/robogym_ws/build/moveit_simple_controller_manager/CMakeFiles/CMakeTmp'
Building C object CMakeFiles/cmTC_1058b.dir/CheckSymbolExists.c.o
/usr/bin/cc    -o CMakeFiles/cmTC_1058b.dir/CheckSymbolExists.c.o   -c /home/zhhm/robogym_ws/build/moveit_simple_controller_manager/CMakeFiles/CMakeTmp/CheckSymbolExists.c
Linking C executable cmTC_1058b
/usr/bin/cmake -E cmake_link_script CMakeFiles/cmTC_1058b.dir/link.txt --verbose=1
/usr/bin/cc      -rdynamic CMakeFiles/cmTC_1058b.dir/CheckSymbolExists.c.o  -o cmTC_1058b 
CMakeFiles/cmTC_1058b.dir/CheckSymbolExists.c.o: In function `main':
CheckSymbolExists.c:(.text+0x1b): undefined reference to `pthread_create'
collect2: error: ld returned 1 exit status
CMakeFiles/cmTC_1058b.dir/build.make:97: recipe for target 'cmTC_1058b' failed
make[1]: *** [cmTC_1058b] Error 1
make[1]: Leaving directory '/home/zhhm/robogym_ws/build/moveit_simple_controller_manager/CMakeFiles/CMakeTmp'
Makefile:126: recipe for target 'cmTC_1058b/fast' failed
make: *** [cmTC_1058b/fast] Error 2

File /home/zhhm/robogym_ws/build/moveit_simple_controller_manager/CMakeFiles/CMakeTmp/CheckSymbolExists.c:
/* */
#include <pthread.h>

int main(int argc, char** argv)
{
  (void)argv;
#ifndef pthread_create
  return ((int*)(&pthread_create))[argc];
#else
  (void)argc;
  return 0;
#endif
}

Determining if the function pthread_create exists in the pthreads failed with the following output:
Change Dir: /home/zhhm/robogym_ws/build/moveit_simple_controller_manager/CMakeFiles/CMakeTmp

Run Build Command:"/usr/bin/make" "cmTC_609f1/fast"
/usr/bin/make -f CMakeFiles/cmTC_609f1.dir/build.make CMakeFiles/cmTC_609f1.dir/build
make[1]: Entering directory '/home/zhhm/robogym_ws/build/moveit_simple_controller_manager/CMakeFiles/CMakeTmp'
Building C object CMakeFiles/cmTC_609f1.dir/CheckFunctionExists.c.o
/usr/bin/cc   -DCHECK_FUNCTION_EXISTS=pthread_create   -o CMakeFiles/cmTC_609f1.dir/CheckFunctionExists.c.o   -c /usr/share/cmake-3.10/Modules/CheckFunctionExists.c
Linking C executable cmTC_609f1
/usr/bin/cmake -E cmake_link_script CMakeFiles/cmTC_609f1.dir/link.txt --verbose=1
/usr/bin/cc  -DCHECK_FUNCTION_EXISTS=pthread_create    -rdynamic CMakeFiles/cmTC_609f1.dir/CheckFunctionExists.c.o  -o cmTC_609f1 -lpthreads 
/usr/bin/ld: cannot find -lpthreads
collect2: error: ld returned 1 exit status
CMakeFiles/cmTC_609f1.dir/build.make:97: recipe for target 'cmTC_609f1' failed
make[1]: *** [cmTC_609f1] Error 1
make[1]: Leaving directory '/home/zhhm/robogym_ws/build/moveit_simple_controller_manager/CMakeFiles/CMakeTmp'
Makefile:126: recipe for target 'cmTC_609f1/fast' failed
make: *** [cmTC_609f1/fast] Error 2


