[35m[1mScanning dependencies of target moveit_kdl_kinematics_plugin[0m
[  4%] [32mBuilding CXX object kdl_kinematics_plugin/CMakeFiles/moveit_kdl_kinematics_plugin.dir/src/kdl_kinematics_plugin.cpp.o[0m
[  8%] [32mBuilding CXX object kdl_kinematics_plugin/CMakeFiles/moveit_kdl_kinematics_plugin.dir/src/chainiksolver_vel_mimic_svd.cpp.o[0m
[35m[1mScanning dependencies of target moveit_lma_kinematics_plugin[0m
[ 13%] [32mBuilding CXX object lma_kinematics_plugin/CMakeFiles/moveit_lma_kinematics_plugin.dir/src/lma_kinematics_plugin.cpp.o[0m
[ 17%] [32m[1mLinking CXX shared library /home/zhhm/robogym_ws/devel/.private/moveit_kinematics/lib/libmoveit_kdl_kinematics_plugin.so[0m
[ 17%] Built target moveit_kdl_kinematics_plugin
[35m[1mScanning dependencies of target moveit_srv_kinematics_plugin[0m
[ 21%] [32mBuilding CXX object srv_kinematics_plugin/CMakeFiles/moveit_srv_kinematics_plugin.dir/src/srv_kinematics_plugin.cpp.o[0m
[ 26%] [32m[1mLinking CXX shared library /home/zhhm/robogym_ws/devel/.private/moveit_kinematics/lib/libmoveit_lma_kinematics_plugin.so[0m
[ 26%] Built target moveit_lma_kinematics_plugin
[35m[1mScanning dependencies of target moveit_cached_ik_kinematics_base[0m
[ 30%] [32mBuilding CXX object cached_ik_kinematics_plugin/CMakeFiles/moveit_cached_ik_kinematics_base.dir/src/ik_cache.cpp.o[0m
[ 34%] [32m[1mLinking CXX shared library /home/zhhm/robogym_ws/devel/.private/moveit_kinematics/lib/libmoveit_srv_kinematics_plugin.so[0m
[ 34%] Built target moveit_srv_kinematics_plugin
[35m[1mScanning dependencies of target gtest[0m
[ 39%] [32mBuilding CXX object gtest/googlemock/gtest/CMakeFiles/gtest.dir/src/gtest-all.cc.o[0m
[ 43%] [32m[1mLinking CXX shared library /home/zhhm/robogym_ws/devel/.private/moveit_kinematics/lib/libmoveit_cached_ik_kinematics_base.so[0m
[ 43%] Built target moveit_cached_ik_kinematics_base
[35m[1mScanning dependencies of target benchmark_ik[0m
[ 47%] [32mBuilding CXX object test/CMakeFiles/benchmark_ik.dir/benchmark_ik.cpp.o[0m
[ 52%] [32m[1mLinking CXX shared library libgtest.so[0m
[ 52%] Built target gtest
[35m[1mScanning dependencies of target moveit_cached_ur10_kinematics_plugin[0m
[ 56%] [32mBuilding CXX object cached_ik_kinematics_plugin/CMakeFiles/moveit_cached_ur10_kinematics_plugin.dir/src/cached_ur_kinematics_plugin.cpp.o[0m
[ 60%] [32m[1mLinking CXX executable /home/zhhm/robogym_ws/devel/.private/moveit_kinematics/lib/moveit_kinematics/benchmark_ik[0m
[ 60%] Built target benchmark_ik
[35m[1mScanning dependencies of target moveit_cached_ik_kinematics_plugin[0m
[ 65%] [32mBuilding CXX object cached_ik_kinematics_plugin/CMakeFiles/moveit_cached_ik_kinematics_plugin.dir/src/cached_ik_kinematics_plugin.cpp.o[0m
[ 69%] [32m[1mLinking CXX shared library /home/zhhm/robogym_ws/devel/.private/moveit_kinematics/lib/libmoveit_cached_ur10_kinematics_plugin.so[0m
[ 69%] Built target moveit_cached_ur10_kinematics_plugin
[35m[1mScanning dependencies of target moveit_cached_ur3_kinematics_plugin[0m
[ 73%] [32mBuilding CXX object cached_ik_kinematics_plugin/CMakeFiles/moveit_cached_ur3_kinematics_plugin.dir/src/cached_ur_kinematics_plugin.cpp.o[0m
[ 78%] [32m[1mLinking CXX shared library /home/zhhm/robogym_ws/devel/.private/moveit_kinematics/lib/libmoveit_cached_ik_kinematics_plugin.so[0m
[ 78%] Built target moveit_cached_ik_kinematics_plugin
[35m[1mScanning dependencies of target moveit_cached_ur5_kinematics_plugin[0m
[ 82%] [32mBuilding CXX object cached_ik_kinematics_plugin/CMakeFiles/moveit_cached_ur5_kinematics_plugin.dir/src/cached_ur_kinematics_plugin.cpp.o[0m
[ 86%] [32m[1mLinking CXX shared library /home/zhhm/robogym_ws/devel/.private/moveit_kinematics/lib/libmoveit_cached_ur3_kinematics_plugin.so[0m
[ 86%] Built target moveit_cached_ur3_kinematics_plugin
[35m[1mScanning dependencies of target test_kinematics_plugin[0m
[ 91%] [32mBuilding CXX object test/CMakeFiles/test_kinematics_plugin.dir/test_kinematics_plugin.cpp.o[0m
[ 95%] [32m[1mLinking CXX shared library /home/zhhm/robogym_ws/devel/.private/moveit_kinematics/lib/libmoveit_cached_ur5_kinematics_plugin.so[0m
[ 95%] Built target moveit_cached_ur5_kinematics_plugin
[100%] [32m[1mLinking CXX executable /home/zhhm/robogym_ws/devel/.private/moveit_kinematics/lib/moveit_kinematics/test_kinematics_plugin[0m
[100%] Built target test_kinematics_plugin
