Determining if the pthread_create exist failed with the following output:
Change Dir: /home/zhhm/robogym_ws/build/moveit_servo/CMakeFiles/CMakeTmp

Run Build Command:"/usr/bin/make" "cmTC_557fe/fast"
/usr/bin/make -f CMakeFiles/cmTC_557fe.dir/build.make CMakeFiles/cmTC_557fe.dir/build
make[1]: Entering directory '/home/zhhm/robogym_ws/build/moveit_servo/CMakeFiles/CMakeTmp'
Building C object CMakeFiles/cmTC_557fe.dir/CheckSymbolExists.c.o
/usr/bin/cc    -o CMakeFiles/cmTC_557fe.dir/CheckSymbolExists.c.o   -c /home/zhhm/robogym_ws/build/moveit_servo/CMakeFiles/CMakeTmp/CheckSymbolExists.c
Linking C executable cmTC_557fe
/usr/bin/cmake -E cmake_link_script CMakeFiles/cmTC_557fe.dir/link.txt --verbose=1
/usr/bin/cc      -rdynamic CMakeFiles/cmTC_557fe.dir/CheckSymbolExists.c.o  -o cmTC_557fe 
CMakeFiles/cmTC_557fe.dir/CheckSymbolExists.c.o: In function `main':
CheckSymbolExists.c:(.text+0x1b): undefined reference to `pthread_create'
collect2: error: ld returned 1 exit status
CMakeFiles/cmTC_557fe.dir/build.make:97: recipe for target 'cmTC_557fe' failed
make[1]: *** [cmTC_557fe] Error 1
make[1]: Leaving directory '/home/zhhm/robogym_ws/build/moveit_servo/CMakeFiles/CMakeTmp'
Makefile:126: recipe for target 'cmTC_557fe/fast' failed
make: *** [cmTC_557fe/fast] Error 2

File /home/zhhm/robogym_ws/build/moveit_servo/CMakeFiles/CMakeTmp/CheckSymbolExists.c:
/* */
#include <pthread.h>

int main(int argc, char** argv)
{
  (void)argv;
#ifndef pthread_create
  return ((int*)(&pthread_create))[argc];
#else
  (void)argc;
  return 0;
#endif
}

Determining if the function pthread_create exists in the pthreads failed with the following output:
Change Dir: /home/zhhm/robogym_ws/build/moveit_servo/CMakeFiles/CMakeTmp

Run Build Command:"/usr/bin/make" "cmTC_16a61/fast"
/usr/bin/make -f CMakeFiles/cmTC_16a61.dir/build.make CMakeFiles/cmTC_16a61.dir/build
make[1]: Entering directory '/home/zhhm/robogym_ws/build/moveit_servo/CMakeFiles/CMakeTmp'
Building C object CMakeFiles/cmTC_16a61.dir/CheckFunctionExists.c.o
/usr/bin/cc   -DCHECK_FUNCTION_EXISTS=pthread_create   -o CMakeFiles/cmTC_16a61.dir/CheckFunctionExists.c.o   -c /usr/share/cmake-3.10/Modules/CheckFunctionExists.c
Linking C executable cmTC_16a61
/usr/bin/cmake -E cmake_link_script CMakeFiles/cmTC_16a61.dir/link.txt --verbose=1
/usr/bin/cc  -DCHECK_FUNCTION_EXISTS=pthread_create    -rdynamic CMakeFiles/cmTC_16a61.dir/CheckFunctionExists.c.o  -o cmTC_16a61 -lpthreads 
/usr/bin/ld: cannot find -lpthreads
collect2: error: ld returned 1 exit status
CMakeFiles/cmTC_16a61.dir/build.make:97: recipe for target 'cmTC_16a61' failed
make[1]: *** [cmTC_16a61] Error 1
make[1]: Leaving directory '/home/zhhm/robogym_ws/build/moveit_servo/CMakeFiles/CMakeTmp'
Makefile:126: recipe for target 'cmTC_16a61/fast' failed
make: *** [cmTC_16a61/fast] Error 2


