[  1%] Built target moveit_version
[  3%] Built target moveit_exceptions
[  3%] Built target std_msgs_generate_messages_eus
[  5%] Built target moveit_profiler
[  5%] Built target geometry_msgs_generate_messages_eus
[  5%] Built target rosgraph_msgs_generate_messages_cpp
[  5%] Built target _catkin_empty_exported_target
[  5%] Built target actionlib_msgs_generate_messages_py
[  5%] Built target sensor_msgs_generate_messages_eus
[  5%] Built target actionlib_msgs_generate_messages_lisp
[  5%] Built target octomap_msgs_generate_messages_cpp
[  5%] Built target actionlib_msgs_generate_messages_cpp
[  5%] Built target rosgraph_msgs_generate_messages_eus
[  5%] Built target actionlib_generate_messages_nodejs
[  5%] Built target object_recognition_msgs_generate_messages_cpp
[  5%] Built target shape_msgs_generate_messages_cpp
[  5%] Built target actionlib_generate_messages_eus
[  5%] Built target moveit_msgs_generate_messages_py
[  5%] Built target actionlib_generate_messages_lisp
[  5%] Built target geometry_msgs_generate_messages_cpp
[  5%] Built target geometry_msgs_generate_messages_lisp
[  5%] Built target sensor_msgs_generate_messages_lisp
[  5%] Built target std_msgs_generate_messages_cpp
[  5%] Built target visualization_msgs_generate_messages_nodejs
[  5%] Built target actionlib_msgs_generate_messages_nodejs
[  5%] Built target trajectory_msgs_generate_messages_eus
[  5%] Built target roscpp_generate_messages_py
[  5%] Built target roscpp_generate_messages_eus
[  5%] Built target actionlib_msgs_generate_messages_eus
[  5%] Built target rosgraph_msgs_generate_messages_py
[  5%] Built target rosgraph_msgs_generate_messages_nodejs
[  5%] Built target trajectory_msgs_generate_messages_py
[  5%] Built target roscpp_generate_messages_cpp
[  5%] Built target actionlib_generate_messages_cpp
[  5%] Built target moveit_msgs_generate_messages_nodejs
[  5%] Built target sensor_msgs_generate_messages_nodejs
[  5%] Built target object_recognition_msgs_generate_messages_eus
[  5%] Built target octomap_msgs_generate_messages_eus
[  5%] Built target object_recognition_msgs_generate_messages_lisp
[  5%] Built target geometry_msgs_generate_messages_nodejs
[  5%] Built target geometry_msgs_generate_messages_py
[  5%] Built target rosgraph_msgs_generate_messages_lisp
[  5%] Built target roscpp_generate_messages_nodejs
[  5%] Built target std_msgs_generate_messages_lisp
[  5%] Built target std_msgs_generate_messages_py
[  5%] Built target tf2_msgs_generate_messages_cpp
[  5%] Built target actionlib_generate_messages_py
[  5%] Built target tf2_msgs_generate_messages_lisp
[  5%] Built target tf2_msgs_generate_messages_nodejs
[  5%] Built target tf2_msgs_generate_messages_py
[  5%] Built target shape_msgs_generate_messages_eus
[  5%] Built target shape_msgs_generate_messages_lisp
[  5%] Built target shape_msgs_generate_messages_nodejs
[  5%] Built target tf2_msgs_generate_messages_eus
[  5%] Built target visualization_msgs_generate_messages_cpp
[  5%] Built target object_recognition_msgs_generate_messages_nodejs
[  5%] Built target object_recognition_msgs_generate_messages_py
[  5%] Built target octomap_msgs_generate_messages_nodejs
[  5%] Built target visualization_msgs_generate_messages_eus
[  5%] Built target visualization_msgs_generate_messages_py
[  5%] Built target std_msgs_generate_messages_nodejs
[  5%] Built target moveit_msgs_generate_messages_cpp
[  5%] Built target moveit_msgs_generate_messages_eus
[  5%] Built target moveit_msgs_generate_messages_lisp
[  5%] Built target sensor_msgs_generate_messages_cpp
[  5%] Built target sensor_msgs_generate_messages_py
[  5%] Built target shape_msgs_generate_messages_py
[  5%] Built target trajectory_msgs_generate_messages_cpp
[  5%] Built target trajectory_msgs_generate_messages_lisp
[  5%] Built target trajectory_msgs_generate_messages_nodejs
[  5%] Built target roscpp_generate_messages_lisp
[  5%] Built target octomap_msgs_generate_messages_lisp
[  5%] Built target octomap_msgs_generate_messages_py
[  5%] Built target visualization_msgs_generate_messages_lisp
[  6%] Built target moveit_background_processing
[  8%] Built target gtest
[ 11%] Built target moveit_distance_field
[ 13%] Built target moveit_kinematics_base
[ 18%] Built target moveit_utils
[ 20%] Built target moveit_transforms
[ 31%] Built target moveit_robot_model
[ 33%] Built target moveit_test_utils
[ 38%] Built target moveit_robot_state
[ 40%] Built target robot_state_benchmark
[ 43%] Built target moveit_robot_trajectory
[ 53%] Built target moveit_collision_detection
[ 56%] Built target moveit_planning_interface
[ 61%] Built target moveit_trajectory_processing
[ 65%] Built target moveit_dynamics_solver
[ 66%] Built target moveit_kinematics_metrics
[ 70%] Built target moveit_collision_detection_fcl
[ 76%] Built target moveit_collision_detection_bullet
[ 78%] Built target collision_detector_fcl_plugin
[ 81%] Built target moveit_kinematic_constraints
[ 83%] Built target collision_detector_bullet_plugin
[ 85%] Built target moveit_planning_scene
[ 88%] Built target moveit_planning_request_adapter
[ 95%] Built target moveit_constraint_samplers
[100%] Built target moveit_collision_distance_field
