[35m[1mScanning dependencies of target _mir_msgs_generate_messages_check_deps_SafetyStatus[0m
[  0%] Built target _mir_msgs_generate_messages_check_deps_SafetyStatus
[35m[1mScanning dependencies of target _mir_msgs_generate_messages_check_deps_PalletLifterStatus[0m
[  0%] Built target _mir_msgs_generate_messages_check_deps_PalletLifterStatus
[35m[1mScanning dependencies of target _mir_msgs_generate_messages_check_deps_MissionCtrlCommand[0m
[  0%] Built target _mir_msgs_generate_messages_check_deps_MissionCtrlCommand
[35m[1mScanning dependencies of target _mir_msgs_generate_messages_check_deps_RobotState[0m
[  0%] Built target _mir_msgs_generate_messages_check_deps_RobotState
[35m[1mScanning dependencies of target _mir_msgs_generate_messages_check_deps_Error[0m
[  0%] Built target _mir_msgs_generate_messages_check_deps_Error
[35m[1mScanning dependencies of target _mir_msgs_generate_messages_check_deps_BrakeState[0m
[  0%] Built target _mir_msgs_generate_messages_check_deps_BrakeState
[35m[1mScanning dependencies of target _mir_msgs_generate_messages_check_deps_WorldMap[0m
[  0%] Built target _mir_msgs_generate_messages_check_deps_WorldMap
[35m[1mScanning dependencies of target _mir_msgs_generate_messages_check_deps_Pendant[0m
[  0%] Built target _mir_msgs_generate_messages_check_deps_Pendant
[35m[1mScanning dependencies of target _mir_msgs_generate_messages_check_deps_HookStatus[0m
[  0%] Built target _mir_msgs_generate_messages_check_deps_HookStatus
[35m[1mScanning dependencies of target _mir_msgs_generate_messages_check_deps_ExternalRobots[0m
[  0%] Built target _mir_msgs_generate_messages_check_deps_ExternalRobots
[35m[1mScanning dependencies of target _mir_msgs_generate_messages_check_deps_PlanSegment[0m
[  0%] Built target _mir_msgs_generate_messages_check_deps_PlanSegment
[35m[1mScanning dependencies of target _mir_msgs_generate_messages_check_deps_Events[0m
[  0%] Built target _mir_msgs_generate_messages_check_deps_Events
[35m[1mScanning dependencies of target geometry_msgs_generate_messages_eus[0m
[  0%] Built target geometry_msgs_generate_messages_eus
[35m[1mScanning dependencies of target _mir_msgs_generate_messages_check_deps_StampedEncoders[0m
[  0%] Built target _mir_msgs_generate_messages_check_deps_StampedEncoders
[35m[1mScanning dependencies of target _mir_msgs_generate_messages_check_deps_ExternalRobot[0m
[  0%] Built target _mir_msgs_generate_messages_check_deps_ExternalRobot
[35m[1mScanning dependencies of target _mir_msgs_generate_messages_check_deps_ResourcesState[0m
[  0%] Built target _mir_msgs_generate_messages_check_deps_ResourcesState
[35m[1mScanning dependencies of target _mir_msgs_generate_messages_check_deps_MirExtra[0m
[  0%] Built target _mir_msgs_generate_messages_check_deps_MirExtra
[35m[1mScanning dependencies of target _mir_msgs_generate_messages_check_deps_HookExtendedStatus[0m
[  0%] Built target _mir_msgs_generate_messages_check_deps_HookExtendedStatus
[35m[1mScanning dependencies of target _mir_msgs_generate_messages_check_deps_Gpio[0m
[  0%] Built target _mir_msgs_generate_messages_check_deps_Gpio
[35m[1mScanning dependencies of target _mir_msgs_generate_messages_check_deps_MirStatus[0m
[  0%] Built target _mir_msgs_generate_messages_check_deps_MirStatus
[35m[1mScanning dependencies of target _mir_msgs_generate_messages_check_deps_Trolley[0m
[  0%] Built target _mir_msgs_generate_messages_check_deps_Trolley
[35m[1mScanning dependencies of target _mir_msgs_generate_messages_check_deps_JoystickVel[0m
[  0%] Built target _mir_msgs_generate_messages_check_deps_JoystickVel
[35m[1mScanning dependencies of target _mir_msgs_generate_messages_check_deps_HeightState[0m
[  0%] Built target _mir_msgs_generate_messages_check_deps_HeightState
[35m[1mScanning dependencies of target _mir_msgs_generate_messages_check_deps_UserPrompt[0m
[  0%] Built target _mir_msgs_generate_messages_check_deps_UserPrompt
[35m[1mScanning dependencies of target _mir_msgs_generate_messages_check_deps_RobotStatus[0m
[  0%] Built target _mir_msgs_generate_messages_check_deps_RobotStatus
[35m[1mScanning dependencies of target _mir_msgs_generate_messages_check_deps_ChargingState[0m
[  0%] Built target _mir_msgs_generate_messages_check_deps_ChargingState
[35m[1mScanning dependencies of target _mir_msgs_generate_messages_check_deps_PowerBoardMotorStatus[0m
[  0%] Built target _mir_msgs_generate_messages_check_deps_PowerBoardMotorStatus
[35m[1mScanning dependencies of target _mir_msgs_generate_messages_check_deps_GripperState[0m
[  0%] Built target _mir_msgs_generate_messages_check_deps_GripperState
[35m[1mScanning dependencies of target _mir_msgs_generate_messages_check_deps_BatteryCurrents[0m
[  0%] Built target _mir_msgs_generate_messages_check_deps_BatteryCurrents
[35m[1mScanning dependencies of target _mir_msgs_generate_messages_check_deps_RobotMode[0m
[  0%] Built target _mir_msgs_generate_messages_check_deps_RobotMode
[35m[1mScanning dependencies of target _mir_msgs_generate_messages_check_deps_Device[0m
[  0%] Built target _mir_msgs_generate_messages_check_deps_Device
[35m[1mScanning dependencies of target _mir_msgs_generate_messages_check_deps_Devices[0m
[  0%] Built target _mir_msgs_generate_messages_check_deps_Devices
[35m[1mScanning dependencies of target _mir_msgs_generate_messages_check_deps_BMSData[0m
[  0%] Built target _mir_msgs_generate_messages_check_deps_BMSData
[35m[1mScanning dependencies of target _mir_msgs_generate_messages_check_deps_Twist2D[0m
[  0%] Built target _mir_msgs_generate_messages_check_deps_Twist2D
[35m[1mScanning dependencies of target _mir_msgs_generate_messages_check_deps_Serial[0m
[  0%] Built target _mir_msgs_generate_messages_check_deps_Serial
[35m[1mScanning dependencies of target _mir_msgs_generate_messages_check_deps_Encoders[0m
[  0%] Built target _mir_msgs_generate_messages_check_deps_Encoders
[35m[1mScanning dependencies of target _mir_msgs_generate_messages_check_deps_PlanSegments[0m
[  0%] Built target _mir_msgs_generate_messages_check_deps_PlanSegments
[35m[1mScanning dependencies of target _mir_msgs_generate_messages_check_deps_LocalMapStat[0m
[  0%] Built target _mir_msgs_generate_messages_check_deps_LocalMapStat
[35m[1mScanning dependencies of target _mir_msgs_generate_messages_check_deps_Path[0m
[  0%] Built target _mir_msgs_generate_messages_check_deps_Path
[35m[1mScanning dependencies of target _mir_msgs_generate_messages_check_deps_IOs[0m
[  0%] Built target _mir_msgs_generate_messages_check_deps_IOs
[35m[1mScanning dependencies of target _mir_msgs_generate_messages_check_deps_MissionCtrlState[0m
[  0%] Built target _mir_msgs_generate_messages_check_deps_MissionCtrlState
[35m[1mScanning dependencies of target _mir_msgs_generate_messages_check_deps_Proximity[0m
[  0%] Built target _mir_msgs_generate_messages_check_deps_Proximity
[35m[1mScanning dependencies of target _mir_msgs_generate_messages_check_deps_Pose2D[0m
[  0%] Built target _mir_msgs_generate_messages_check_deps_Pose2D
[35m[1mScanning dependencies of target _mir_msgs_generate_messages_check_deps_WorldModel[0m
[  0%] Built target _mir_msgs_generate_messages_check_deps_WorldModel
[35m[1mScanning dependencies of target _mir_msgs_generate_messages_check_deps_Event[0m
[  0%] Built target _mir_msgs_generate_messages_check_deps_Event
[35m[1mScanning dependencies of target _mir_msgs_generate_messages_check_deps_WebPath[0m
[  0%] Built target _mir_msgs_generate_messages_check_deps_WebPath
[35m[1mScanning dependencies of target _mir_msgs_generate_messages_check_deps_ResourceState[0m
[  0%] Built target _mir_msgs_generate_messages_check_deps_ResourceState
[35m[1mScanning dependencies of target geometry_msgs_generate_messages_nodejs[0m
[  0%] Built target geometry_msgs_generate_messages_nodejs
[35m[1mScanning dependencies of target geometry_msgs_generate_messages_py[0m
[  0%] Built target geometry_msgs_generate_messages_py
[35m[1mScanning dependencies of target geometry_msgs_generate_messages_cpp[0m
[  0%] Built target geometry_msgs_generate_messages_cpp
[35m[1mScanning dependencies of target geometry_msgs_generate_messages_lisp[0m
[  0%] Built target geometry_msgs_generate_messages_lisp
[35m[1mScanning dependencies of target mir_msgs_generate_messages_eus[0m
[  0%] [34m[1mGenerating EusLisp code from mir_msgs/ExternalRobot.msg[0m
[  1%] [34m[1mGenerating EusLisp code from mir_msgs/UserPrompt.msg[0m
[  1%] [34m[1mGenerating EusLisp code from mir_msgs/Device.msg[0m
[  2%] [34m[1mGenerating EusLisp code from mir_msgs/MirStatus.msg[0m
[  2%] [34m[1mGenerating EusLisp code from mir_msgs/HookExtendedStatus.msg[0m
[  2%] [34m[1mGenerating EusLisp code from mir_msgs/MissionCtrlState.msg[0m
[  3%] [34m[1mGenerating EusLisp code from mir_msgs/RobotStatus.msg[0m
[  3%] [34m[1mGenerating EusLisp code from mir_msgs/Trolley.msg[0m
[  4%] [34m[1mGenerating EusLisp code from mir_msgs/MirExtra.msg[0m
[  4%] [34m[1mGenerating EusLisp code from mir_msgs/ResourcesState.msg[0m
[  4%] [34m[1mGenerating EusLisp code from mir_msgs/BrakeState.msg[0m
[  5%] [34m[1mGenerating EusLisp code from mir_msgs/Gpio.msg[0m
[  5%] [34m[1mGenerating EusLisp code from mir_msgs/JoystickVel.msg[0m
[  6%] [34m[1mGenerating EusLisp code from mir_msgs/PlanSegment.msg[0m
[  6%] [34m[1mGenerating EusLisp code from mir_msgs/Twist2D.msg[0m
[  7%] [34m[1mGenerating EusLisp code from mir_msgs/Pendant.msg[0m
[  7%] [34m[1mGenerating EusLisp code from mir_msgs/PalletLifterStatus.msg[0m
[  7%] [34m[1mGenerating EusLisp code from mir_msgs/MissionCtrlCommand.msg[0m
[  8%] [34m[1mGenerating EusLisp code from mir_msgs/PowerBoardMotorStatus.msg[0m
[  8%] [34m[1mGenerating EusLisp code from mir_msgs/BMSData.msg[0m
[  9%] [34m[1mGenerating EusLisp code from mir_msgs/Encoders.msg[0m
[35m[1mScanning dependencies of target mir_msgs_generate_messages_nodejs[0m
[  9%] [34m[1mGenerating EusLisp code from mir_msgs/HookStatus.msg[0m
[ 10%] [34m[1mGenerating Javascript code from mir_msgs/ExternalRobot.msg[0m
[ 10%] [34m[1mGenerating Javascript code from mir_msgs/UserPrompt.msg[0m
[ 10%] [34m[1mGenerating EusLisp code from mir_msgs/ExternalRobots.msg[0m
[ 10%] [34m[1mGenerating Javascript code from mir_msgs/Device.msg[0m
[ 11%] [34m[1mGenerating EusLisp code from mir_msgs/LocalMapStat.msg[0m
[ 12%] [34m[1mGenerating Javascript code from mir_msgs/MirStatus.msg[0m
[ 12%] [34m[1mGenerating Javascript code from mir_msgs/HookExtendedStatus.msg[0m
[ 12%] [34m[1mGenerating EusLisp code from mir_msgs/Path.msg[0m
[ 13%] [34m[1mGenerating Javascript code from mir_msgs/MissionCtrlState.msg[0m
[ 14%] [34m[1mGenerating EusLisp code from mir_msgs/WorldModel.msg[0m
[ 14%] [34m[1mGenerating Javascript code from mir_msgs/RobotStatus.msg[0m
[ 15%] [34m[1mGenerating Javascript code from mir_msgs/Trolley.msg[0m
[ 15%] [34m[1mGenerating EusLisp code from mir_msgs/SafetyStatus.msg[0m
[ 15%] [34m[1mGenerating Javascript code from mir_msgs/MirExtra.msg[0m
[ 15%] [34m[1mGenerating EusLisp code from mir_msgs/Error.msg[0m
[ 15%] [34m[1mGenerating Javascript code from mir_msgs/ResourcesState.msg[0m
[ 16%] [34m[1mGenerating Javascript code from mir_msgs/BrakeState.msg[0m
[ 17%] [34m[1mGenerating EusLisp code from mir_msgs/HeightState.msg[0m
[ 17%] [34m[1mGenerating Javascript code from mir_msgs/Gpio.msg[0m
[ 17%] [34m[1mGenerating EusLisp code from mir_msgs/BatteryCurrents.msg[0m
[ 18%] [34m[1mGenerating Javascript code from mir_msgs/JoystickVel.msg[0m
[ 18%] [34m[1mGenerating Javascript code from mir_msgs/PlanSegment.msg[0m
[ 19%] [34m[1mGenerating EusLisp code from mir_msgs/ChargingState.msg[0m
[ 19%] [34m[1mGenerating Javascript code from mir_msgs/Twist2D.msg[0m
[ 19%] [34m[1mGenerating EusLisp code from mir_msgs/IOs.msg[0m
[ 20%] [34m[1mGenerating Javascript code from mir_msgs/Pendant.msg[0m
[ 20%] [34m[1mGenerating Javascript code from mir_msgs/PalletLifterStatus.msg[0m
[ 21%] [34m[1mGenerating EusLisp code from mir_msgs/GripperState.msg[0m
[ 22%] [34m[1mGenerating Javascript code from mir_msgs/MissionCtrlCommand.msg[0m
[ 22%] [34m[1mGenerating EusLisp code from mir_msgs/Proximity.msg[0m
[ 22%] [34m[1mGenerating Javascript code from mir_msgs/PowerBoardMotorStatus.msg[0m
[ 22%] [34m[1mGenerating Javascript code from mir_msgs/BMSData.msg[0m
[ 22%] [34m[1mGenerating EusLisp code from mir_msgs/Pose2D.msg[0m
[ 23%] [34m[1mGenerating Javascript code from mir_msgs/Encoders.msg[0m
[ 25%] [34m[1mGenerating EusLisp code from mir_msgs/WorldMap.msg[0m
[ 25%] [34m[1mGenerating Javascript code from mir_msgs/HookStatus.msg[0m
[ 26%] [34m[1mGenerating Javascript code from mir_msgs/ExternalRobots.msg[0m
[ 26%] [34m[1mGenerating EusLisp code from mir_msgs/RobotState.msg[0m
[ 26%] [34m[1mGenerating Javascript code from mir_msgs/LocalMapStat.msg[0m
[ 27%] [34m[1mGenerating EusLisp code from mir_msgs/StampedEncoders.msg[0m
[ 28%] [34m[1mGenerating Javascript code from mir_msgs/Path.msg[0m
[ 28%] [34m[1mGenerating Javascript code from mir_msgs/WorldModel.msg[0m
[ 28%] [34m[1mGenerating EusLisp code from mir_msgs/Event.msg[0m
[ 28%] [34m[1mGenerating Javascript code from mir_msgs/SafetyStatus.msg[0m
[ 28%] [34m[1mGenerating EusLisp code from mir_msgs/Devices.msg[0m
[ 29%] [34m[1mGenerating Javascript code from mir_msgs/Error.msg[0m
[ 29%] [34m[1mGenerating Javascript code from mir_msgs/HeightState.msg[0m
[ 30%] [34m[1mGenerating EusLisp code from mir_msgs/WebPath.msg[0m
[ 31%] [34m[1mGenerating Javascript code from mir_msgs/BatteryCurrents.msg[0m
[ 31%] [34m[1mGenerating EusLisp code from mir_msgs/Serial.msg[0m
[ 31%] [34m[1mGenerating Javascript code from mir_msgs/ChargingState.msg[0m
[ 31%] [34m[1mGenerating Javascript code from mir_msgs/IOs.msg[0m
[ 32%] [34m[1mGenerating EusLisp code from mir_msgs/ResourceState.msg[0m
[ 33%] [34m[1mGenerating Javascript code from mir_msgs/GripperState.msg[0m
[ 33%] [34m[1mGenerating EusLisp code from mir_msgs/Events.msg[0m
[ 33%] [34m[1mGenerating Javascript code from mir_msgs/Proximity.msg[0m
[ 34%] [34m[1mGenerating Javascript code from mir_msgs/Pose2D.msg[0m
[ 34%] [34m[1mGenerating EusLisp code from mir_msgs/RobotMode.msg[0m
[ 34%] [34m[1mGenerating Javascript code from mir_msgs/WorldMap.msg[0m
[ 35%] [34m[1mGenerating EusLisp code from mir_msgs/PlanSegments.msg[0m
[ 35%] [34m[1mGenerating Javascript code from mir_msgs/RobotState.msg[0m
[ 36%] [34m[1mGenerating Javascript code from mir_msgs/StampedEncoders.msg[0m
[ 36%] [34m[1mGenerating EusLisp manifest code for mir_msgs[0m
[ 36%] [34m[1mGenerating Javascript code from mir_msgs/Event.msg[0m
[ 37%] [34m[1mGenerating Javascript code from mir_msgs/Devices.msg[0m
[ 37%] [34m[1mGenerating Javascript code from mir_msgs/WebPath.msg[0m
[ 38%] [34m[1mGenerating Javascript code from mir_msgs/Serial.msg[0m
[ 38%] [34m[1mGenerating Javascript code from mir_msgs/ResourceState.msg[0m
[ 38%] [34m[1mGenerating Javascript code from mir_msgs/Events.msg[0m
[ 39%] [34m[1mGenerating Javascript code from mir_msgs/RobotMode.msg[0m
[ 39%] [34m[1mGenerating Javascript code from mir_msgs/PlanSegments.msg[0m
[ 39%] Built target mir_msgs_generate_messages_nodejs
[35m[1mScanning dependencies of target mir_msgs_generate_messages_py[0m
[ 40%] [34m[1mGenerating Python from MSG mir_msgs/ExternalRobot[0m
[ 40%] [34m[1mGenerating Python from MSG mir_msgs/UserPrompt[0m
[ 40%] [34m[1mGenerating Python from MSG mir_msgs/Device[0m
[ 41%] [34m[1mGenerating Python from MSG mir_msgs/MirStatus[0m
[ 41%] [34m[1mGenerating Python from MSG mir_msgs/HookExtendedStatus[0m
[ 41%] Built target mir_msgs_generate_messages_eus
[35m[1mScanning dependencies of target mir_msgs_generate_messages_cpp[0m
[ 41%] [34m[1mGenerating C++ code from mir_msgs/ExternalRobot.msg[0m
[ 42%] [34m[1mGenerating Python from MSG mir_msgs/MissionCtrlState[0m
[ 42%] [34m[1mGenerating Python from MSG mir_msgs/RobotStatus[0m
[ 43%] [34m[1mGenerating C++ code from mir_msgs/UserPrompt.msg[0m
[ 43%] [34m[1mGenerating Python from MSG mir_msgs/Trolley[0m
[ 43%] [34m[1mGenerating C++ code from mir_msgs/Device.msg[0m
[ 44%] [34m[1mGenerating Python from MSG mir_msgs/MirExtra[0m
[ 45%] [34m[1mGenerating C++ code from mir_msgs/MirStatus.msg[0m
[ 45%] [34m[1mGenerating Python from MSG mir_msgs/ResourcesState[0m
[ 46%] [34m[1mGenerating Python from MSG mir_msgs/BrakeState[0m
[ 46%] [34m[1mGenerating C++ code from mir_msgs/HookExtendedStatus.msg[0m
[ 46%] [34m[1mGenerating Python from MSG mir_msgs/Gpio[0m
[ 46%] [34m[1mGenerating C++ code from mir_msgs/MissionCtrlState.msg[0m
[ 47%] [34m[1mGenerating Python from MSG mir_msgs/JoystickVel[0m
[ 48%] [34m[1mGenerating C++ code from mir_msgs/RobotStatus.msg[0m
[ 48%] [34m[1mGenerating Python from MSG mir_msgs/PlanSegment[0m
[ 48%] [34m[1mGenerating Python from MSG mir_msgs/Twist2D[0m
[ 48%] [34m[1mGenerating C++ code from mir_msgs/Trolley.msg[0m
[ 50%] [34m[1mGenerating Python from MSG mir_msgs/Pendant[0m
[ 51%] [34m[1mGenerating C++ code from mir_msgs/MirExtra.msg[0m
[ 51%] [34m[1mGenerating Python from MSG mir_msgs/PalletLifterStatus[0m
[ 52%] [34m[1mGenerating Python from MSG mir_msgs/MissionCtrlCommand[0m
[ 52%] [34m[1mGenerating C++ code from mir_msgs/ResourcesState.msg[0m
[ 52%] [34m[1mGenerating Python from MSG mir_msgs/PowerBoardMotorStatus[0m
[ 53%] [34m[1mGenerating C++ code from mir_msgs/BrakeState.msg[0m
[ 53%] [34m[1mGenerating Python from MSG mir_msgs/BMSData[0m
[ 53%] [34m[1mGenerating C++ code from mir_msgs/Gpio.msg[0m
[ 54%] [34m[1mGenerating Python from MSG mir_msgs/Encoders[0m
[ 54%] [34m[1mGenerating Python from MSG mir_msgs/HookStatus[0m
[ 54%] [34m[1mGenerating C++ code from mir_msgs/JoystickVel.msg[0m
[ 55%] [34m[1mGenerating Python from MSG mir_msgs/ExternalRobots[0m
[ 56%] [34m[1mGenerating C++ code from mir_msgs/PlanSegment.msg[0m
[ 56%] [34m[1mGenerating Python from MSG mir_msgs/LocalMapStat[0m
[ 56%] [34m[1mGenerating C++ code from mir_msgs/Twist2D.msg[0m
[ 56%] [34m[1mGenerating Python from MSG mir_msgs/Path[0m
[ 57%] [34m[1mGenerating Python from MSG mir_msgs/WorldModel[0m
[ 58%] [34m[1mGenerating C++ code from mir_msgs/Pendant.msg[0m
[ 58%] [34m[1mGenerating Python from MSG mir_msgs/SafetyStatus[0m
[ 58%] [34m[1mGenerating C++ code from mir_msgs/PalletLifterStatus.msg[0m
[ 59%] [34m[1mGenerating Python from MSG mir_msgs/Error[0m
[ 59%] [34m[1mGenerating C++ code from mir_msgs/MissionCtrlCommand.msg[0m
[ 59%] [34m[1mGenerating Python from MSG mir_msgs/HeightState[0m
[ 60%] [34m[1mGenerating C++ code from mir_msgs/PowerBoardMotorStatus.msg[0m
[ 61%] [34m[1mGenerating Python from MSG mir_msgs/BatteryCurrents[0m
[ 61%] [34m[1mGenerating Python from MSG mir_msgs/ChargingState[0m
[ 61%] [34m[1mGenerating C++ code from mir_msgs/BMSData.msg[0m
[ 61%] [34m[1mGenerating Python from MSG mir_msgs/IOs[0m
[ 62%] [34m[1mGenerating C++ code from mir_msgs/Encoders.msg[0m
[ 63%] [34m[1mGenerating Python from MSG mir_msgs/GripperState[0m
[ 63%] [34m[1mGenerating C++ code from mir_msgs/HookStatus.msg[0m
[ 63%] [34m[1mGenerating Python from MSG mir_msgs/Proximity[0m
[ 64%] [34m[1mGenerating Python from MSG mir_msgs/Pose2D[0m
[ 64%] [34m[1mGenerating C++ code from mir_msgs/ExternalRobots.msg[0m
[ 64%] [34m[1mGenerating Python from MSG mir_msgs/WorldMap[0m
[ 65%] [34m[1mGenerating C++ code from mir_msgs/LocalMapStat.msg[0m
[ 65%] [34m[1mGenerating Python from MSG mir_msgs/RobotState[0m
[ 65%] [34m[1mGenerating C++ code from mir_msgs/Path.msg[0m
[ 66%] [34m[1mGenerating Python from MSG mir_msgs/StampedEncoders[0m
[ 67%] [34m[1mGenerating C++ code from mir_msgs/WorldModel.msg[0m
[ 67%] [34m[1mGenerating Python from MSG mir_msgs/Event[0m
[ 68%] [34m[1mGenerating Python from MSG mir_msgs/Devices[0m
[ 68%] [34m[1mGenerating C++ code from mir_msgs/SafetyStatus.msg[0m
[ 68%] [34m[1mGenerating Python from MSG mir_msgs/WebPath[0m
[ 69%] [34m[1mGenerating C++ code from mir_msgs/Error.msg[0m
[ 69%] [34m[1mGenerating Python from MSG mir_msgs/Serial[0m
[ 70%] [34m[1mGenerating Python from MSG mir_msgs/ResourceState[0m
[ 70%] [34m[1mGenerating C++ code from mir_msgs/HeightState.msg[0m
[ 70%] [34m[1mGenerating Python from MSG mir_msgs/Events[0m
[ 70%] [34m[1mGenerating C++ code from mir_msgs/BatteryCurrents.msg[0m
[ 71%] [34m[1mGenerating Python from MSG mir_msgs/RobotMode[0m
[ 72%] [34m[1mGenerating C++ code from mir_msgs/ChargingState.msg[0m
[ 72%] [34m[1mGenerating Python from MSG mir_msgs/PlanSegments[0m
[ 72%] [34m[1mGenerating C++ code from mir_msgs/IOs.msg[0m
[ 73%] [34m[1mGenerating Python msg __init__.py for mir_msgs[0m
[ 73%] Built target mir_msgs_generate_messages_py
[35m[1mScanning dependencies of target mir_msgs_generate_messages_lisp[0m
[ 75%] [34m[1mGenerating Lisp code from mir_msgs/ExternalRobot.msg[0m
[ 76%] [34m[1mGenerating C++ code from mir_msgs/GripperState.msg[0m
[ 76%] [34m[1mGenerating Lisp code from mir_msgs/UserPrompt.msg[0m
[ 77%] [34m[1mGenerating Lisp code from mir_msgs/Device.msg[0m
[ 77%] [34m[1mGenerating C++ code from mir_msgs/Proximity.msg[0m
[ 77%] [34m[1mGenerating Lisp code from mir_msgs/MirStatus.msg[0m
[ 77%] [34m[1mGenerating Lisp code from mir_msgs/HookExtendedStatus.msg[0m
[ 78%] [34m[1mGenerating Lisp code from mir_msgs/MissionCtrlState.msg[0m
[ 78%] [34m[1mGenerating C++ code from mir_msgs/Pose2D.msg[0m
[ 78%] [34m[1mGenerating Lisp code from mir_msgs/RobotStatus.msg[0m
[ 79%] [34m[1mGenerating Lisp code from mir_msgs/Trolley.msg[0m
[ 79%] [34m[1mGenerating Lisp code from mir_msgs/MirExtra.msg[0m
[ 80%] [34m[1mGenerating C++ code from mir_msgs/WorldMap.msg[0m
[ 80%] [34m[1mGenerating Lisp code from mir_msgs/ResourcesState.msg[0m
[ 81%] [34m[1mGenerating Lisp code from mir_msgs/BrakeState.msg[0m
[ 81%] [34m[1mGenerating Lisp code from mir_msgs/Gpio.msg[0m
[ 81%] [34m[1mGenerating C++ code from mir_msgs/RobotState.msg[0m
[ 82%] [34m[1mGenerating Lisp code from mir_msgs/JoystickVel.msg[0m
[ 82%] [34m[1mGenerating Lisp code from mir_msgs/PlanSegment.msg[0m
[ 82%] [34m[1mGenerating Lisp code from mir_msgs/Twist2D.msg[0m
[ 83%] [34m[1mGenerating C++ code from mir_msgs/StampedEncoders.msg[0m
[ 84%] [34m[1mGenerating Lisp code from mir_msgs/Pendant.msg[0m
[ 84%] [34m[1mGenerating Lisp code from mir_msgs/PalletLifterStatus.msg[0m
[ 85%] [34m[1mGenerating Lisp code from mir_msgs/MissionCtrlCommand.msg[0m
[ 85%] [34m[1mGenerating C++ code from mir_msgs/Event.msg[0m
[ 85%] [34m[1mGenerating Lisp code from mir_msgs/PowerBoardMotorStatus.msg[0m
[ 86%] [34m[1mGenerating Lisp code from mir_msgs/BMSData.msg[0m
[ 86%] [34m[1mGenerating Lisp code from mir_msgs/Encoders.msg[0m
[ 86%] [34m[1mGenerating C++ code from mir_msgs/Devices.msg[0m
[ 86%] [34m[1mGenerating Lisp code from mir_msgs/HookStatus.msg[0m
[ 87%] [34m[1mGenerating Lisp code from mir_msgs/ExternalRobots.msg[0m
[ 87%] [34m[1mGenerating Lisp code from mir_msgs/LocalMapStat.msg[0m
[ 88%] [34m[1mGenerating C++ code from mir_msgs/WebPath.msg[0m
[ 89%] [34m[1mGenerating Lisp code from mir_msgs/Path.msg[0m
[ 89%] [34m[1mGenerating Lisp code from mir_msgs/WorldModel.msg[0m
[ 89%] [34m[1mGenerating Lisp code from mir_msgs/SafetyStatus.msg[0m
[ 89%] [34m[1mGenerating C++ code from mir_msgs/Serial.msg[0m
[ 90%] [34m[1mGenerating Lisp code from mir_msgs/Error.msg[0m
[ 90%] [34m[1mGenerating Lisp code from mir_msgs/HeightState.msg[0m
[ 91%] [34m[1mGenerating C++ code from mir_msgs/ResourceState.msg[0m
[ 92%] [34m[1mGenerating Lisp code from mir_msgs/BatteryCurrents.msg[0m
[ 92%] [34m[1mGenerating Lisp code from mir_msgs/ChargingState.msg[0m
[ 92%] [34m[1mGenerating Lisp code from mir_msgs/IOs.msg[0m
[ 92%] [34m[1mGenerating C++ code from mir_msgs/Events.msg[0m
[ 93%] [34m[1mGenerating Lisp code from mir_msgs/GripperState.msg[0m
[ 93%] [34m[1mGenerating Lisp code from mir_msgs/Proximity.msg[0m
[ 94%] [34m[1mGenerating Lisp code from mir_msgs/Pose2D.msg[0m
[ 95%] [34m[1mGenerating C++ code from mir_msgs/RobotMode.msg[0m
[ 95%] [34m[1mGenerating Lisp code from mir_msgs/WorldMap.msg[0m
[ 96%] [34m[1mGenerating Lisp code from mir_msgs/RobotState.msg[0m
[ 96%] [34m[1mGenerating Lisp code from mir_msgs/StampedEncoders.msg[0m
[ 96%] [34m[1mGenerating C++ code from mir_msgs/PlanSegments.msg[0m
[ 96%] [34m[1mGenerating Lisp code from mir_msgs/Event.msg[0m
[ 97%] [34m[1mGenerating Lisp code from mir_msgs/Devices.msg[0m
[ 97%] [34m[1mGenerating Lisp code from mir_msgs/WebPath.msg[0m
[ 97%] Built target mir_msgs_generate_messages_cpp
[ 98%] [34m[1mGenerating Lisp code from mir_msgs/Serial.msg[0m
[ 98%] [34m[1mGenerating Lisp code from mir_msgs/ResourceState.msg[0m
[ 98%] [34m[1mGenerating Lisp code from mir_msgs/Events.msg[0m
[100%] [34m[1mGenerating Lisp code from mir_msgs/RobotMode.msg[0m
[100%] [34m[1mGenerating Lisp code from mir_msgs/PlanSegments.msg[0m
[100%] Built target mir_msgs_generate_messages_lisp
[35m[1mScanning dependencies of target mir_msgs_generate_messages[0m
[100%] Built target mir_msgs_generate_messages
