[  0%] Built target _mir_msgs_generate_messages_check_deps_SafetyStatus
[  0%] Built target _mir_msgs_generate_messages_check_deps_BrakeState
[  0%] Built target _mir_msgs_generate_messages_check_deps_Error
[  0%] Built target _mir_msgs_generate_messages_check_deps_Pendant
[  0%] Built target _mir_msgs_generate_messages_check_deps_WorldMap
[  0%] Built target _mir_msgs_generate_messages_check_deps_MirExtra
[  0%] Built target _mir_msgs_generate_messages_check_deps_Events
[  0%] Built target _mir_msgs_generate_messages_check_deps_MirStatus
[  0%] Built target _mir_msgs_generate_messages_check_deps_Trolley
[  0%] Built target _mir_msgs_generate_messages_check_deps_JoystickVel
[  0%] Built target geometry_msgs_generate_messages_eus
[  0%] Built target _mir_msgs_generate_messages_check_deps_HookExtendedStatus
[  0%] Built target _mir_msgs_generate_messages_check_deps_Gpio
[  0%] Built target _mir_msgs_generate_messages_check_deps_HeightState
[  0%] Built target _mir_msgs_generate_messages_check_deps_UserPrompt
[  0%] Built target _mir_msgs_generate_messages_check_deps_PlanSegment
[  0%] Built target _mir_msgs_generate_messages_check_deps_MissionCtrlCommand
[  0%] Built target _mir_msgs_generate_messages_check_deps_RobotState
[  0%] Built target _mir_msgs_generate_messages_check_deps_ResourcesState
[  0%] Built target _mir_msgs_generate_messages_check_deps_PalletLifterStatus
[  0%] Built target _mir_msgs_generate_messages_check_deps_StampedEncoders
[  0%] Built target _mir_msgs_generate_messages_check_deps_ExternalRobot
[  0%] Built target _mir_msgs_generate_messages_check_deps_HookStatus
[  0%] Built target _mir_msgs_generate_messages_check_deps_ExternalRobots
[  0%] Built target _mir_msgs_generate_messages_check_deps_RobotStatus
[  0%] Built target _mir_msgs_generate_messages_check_deps_ChargingState
[  0%] Built target _mir_msgs_generate_messages_check_deps_PowerBoardMotorStatus
[  0%] Built target _mir_msgs_generate_messages_check_deps_GripperState
[  0%] Built target _mir_msgs_generate_messages_check_deps_BatteryCurrents
[  0%] Built target _mir_msgs_generate_messages_check_deps_RobotMode
[  0%] Built target _mir_msgs_generate_messages_check_deps_Device
[  0%] Built target _mir_msgs_generate_messages_check_deps_Devices
[  0%] Built target _mir_msgs_generate_messages_check_deps_BMSData
[  0%] Built target _mir_msgs_generate_messages_check_deps_Twist2D
[  0%] Built target _mir_msgs_generate_messages_check_deps_Serial
[  0%] Built target _mir_msgs_generate_messages_check_deps_Encoders
[  0%] Built target _mir_msgs_generate_messages_check_deps_PlanSegments
[  0%] Built target _mir_msgs_generate_messages_check_deps_LocalMapStat
[  0%] Built target _mir_msgs_generate_messages_check_deps_Path
[  0%] Built target _mir_msgs_generate_messages_check_deps_IOs
[  0%] Built target _mir_msgs_generate_messages_check_deps_MissionCtrlState
[  0%] Built target _mir_msgs_generate_messages_check_deps_Proximity
[  0%] Built target _mir_msgs_generate_messages_check_deps_Pose2D
[  0%] Built target _mir_msgs_generate_messages_check_deps_WorldModel
[  0%] Built target _mir_msgs_generate_messages_check_deps_WebPath
[  0%] Built target _mir_msgs_generate_messages_check_deps_Event
[  0%] Built target geometry_msgs_generate_messages_nodejs
[  0%] Built target geometry_msgs_generate_messages_py
[  0%] Built target _mir_msgs_generate_messages_check_deps_ResourceState
[  0%] Built target geometry_msgs_generate_messages_cpp
[  0%] Built target geometry_msgs_generate_messages_lisp
[ 39%] Built target mir_msgs_generate_messages_eus
[ 39%] Built target mir_msgs_generate_messages_nodejs
[ 72%] Built target mir_msgs_generate_messages_py
[ 80%] Built target mir_msgs_generate_messages_cpp
[100%] Built target mir_msgs_generate_messages_lisp
[100%] Built target mir_msgs_generate_messages
