Linked: (/home/zhhm/robogym_ws/devel/.private/mir_msgs/share/mir_msgs/cmake/mir_msgs-msg-paths.cmake, /home/zhhm/robogym_ws/devel/share/mir_msgs/cmake/mir_msgs-msg-paths.cmake)
Linked: (/home/zhhm/robogym_ws/devel/.private/mir_msgs/share/mir_msgs/cmake/mir_msgsConfig-version.cmake, /home/zhhm/robogym_ws/devel/share/mir_msgs/cmake/mir_msgsConfig-version.cmake)
Linked: (/home/zhhm/robogym_ws/devel/.private/mir_msgs/share/mir_msgs/cmake/mir_msgsConfig.cmake, /home/zhhm/robogym_ws/devel/share/mir_msgs/cmake/mir_msgsConfig.cmake)
Linked: (/home/zhhm/robogym_ws/devel/.private/mir_msgs/share/mir_msgs/cmake/mir_msgs-msg-extras.cmake, /home/zhhm/robogym_ws/devel/share/mir_msgs/cmake/mir_msgs-msg-extras.cmake)
Linked: (/home/zhhm/robogym_ws/devel/.private/mir_msgs/share/gennodejs/ros/mir_msgs/_index.js, /home/zhhm/robogym_ws/devel/share/gennodejs/ros/mir_msgs/_index.js)
Linked: (/home/zhhm/robogym_ws/devel/.private/mir_msgs/share/gennodejs/ros/mir_msgs/msg/UserPrompt.js, /home/zhhm/robogym_ws/devel/share/gennodejs/ros/mir_msgs/msg/UserPrompt.js)
Linked: (/home/zhhm/robogym_ws/devel/.private/mir_msgs/share/gennodejs/ros/mir_msgs/msg/Encoders.js, /home/zhhm/robogym_ws/devel/share/gennodejs/ros/mir_msgs/msg/Encoders.js)
Linked: (/home/zhhm/robogym_ws/devel/.private/mir_msgs/share/gennodejs/ros/mir_msgs/msg/RobotState.js, /home/zhhm/robogym_ws/devel/share/gennodejs/ros/mir_msgs/msg/RobotState.js)
Linked: (/home/zhhm/robogym_ws/devel/.private/mir_msgs/share/gennodejs/ros/mir_msgs/msg/Trolley.js, /home/zhhm/robogym_ws/devel/share/gennodejs/ros/mir_msgs/msg/Trolley.js)
Linked: (/home/zhhm/robogym_ws/devel/.private/mir_msgs/share/gennodejs/ros/mir_msgs/msg/JoystickVel.js, /home/zhhm/robogym_ws/devel/share/gennodejs/ros/mir_msgs/msg/JoystickVel.js)
Linked: (/home/zhhm/robogym_ws/devel/.private/mir_msgs/share/gennodejs/ros/mir_msgs/msg/Twist2D.js, /home/zhhm/robogym_ws/devel/share/gennodejs/ros/mir_msgs/msg/Twist2D.js)
Linked: (/home/zhhm/robogym_ws/devel/.private/mir_msgs/share/gennodejs/ros/mir_msgs/msg/Event.js, /home/zhhm/robogym_ws/devel/share/gennodejs/ros/mir_msgs/msg/Event.js)
Linked: (/home/zhhm/robogym_ws/devel/.private/mir_msgs/share/gennodejs/ros/mir_msgs/msg/Serial.js, /home/zhhm/robogym_ws/devel/share/gennodejs/ros/mir_msgs/msg/Serial.js)
Linked: (/home/zhhm/robogym_ws/devel/.private/mir_msgs/share/gennodejs/ros/mir_msgs/msg/BrakeState.js, /home/zhhm/robogym_ws/devel/share/gennodejs/ros/mir_msgs/msg/BrakeState.js)
Linked: (/home/zhhm/robogym_ws/devel/.private/mir_msgs/share/gennodejs/ros/mir_msgs/msg/MissionCtrlCommand.js, /home/zhhm/robogym_ws/devel/share/gennodejs/ros/mir_msgs/msg/MissionCtrlCommand.js)
Linked: (/home/zhhm/robogym_ws/devel/.private/mir_msgs/share/gennodejs/ros/mir_msgs/msg/IOs.js, /home/zhhm/robogym_ws/devel/share/gennodejs/ros/mir_msgs/msg/IOs.js)
Linked: (/home/zhhm/robogym_ws/devel/.private/mir_msgs/share/gennodejs/ros/mir_msgs/msg/ChargingState.js, /home/zhhm/robogym_ws/devel/share/gennodejs/ros/mir_msgs/msg/ChargingState.js)
Linked: (/home/zhhm/robogym_ws/devel/.private/mir_msgs/share/gennodejs/ros/mir_msgs/msg/ResourcesState.js, /home/zhhm/robogym_ws/devel/share/gennodejs/ros/mir_msgs/msg/ResourcesState.js)
Linked: (/home/zhhm/robogym_ws/devel/.private/mir_msgs/share/gennodejs/ros/mir_msgs/msg/HeightState.js, /home/zhhm/robogym_ws/devel/share/gennodejs/ros/mir_msgs/msg/HeightState.js)
Linked: (/home/zhhm/robogym_ws/devel/.private/mir_msgs/share/gennodejs/ros/mir_msgs/msg/RobotMode.js, /home/zhhm/robogym_ws/devel/share/gennodejs/ros/mir_msgs/msg/RobotMode.js)
Linked: (/home/zhhm/robogym_ws/devel/.private/mir_msgs/share/gennodejs/ros/mir_msgs/msg/StampedEncoders.js, /home/zhhm/robogym_ws/devel/share/gennodejs/ros/mir_msgs/msg/StampedEncoders.js)
Linked: (/home/zhhm/robogym_ws/devel/.private/mir_msgs/share/gennodejs/ros/mir_msgs/msg/Events.js, /home/zhhm/robogym_ws/devel/share/gennodejs/ros/mir_msgs/msg/Events.js)
Linked: (/home/zhhm/robogym_ws/devel/.private/mir_msgs/share/gennodejs/ros/mir_msgs/msg/PlanSegment.js, /home/zhhm/robogym_ws/devel/share/gennodejs/ros/mir_msgs/msg/PlanSegment.js)
Linked: (/home/zhhm/robogym_ws/devel/.private/mir_msgs/share/gennodejs/ros/mir_msgs/msg/Pose2D.js, /home/zhhm/robogym_ws/devel/share/gennodejs/ros/mir_msgs/msg/Pose2D.js)
Linked: (/home/zhhm/robogym_ws/devel/.private/mir_msgs/share/gennodejs/ros/mir_msgs/msg/HookExtendedStatus.js, /home/zhhm/robogym_ws/devel/share/gennodejs/ros/mir_msgs/msg/HookExtendedStatus.js)
Linked: (/home/zhhm/robogym_ws/devel/.private/mir_msgs/share/gennodejs/ros/mir_msgs/msg/ExternalRobot.js, /home/zhhm/robogym_ws/devel/share/gennodejs/ros/mir_msgs/msg/ExternalRobot.js)
Linked: (/home/zhhm/robogym_ws/devel/.private/mir_msgs/share/gennodejs/ros/mir_msgs/msg/MissionCtrlState.js, /home/zhhm/robogym_ws/devel/share/gennodejs/ros/mir_msgs/msg/MissionCtrlState.js)
Linked: (/home/zhhm/robogym_ws/devel/.private/mir_msgs/share/gennodejs/ros/mir_msgs/msg/Gpio.js, /home/zhhm/robogym_ws/devel/share/gennodejs/ros/mir_msgs/msg/Gpio.js)
Linked: (/home/zhhm/robogym_ws/devel/.private/mir_msgs/share/gennodejs/ros/mir_msgs/msg/ExternalRobots.js, /home/zhhm/robogym_ws/devel/share/gennodejs/ros/mir_msgs/msg/ExternalRobots.js)
Linked: (/home/zhhm/robogym_ws/devel/.private/mir_msgs/share/gennodejs/ros/mir_msgs/msg/Device.js, /home/zhhm/robogym_ws/devel/share/gennodejs/ros/mir_msgs/msg/Device.js)
Linked: (/home/zhhm/robogym_ws/devel/.private/mir_msgs/share/gennodejs/ros/mir_msgs/msg/WebPath.js, /home/zhhm/robogym_ws/devel/share/gennodejs/ros/mir_msgs/msg/WebPath.js)
Linked: (/home/zhhm/robogym_ws/devel/.private/mir_msgs/share/gennodejs/ros/mir_msgs/msg/MirStatus.js, /home/zhhm/robogym_ws/devel/share/gennodejs/ros/mir_msgs/msg/MirStatus.js)
Linked: (/home/zhhm/robogym_ws/devel/.private/mir_msgs/share/gennodejs/ros/mir_msgs/msg/Devices.js, /home/zhhm/robogym_ws/devel/share/gennodejs/ros/mir_msgs/msg/Devices.js)
Linked: (/home/zhhm/robogym_ws/devel/.private/mir_msgs/share/gennodejs/ros/mir_msgs/msg/WorldModel.js, /home/zhhm/robogym_ws/devel/share/gennodejs/ros/mir_msgs/msg/WorldModel.js)
Linked: (/home/zhhm/robogym_ws/devel/.private/mir_msgs/share/gennodejs/ros/mir_msgs/msg/Path.js, /home/zhhm/robogym_ws/devel/share/gennodejs/ros/mir_msgs/msg/Path.js)
Linked: (/home/zhhm/robogym_ws/devel/.private/mir_msgs/share/gennodejs/ros/mir_msgs/msg/RobotStatus.js, /home/zhhm/robogym_ws/devel/share/gennodejs/ros/mir_msgs/msg/RobotStatus.js)
Linked: (/home/zhhm/robogym_ws/devel/.private/mir_msgs/share/gennodejs/ros/mir_msgs/msg/PalletLifterStatus.js, /home/zhhm/robogym_ws/devel/share/gennodejs/ros/mir_msgs/msg/PalletLifterStatus.js)
Linked: (/home/zhhm/robogym_ws/devel/.private/mir_msgs/share/gennodejs/ros/mir_msgs/msg/GripperState.js, /home/zhhm/robogym_ws/devel/share/gennodejs/ros/mir_msgs/msg/GripperState.js)
Linked: (/home/zhhm/robogym_ws/devel/.private/mir_msgs/share/gennodejs/ros/mir_msgs/msg/LocalMapStat.js, /home/zhhm/robogym_ws/devel/share/gennodejs/ros/mir_msgs/msg/LocalMapStat.js)
Linked: (/home/zhhm/robogym_ws/devel/.private/mir_msgs/share/gennodejs/ros/mir_msgs/msg/HookStatus.js, /home/zhhm/robogym_ws/devel/share/gennodejs/ros/mir_msgs/msg/HookStatus.js)
Linked: (/home/zhhm/robogym_ws/devel/.private/mir_msgs/share/gennodejs/ros/mir_msgs/msg/PowerBoardMotorStatus.js, /home/zhhm/robogym_ws/devel/share/gennodejs/ros/mir_msgs/msg/PowerBoardMotorStatus.js)
Linked: (/home/zhhm/robogym_ws/devel/.private/mir_msgs/share/gennodejs/ros/mir_msgs/msg/SafetyStatus.js, /home/zhhm/robogym_ws/devel/share/gennodejs/ros/mir_msgs/msg/SafetyStatus.js)
Linked: (/home/zhhm/robogym_ws/devel/.private/mir_msgs/share/gennodejs/ros/mir_msgs/msg/WorldMap.js, /home/zhhm/robogym_ws/devel/share/gennodejs/ros/mir_msgs/msg/WorldMap.js)
Linked: (/home/zhhm/robogym_ws/devel/.private/mir_msgs/share/gennodejs/ros/mir_msgs/msg/BatteryCurrents.js, /home/zhhm/robogym_ws/devel/share/gennodejs/ros/mir_msgs/msg/BatteryCurrents.js)
Linked: (/home/zhhm/robogym_ws/devel/.private/mir_msgs/share/gennodejs/ros/mir_msgs/msg/Pendant.js, /home/zhhm/robogym_ws/devel/share/gennodejs/ros/mir_msgs/msg/Pendant.js)
Linked: (/home/zhhm/robogym_ws/devel/.private/mir_msgs/share/gennodejs/ros/mir_msgs/msg/PlanSegments.js, /home/zhhm/robogym_ws/devel/share/gennodejs/ros/mir_msgs/msg/PlanSegments.js)
Linked: (/home/zhhm/robogym_ws/devel/.private/mir_msgs/share/gennodejs/ros/mir_msgs/msg/ResourceState.js, /home/zhhm/robogym_ws/devel/share/gennodejs/ros/mir_msgs/msg/ResourceState.js)
Linked: (/home/zhhm/robogym_ws/devel/.private/mir_msgs/share/gennodejs/ros/mir_msgs/msg/_index.js, /home/zhhm/robogym_ws/devel/share/gennodejs/ros/mir_msgs/msg/_index.js)
Linked: (/home/zhhm/robogym_ws/devel/.private/mir_msgs/share/gennodejs/ros/mir_msgs/msg/MirExtra.js, /home/zhhm/robogym_ws/devel/share/gennodejs/ros/mir_msgs/msg/MirExtra.js)
Linked: (/home/zhhm/robogym_ws/devel/.private/mir_msgs/share/gennodejs/ros/mir_msgs/msg/Error.js, /home/zhhm/robogym_ws/devel/share/gennodejs/ros/mir_msgs/msg/Error.js)
Linked: (/home/zhhm/robogym_ws/devel/.private/mir_msgs/share/gennodejs/ros/mir_msgs/msg/Proximity.js, /home/zhhm/robogym_ws/devel/share/gennodejs/ros/mir_msgs/msg/Proximity.js)
Linked: (/home/zhhm/robogym_ws/devel/.private/mir_msgs/share/gennodejs/ros/mir_msgs/msg/BMSData.js, /home/zhhm/robogym_ws/devel/share/gennodejs/ros/mir_msgs/msg/BMSData.js)
Linked: (/home/zhhm/robogym_ws/devel/.private/mir_msgs/share/common-lisp/ros/mir_msgs/msg/_package_LocalMapStat.lisp, /home/zhhm/robogym_ws/devel/share/common-lisp/ros/mir_msgs/msg/_package_LocalMapStat.lisp)
Linked: (/home/zhhm/robogym_ws/devel/.private/mir_msgs/share/common-lisp/ros/mir_msgs/msg/Trolley.lisp, /home/zhhm/robogym_ws/devel/share/common-lisp/ros/mir_msgs/msg/Trolley.lisp)
Linked: (/home/zhhm/robogym_ws/devel/.private/mir_msgs/share/common-lisp/ros/mir_msgs/msg/_package_WorldModel.lisp, /home/zhhm/robogym_ws/devel/share/common-lisp/ros/mir_msgs/msg/_package_WorldModel.lisp)
Linked: (/home/zhhm/robogym_ws/devel/.private/mir_msgs/share/common-lisp/ros/mir_msgs/msg/ResourcesState.lisp, /home/zhhm/robogym_ws/devel/share/common-lisp/ros/mir_msgs/msg/ResourcesState.lisp)
Linked: (/home/zhhm/robogym_ws/devel/.private/mir_msgs/share/common-lisp/ros/mir_msgs/msg/_package_BrakeState.lisp, /home/zhhm/robogym_ws/devel/share/common-lisp/ros/mir_msgs/msg/_package_BrakeState.lisp)
Linked: (/home/zhhm/robogym_ws/devel/.private/mir_msgs/share/common-lisp/ros/mir_msgs/msg/_package_ExternalRobots.lisp, /home/zhhm/robogym_ws/devel/share/common-lisp/ros/mir_msgs/msg/_package_ExternalRobots.lisp)
Linked: (/home/zhhm/robogym_ws/devel/.private/mir_msgs/share/common-lisp/ros/mir_msgs/msg/WorldMap.lisp, /home/zhhm/robogym_ws/devel/share/common-lisp/ros/mir_msgs/msg/WorldMap.lisp)
Linked: (/home/zhhm/robogym_ws/devel/.private/mir_msgs/share/common-lisp/ros/mir_msgs/msg/_package_HeightState.lisp, /home/zhhm/robogym_ws/devel/share/common-lisp/ros/mir_msgs/msg/_package_HeightState.lisp)
Linked: (/home/zhhm/robogym_ws/devel/.private/mir_msgs/share/common-lisp/ros/mir_msgs/msg/PlanSegments.lisp, /home/zhhm/robogym_ws/devel/share/common-lisp/ros/mir_msgs/msg/PlanSegments.lisp)
Linked: (/home/zhhm/robogym_ws/devel/.private/mir_msgs/share/common-lisp/ros/mir_msgs/msg/Pose2D.lisp, /home/zhhm/robogym_ws/devel/share/common-lisp/ros/mir_msgs/msg/Pose2D.lisp)
Linked: (/home/zhhm/robogym_ws/devel/.private/mir_msgs/share/common-lisp/ros/mir_msgs/msg/_package_MissionCtrlState.lisp, /home/zhhm/robogym_ws/devel/share/common-lisp/ros/mir_msgs/msg/_package_MissionCtrlState.lisp)
Linked: (/home/zhhm/robogym_ws/devel/.private/mir_msgs/share/common-lisp/ros/mir_msgs/msg/WorldModel.lisp, /home/zhhm/robogym_ws/devel/share/common-lisp/ros/mir_msgs/msg/WorldModel.lisp)
Linked: (/home/zhhm/robogym_ws/devel/.private/mir_msgs/share/common-lisp/ros/mir_msgs/msg/Serial.lisp, /home/zhhm/robogym_ws/devel/share/common-lisp/ros/mir_msgs/msg/Serial.lisp)
Linked: (/home/zhhm/robogym_ws/devel/.private/mir_msgs/share/common-lisp/ros/mir_msgs/msg/MissionCtrlState.lisp, /home/zhhm/robogym_ws/devel/share/common-lisp/ros/mir_msgs/msg/MissionCtrlState.lisp)
Linked: (/home/zhhm/robogym_ws/devel/.private/mir_msgs/share/common-lisp/ros/mir_msgs/msg/_package_Events.lisp, /home/zhhm/robogym_ws/devel/share/common-lisp/ros/mir_msgs/msg/_package_Events.lisp)
Linked: (/home/zhhm/robogym_ws/devel/.private/mir_msgs/share/common-lisp/ros/mir_msgs/msg/_package_RobotState.lisp, /home/zhhm/robogym_ws/devel/share/common-lisp/ros/mir_msgs/msg/_package_RobotState.lisp)
Linked: (/home/zhhm/robogym_ws/devel/.private/mir_msgs/share/common-lisp/ros/mir_msgs/msg/_package_Encoders.lisp, /home/zhhm/robogym_ws/devel/share/common-lisp/ros/mir_msgs/msg/_package_Encoders.lisp)
Linked: (/home/zhhm/robogym_ws/devel/.private/mir_msgs/share/common-lisp/ros/mir_msgs/msg/Error.lisp, /home/zhhm/robogym_ws/devel/share/common-lisp/ros/mir_msgs/msg/Error.lisp)
Linked: (/home/zhhm/robogym_ws/devel/.private/mir_msgs/share/common-lisp/ros/mir_msgs/msg/_package_ResourceState.lisp, /home/zhhm/robogym_ws/devel/share/common-lisp/ros/mir_msgs/msg/_package_ResourceState.lisp)
Linked: (/home/zhhm/robogym_ws/devel/.private/mir_msgs/share/common-lisp/ros/mir_msgs/msg/_package_Serial.lisp, /home/zhhm/robogym_ws/devel/share/common-lisp/ros/mir_msgs/msg/_package_Serial.lisp)
Linked: (/home/zhhm/robogym_ws/devel/.private/mir_msgs/share/common-lisp/ros/mir_msgs/msg/RobotMode.lisp, /home/zhhm/robogym_ws/devel/share/common-lisp/ros/mir_msgs/msg/RobotMode.lisp)
Linked: (/home/zhhm/robogym_ws/devel/.private/mir_msgs/share/common-lisp/ros/mir_msgs/msg/Pendant.lisp, /home/zhhm/robogym_ws/devel/share/common-lisp/ros/mir_msgs/msg/Pendant.lisp)
Linked: (/home/zhhm/robogym_ws/devel/.private/mir_msgs/share/common-lisp/ros/mir_msgs/msg/_package_IOs.lisp, /home/zhhm/robogym_ws/devel/share/common-lisp/ros/mir_msgs/msg/_package_IOs.lisp)
Linked: (/home/zhhm/robogym_ws/devel/.private/mir_msgs/share/common-lisp/ros/mir_msgs/msg/RobotState.lisp, /home/zhhm/robogym_ws/devel/share/common-lisp/ros/mir_msgs/msg/RobotState.lisp)
Linked: (/home/zhhm/robogym_ws/devel/.private/mir_msgs/share/common-lisp/ros/mir_msgs/msg/ChargingState.lisp, /home/zhhm/robogym_ws/devel/share/common-lisp/ros/mir_msgs/msg/ChargingState.lisp)
Linked: (/home/zhhm/robogym_ws/devel/.private/mir_msgs/share/common-lisp/ros/mir_msgs/msg/_package_PlanSegment.lisp, /home/zhhm/robogym_ws/devel/share/common-lisp/ros/mir_msgs/msg/_package_PlanSegment.lisp)
Linked: (/home/zhhm/robogym_ws/devel/.private/mir_msgs/share/common-lisp/ros/mir_msgs/msg/PalletLifterStatus.lisp, /home/zhhm/robogym_ws/devel/share/common-lisp/ros/mir_msgs/msg/PalletLifterStatus.lisp)
Linked: (/home/zhhm/robogym_ws/devel/.private/mir_msgs/share/common-lisp/ros/mir_msgs/msg/Proximity.lisp, /home/zhhm/robogym_ws/devel/share/common-lisp/ros/mir_msgs/msg/Proximity.lisp)
Linked: (/home/zhhm/robogym_ws/devel/.private/mir_msgs/share/common-lisp/ros/mir_msgs/msg/Device.lisp, /home/zhhm/robogym_ws/devel/share/common-lisp/ros/mir_msgs/msg/Device.lisp)
Linked: (/home/zhhm/robogym_ws/devel/.private/mir_msgs/share/common-lisp/ros/mir_msgs/msg/_package_Proximity.lisp, /home/zhhm/robogym_ws/devel/share/common-lisp/ros/mir_msgs/msg/_package_Proximity.lisp)
Linked: (/home/zhhm/robogym_ws/devel/.private/mir_msgs/share/common-lisp/ros/mir_msgs/msg/_package_ExternalRobot.lisp, /home/zhhm/robogym_ws/devel/share/common-lisp/ros/mir_msgs/msg/_package_ExternalRobot.lisp)
Linked: (/home/zhhm/robogym_ws/devel/.private/mir_msgs/share/common-lisp/ros/mir_msgs/msg/BMSData.lisp, /home/zhhm/robogym_ws/devel/share/common-lisp/ros/mir_msgs/msg/BMSData.lisp)
Linked: (/home/zhhm/robogym_ws/devel/.private/mir_msgs/share/common-lisp/ros/mir_msgs/msg/_package_PalletLifterStatus.lisp, /home/zhhm/robogym_ws/devel/share/common-lisp/ros/mir_msgs/msg/_package_PalletLifterStatus.lisp)
Linked: (/home/zhhm/robogym_ws/devel/.private/mir_msgs/share/common-lisp/ros/mir_msgs/msg/Path.lisp, /home/zhhm/robogym_ws/devel/share/common-lisp/ros/mir_msgs/msg/Path.lisp)
Linked: (/home/zhhm/robogym_ws/devel/.private/mir_msgs/share/common-lisp/ros/mir_msgs/msg/HeightState.lisp, /home/zhhm/robogym_ws/devel/share/common-lisp/ros/mir_msgs/msg/HeightState.lisp)
Linked: (/home/zhhm/robogym_ws/devel/.private/mir_msgs/share/common-lisp/ros/mir_msgs/msg/HookStatus.lisp, /home/zhhm/robogym_ws/devel/share/common-lisp/ros/mir_msgs/msg/HookStatus.lisp)
Linked: (/home/zhhm/robogym_ws/devel/.private/mir_msgs/share/common-lisp/ros/mir_msgs/msg/Twist2D.lisp, /home/zhhm/robogym_ws/devel/share/common-lisp/ros/mir_msgs/msg/Twist2D.lisp)
Linked: (/home/zhhm/robogym_ws/devel/.private/mir_msgs/share/common-lisp/ros/mir_msgs/msg/_package_PowerBoardMotorStatus.lisp, /home/zhhm/robogym_ws/devel/share/common-lisp/ros/mir_msgs/msg/_package_PowerBoardMotorStatus.lisp)
Linked: (/home/zhhm/robogym_ws/devel/.private/mir_msgs/share/common-lisp/ros/mir_msgs/msg/_package_BatteryCurrents.lisp, /home/zhhm/robogym_ws/devel/share/common-lisp/ros/mir_msgs/msg/_package_BatteryCurrents.lisp)
Linked: (/home/zhhm/robogym_ws/devel/.private/mir_msgs/share/common-lisp/ros/mir_msgs/msg/_package_BMSData.lisp, /home/zhhm/robogym_ws/devel/share/common-lisp/ros/mir_msgs/msg/_package_BMSData.lisp)
Linked: (/home/zhhm/robogym_ws/devel/.private/mir_msgs/share/common-lisp/ros/mir_msgs/msg/SafetyStatus.lisp, /home/zhhm/robogym_ws/devel/share/common-lisp/ros/mir_msgs/msg/SafetyStatus.lisp)
Linked: (/home/zhhm/robogym_ws/devel/.private/mir_msgs/share/common-lisp/ros/mir_msgs/msg/_package_SafetyStatus.lisp, /home/zhhm/robogym_ws/devel/share/common-lisp/ros/mir_msgs/msg/_package_SafetyStatus.lisp)
Linked: (/home/zhhm/robogym_ws/devel/.private/mir_msgs/share/common-lisp/ros/mir_msgs/msg/MirExtra.lisp, /home/zhhm/robogym_ws/devel/share/common-lisp/ros/mir_msgs/msg/MirExtra.lisp)
Linked: (/home/zhhm/robogym_ws/devel/.private/mir_msgs/share/common-lisp/ros/mir_msgs/msg/Events.lisp, /home/zhhm/robogym_ws/devel/share/common-lisp/ros/mir_msgs/msg/Events.lisp)
Linked: (/home/zhhm/robogym_ws/devel/.private/mir_msgs/share/common-lisp/ros/mir_msgs/msg/BatteryCurrents.lisp, /home/zhhm/robogym_ws/devel/share/common-lisp/ros/mir_msgs/msg/BatteryCurrents.lisp)
Linked: (/home/zhhm/robogym_ws/devel/.private/mir_msgs/share/common-lisp/ros/mir_msgs/msg/_package_ResourcesState.lisp, /home/zhhm/robogym_ws/devel/share/common-lisp/ros/mir_msgs/msg/_package_ResourcesState.lisp)
Linked: (/home/zhhm/robogym_ws/devel/.private/mir_msgs/share/common-lisp/ros/mir_msgs/msg/LocalMapStat.lisp, /home/zhhm/robogym_ws/devel/share/common-lisp/ros/mir_msgs/msg/LocalMapStat.lisp)
Linked: (/home/zhhm/robogym_ws/devel/.private/mir_msgs/share/common-lisp/ros/mir_msgs/msg/_package_Gpio.lisp, /home/zhhm/robogym_ws/devel/share/common-lisp/ros/mir_msgs/msg/_package_Gpio.lisp)
Linked: (/home/zhhm/robogym_ws/devel/.private/mir_msgs/share/common-lisp/ros/mir_msgs/msg/_package_HookExtendedStatus.lisp, /home/zhhm/robogym_ws/devel/share/common-lisp/ros/mir_msgs/msg/_package_HookExtendedStatus.lisp)
Linked: (/home/zhhm/robogym_ws/devel/.private/mir_msgs/share/common-lisp/ros/mir_msgs/msg/_package_UserPrompt.lisp, /home/zhhm/robogym_ws/devel/share/common-lisp/ros/mir_msgs/msg/_package_UserPrompt.lisp)
Linked: (/home/zhhm/robogym_ws/devel/.private/mir_msgs/share/common-lisp/ros/mir_msgs/msg/_package_Twist2D.lisp, /home/zhhm/robogym_ws/devel/share/common-lisp/ros/mir_msgs/msg/_package_Twist2D.lisp)
Linked: (/home/zhhm/robogym_ws/devel/.private/mir_msgs/share/common-lisp/ros/mir_msgs/msg/_package_Event.lisp, /home/zhhm/robogym_ws/devel/share/common-lisp/ros/mir_msgs/msg/_package_Event.lisp)
Linked: (/home/zhhm/robogym_ws/devel/.private/mir_msgs/share/common-lisp/ros/mir_msgs/msg/_package_MirStatus.lisp, /home/zhhm/robogym_ws/devel/share/common-lisp/ros/mir_msgs/msg/_package_MirStatus.lisp)
Linked: (/home/zhhm/robogym_ws/devel/.private/mir_msgs/share/common-lisp/ros/mir_msgs/msg/_package_Trolley.lisp, /home/zhhm/robogym_ws/devel/share/common-lisp/ros/mir_msgs/msg/_package_Trolley.lisp)
Linked: (/home/zhhm/robogym_ws/devel/.private/mir_msgs/share/common-lisp/ros/mir_msgs/msg/ExternalRobots.lisp, /home/zhhm/robogym_ws/devel/share/common-lisp/ros/mir_msgs/msg/ExternalRobots.lisp)
Linked: (/home/zhhm/robogym_ws/devel/.private/mir_msgs/share/common-lisp/ros/mir_msgs/msg/MissionCtrlCommand.lisp, /home/zhhm/robogym_ws/devel/share/common-lisp/ros/mir_msgs/msg/MissionCtrlCommand.lisp)
Linked: (/home/zhhm/robogym_ws/devel/.private/mir_msgs/share/common-lisp/ros/mir_msgs/msg/ExternalRobot.lisp, /home/zhhm/robogym_ws/devel/share/common-lisp/ros/mir_msgs/msg/ExternalRobot.lisp)
Linked: (/home/zhhm/robogym_ws/devel/.private/mir_msgs/share/common-lisp/ros/mir_msgs/msg/_package_WebPath.lisp, /home/zhhm/robogym_ws/devel/share/common-lisp/ros/mir_msgs/msg/_package_WebPath.lisp)
Linked: (/home/zhhm/robogym_ws/devel/.private/mir_msgs/share/common-lisp/ros/mir_msgs/msg/WebPath.lisp, /home/zhhm/robogym_ws/devel/share/common-lisp/ros/mir_msgs/msg/WebPath.lisp)
Linked: (/home/zhhm/robogym_ws/devel/.private/mir_msgs/share/common-lisp/ros/mir_msgs/msg/JoystickVel.lisp, /home/zhhm/robogym_ws/devel/share/common-lisp/ros/mir_msgs/msg/JoystickVel.lisp)
Linked: (/home/zhhm/robogym_ws/devel/.private/mir_msgs/share/common-lisp/ros/mir_msgs/msg/_package_PlanSegments.lisp, /home/zhhm/robogym_ws/devel/share/common-lisp/ros/mir_msgs/msg/_package_PlanSegments.lisp)
Linked: (/home/zhhm/robogym_ws/devel/.private/mir_msgs/share/common-lisp/ros/mir_msgs/msg/_package_RobotMode.lisp, /home/zhhm/robogym_ws/devel/share/common-lisp/ros/mir_msgs/msg/_package_RobotMode.lisp)
Linked: (/home/zhhm/robogym_ws/devel/.private/mir_msgs/share/common-lisp/ros/mir_msgs/msg/_package_Devices.lisp, /home/zhhm/robogym_ws/devel/share/common-lisp/ros/mir_msgs/msg/_package_Devices.lisp)
Linked: (/home/zhhm/robogym_ws/devel/.private/mir_msgs/share/common-lisp/ros/mir_msgs/msg/_package_MirExtra.lisp, /home/zhhm/robogym_ws/devel/share/common-lisp/ros/mir_msgs/msg/_package_MirExtra.lisp)
Linked: (/home/zhhm/robogym_ws/devel/.private/mir_msgs/share/common-lisp/ros/mir_msgs/msg/MirStatus.lisp, /home/zhhm/robogym_ws/devel/share/common-lisp/ros/mir_msgs/msg/MirStatus.lisp)
Linked: (/home/zhhm/robogym_ws/devel/.private/mir_msgs/share/common-lisp/ros/mir_msgs/msg/UserPrompt.lisp, /home/zhhm/robogym_ws/devel/share/common-lisp/ros/mir_msgs/msg/UserPrompt.lisp)
Linked: (/home/zhhm/robogym_ws/devel/.private/mir_msgs/share/common-lisp/ros/mir_msgs/msg/_package_RobotStatus.lisp, /home/zhhm/robogym_ws/devel/share/common-lisp/ros/mir_msgs/msg/_package_RobotStatus.lisp)
Linked: (/home/zhhm/robogym_ws/devel/.private/mir_msgs/share/common-lisp/ros/mir_msgs/msg/_package_GripperState.lisp, /home/zhhm/robogym_ws/devel/share/common-lisp/ros/mir_msgs/msg/_package_GripperState.lisp)
Linked: (/home/zhhm/robogym_ws/devel/.private/mir_msgs/share/common-lisp/ros/mir_msgs/msg/_package.lisp, /home/zhhm/robogym_ws/devel/share/common-lisp/ros/mir_msgs/msg/_package.lisp)
Linked: (/home/zhhm/robogym_ws/devel/.private/mir_msgs/share/common-lisp/ros/mir_msgs/msg/_package_Error.lisp, /home/zhhm/robogym_ws/devel/share/common-lisp/ros/mir_msgs/msg/_package_Error.lisp)
Linked: (/home/zhhm/robogym_ws/devel/.private/mir_msgs/share/common-lisp/ros/mir_msgs/msg/_package_StampedEncoders.lisp, /home/zhhm/robogym_ws/devel/share/common-lisp/ros/mir_msgs/msg/_package_StampedEncoders.lisp)
Linked: (/home/zhhm/robogym_ws/devel/.private/mir_msgs/share/common-lisp/ros/mir_msgs/msg/_package_MissionCtrlCommand.lisp, /home/zhhm/robogym_ws/devel/share/common-lisp/ros/mir_msgs/msg/_package_MissionCtrlCommand.lisp)
Linked: (/home/zhhm/robogym_ws/devel/.private/mir_msgs/share/common-lisp/ros/mir_msgs/msg/ResourceState.lisp, /home/zhhm/robogym_ws/devel/share/common-lisp/ros/mir_msgs/msg/ResourceState.lisp)
Linked: (/home/zhhm/robogym_ws/devel/.private/mir_msgs/share/common-lisp/ros/mir_msgs/msg/Event.lisp, /home/zhhm/robogym_ws/devel/share/common-lisp/ros/mir_msgs/msg/Event.lisp)
Linked: (/home/zhhm/robogym_ws/devel/.private/mir_msgs/share/common-lisp/ros/mir_msgs/msg/_package_WorldMap.lisp, /home/zhhm/robogym_ws/devel/share/common-lisp/ros/mir_msgs/msg/_package_WorldMap.lisp)
Linked: (/home/zhhm/robogym_ws/devel/.private/mir_msgs/share/common-lisp/ros/mir_msgs/msg/PlanSegment.lisp, /home/zhhm/robogym_ws/devel/share/common-lisp/ros/mir_msgs/msg/PlanSegment.lisp)
Linked: (/home/zhhm/robogym_ws/devel/.private/mir_msgs/share/common-lisp/ros/mir_msgs/msg/_package_Path.lisp, /home/zhhm/robogym_ws/devel/share/common-lisp/ros/mir_msgs/msg/_package_Path.lisp)
Linked: (/home/zhhm/robogym_ws/devel/.private/mir_msgs/share/common-lisp/ros/mir_msgs/msg/GripperState.lisp, /home/zhhm/robogym_ws/devel/share/common-lisp/ros/mir_msgs/msg/GripperState.lisp)
Linked: (/home/zhhm/robogym_ws/devel/.private/mir_msgs/share/common-lisp/ros/mir_msgs/msg/RobotStatus.lisp, /home/zhhm/robogym_ws/devel/share/common-lisp/ros/mir_msgs/msg/RobotStatus.lisp)
Linked: (/home/zhhm/robogym_ws/devel/.private/mir_msgs/share/common-lisp/ros/mir_msgs/msg/mir_msgs-msg.asd, /home/zhhm/robogym_ws/devel/share/common-lisp/ros/mir_msgs/msg/mir_msgs-msg.asd)
Linked: (/home/zhhm/robogym_ws/devel/.private/mir_msgs/share/common-lisp/ros/mir_msgs/msg/Gpio.lisp, /home/zhhm/robogym_ws/devel/share/common-lisp/ros/mir_msgs/msg/Gpio.lisp)
Linked: (/home/zhhm/robogym_ws/devel/.private/mir_msgs/share/common-lisp/ros/mir_msgs/msg/_package_HookStatus.lisp, /home/zhhm/robogym_ws/devel/share/common-lisp/ros/mir_msgs/msg/_package_HookStatus.lisp)
Linked: (/home/zhhm/robogym_ws/devel/.private/mir_msgs/share/common-lisp/ros/mir_msgs/msg/Devices.lisp, /home/zhhm/robogym_ws/devel/share/common-lisp/ros/mir_msgs/msg/Devices.lisp)
Linked: (/home/zhhm/robogym_ws/devel/.private/mir_msgs/share/common-lisp/ros/mir_msgs/msg/HookExtendedStatus.lisp, /home/zhhm/robogym_ws/devel/share/common-lisp/ros/mir_msgs/msg/HookExtendedStatus.lisp)
Linked: (/home/zhhm/robogym_ws/devel/.private/mir_msgs/share/common-lisp/ros/mir_msgs/msg/BrakeState.lisp, /home/zhhm/robogym_ws/devel/share/common-lisp/ros/mir_msgs/msg/BrakeState.lisp)
Linked: (/home/zhhm/robogym_ws/devel/.private/mir_msgs/share/common-lisp/ros/mir_msgs/msg/_package_JoystickVel.lisp, /home/zhhm/robogym_ws/devel/share/common-lisp/ros/mir_msgs/msg/_package_JoystickVel.lisp)
Linked: (/home/zhhm/robogym_ws/devel/.private/mir_msgs/share/common-lisp/ros/mir_msgs/msg/IOs.lisp, /home/zhhm/robogym_ws/devel/share/common-lisp/ros/mir_msgs/msg/IOs.lisp)
Linked: (/home/zhhm/robogym_ws/devel/.private/mir_msgs/share/common-lisp/ros/mir_msgs/msg/StampedEncoders.lisp, /home/zhhm/robogym_ws/devel/share/common-lisp/ros/mir_msgs/msg/StampedEncoders.lisp)
Linked: (/home/zhhm/robogym_ws/devel/.private/mir_msgs/share/common-lisp/ros/mir_msgs/msg/Encoders.lisp, /home/zhhm/robogym_ws/devel/share/common-lisp/ros/mir_msgs/msg/Encoders.lisp)
Linked: (/home/zhhm/robogym_ws/devel/.private/mir_msgs/share/common-lisp/ros/mir_msgs/msg/PowerBoardMotorStatus.lisp, /home/zhhm/robogym_ws/devel/share/common-lisp/ros/mir_msgs/msg/PowerBoardMotorStatus.lisp)
Linked: (/home/zhhm/robogym_ws/devel/.private/mir_msgs/share/common-lisp/ros/mir_msgs/msg/_package_Device.lisp, /home/zhhm/robogym_ws/devel/share/common-lisp/ros/mir_msgs/msg/_package_Device.lisp)
Linked: (/home/zhhm/robogym_ws/devel/.private/mir_msgs/share/common-lisp/ros/mir_msgs/msg/_package_Pose2D.lisp, /home/zhhm/robogym_ws/devel/share/common-lisp/ros/mir_msgs/msg/_package_Pose2D.lisp)
Linked: (/home/zhhm/robogym_ws/devel/.private/mir_msgs/share/common-lisp/ros/mir_msgs/msg/_package_ChargingState.lisp, /home/zhhm/robogym_ws/devel/share/common-lisp/ros/mir_msgs/msg/_package_ChargingState.lisp)
Linked: (/home/zhhm/robogym_ws/devel/.private/mir_msgs/share/common-lisp/ros/mir_msgs/msg/_package_Pendant.lisp, /home/zhhm/robogym_ws/devel/share/common-lisp/ros/mir_msgs/msg/_package_Pendant.lisp)
Linked: (/home/zhhm/robogym_ws/devel/.private/mir_msgs/share/roseus/ros/mir_msgs/manifest.l, /home/zhhm/robogym_ws/devel/share/roseus/ros/mir_msgs/manifest.l)
Linked: (/home/zhhm/robogym_ws/devel/.private/mir_msgs/share/roseus/ros/mir_msgs/msg/BatteryCurrents.l, /home/zhhm/robogym_ws/devel/share/roseus/ros/mir_msgs/msg/BatteryCurrents.l)
Linked: (/home/zhhm/robogym_ws/devel/.private/mir_msgs/share/roseus/ros/mir_msgs/msg/PalletLifterStatus.l, /home/zhhm/robogym_ws/devel/share/roseus/ros/mir_msgs/msg/PalletLifterStatus.l)
Linked: (/home/zhhm/robogym_ws/devel/.private/mir_msgs/share/roseus/ros/mir_msgs/msg/MissionCtrlState.l, /home/zhhm/robogym_ws/devel/share/roseus/ros/mir_msgs/msg/MissionCtrlState.l)
Linked: (/home/zhhm/robogym_ws/devel/.private/mir_msgs/share/roseus/ros/mir_msgs/msg/RobotStatus.l, /home/zhhm/robogym_ws/devel/share/roseus/ros/mir_msgs/msg/RobotStatus.l)
Linked: (/home/zhhm/robogym_ws/devel/.private/mir_msgs/share/roseus/ros/mir_msgs/msg/IOs.l, /home/zhhm/robogym_ws/devel/share/roseus/ros/mir_msgs/msg/IOs.l)
Linked: (/home/zhhm/robogym_ws/devel/.private/mir_msgs/share/roseus/ros/mir_msgs/msg/Trolley.l, /home/zhhm/robogym_ws/devel/share/roseus/ros/mir_msgs/msg/Trolley.l)
Linked: (/home/zhhm/robogym_ws/devel/.private/mir_msgs/share/roseus/ros/mir_msgs/msg/PlanSegments.l, /home/zhhm/robogym_ws/devel/share/roseus/ros/mir_msgs/msg/PlanSegments.l)
Linked: (/home/zhhm/robogym_ws/devel/.private/mir_msgs/share/roseus/ros/mir_msgs/msg/RobotState.l, /home/zhhm/robogym_ws/devel/share/roseus/ros/mir_msgs/msg/RobotState.l)
Linked: (/home/zhhm/robogym_ws/devel/.private/mir_msgs/share/roseus/ros/mir_msgs/msg/Events.l, /home/zhhm/robogym_ws/devel/share/roseus/ros/mir_msgs/msg/Events.l)
Linked: (/home/zhhm/robogym_ws/devel/.private/mir_msgs/share/roseus/ros/mir_msgs/msg/ExternalRobot.l, /home/zhhm/robogym_ws/devel/share/roseus/ros/mir_msgs/msg/ExternalRobot.l)
Linked: (/home/zhhm/robogym_ws/devel/.private/mir_msgs/share/roseus/ros/mir_msgs/msg/Twist2D.l, /home/zhhm/robogym_ws/devel/share/roseus/ros/mir_msgs/msg/Twist2D.l)
Linked: (/home/zhhm/robogym_ws/devel/.private/mir_msgs/share/roseus/ros/mir_msgs/msg/ResourceState.l, /home/zhhm/robogym_ws/devel/share/roseus/ros/mir_msgs/msg/ResourceState.l)
Linked: (/home/zhhm/robogym_ws/devel/.private/mir_msgs/share/roseus/ros/mir_msgs/msg/ChargingState.l, /home/zhhm/robogym_ws/devel/share/roseus/ros/mir_msgs/msg/ChargingState.l)
Linked: (/home/zhhm/robogym_ws/devel/.private/mir_msgs/share/roseus/ros/mir_msgs/msg/BMSData.l, /home/zhhm/robogym_ws/devel/share/roseus/ros/mir_msgs/msg/BMSData.l)
Linked: (/home/zhhm/robogym_ws/devel/.private/mir_msgs/share/roseus/ros/mir_msgs/msg/Serial.l, /home/zhhm/robogym_ws/devel/share/roseus/ros/mir_msgs/msg/Serial.l)
Linked: (/home/zhhm/robogym_ws/devel/.private/mir_msgs/share/roseus/ros/mir_msgs/msg/ResourcesState.l, /home/zhhm/robogym_ws/devel/share/roseus/ros/mir_msgs/msg/ResourcesState.l)
Linked: (/home/zhhm/robogym_ws/devel/.private/mir_msgs/share/roseus/ros/mir_msgs/msg/WorldMap.l, /home/zhhm/robogym_ws/devel/share/roseus/ros/mir_msgs/msg/WorldMap.l)
Linked: (/home/zhhm/robogym_ws/devel/.private/mir_msgs/share/roseus/ros/mir_msgs/msg/ExternalRobots.l, /home/zhhm/robogym_ws/devel/share/roseus/ros/mir_msgs/msg/ExternalRobots.l)
Linked: (/home/zhhm/robogym_ws/devel/.private/mir_msgs/share/roseus/ros/mir_msgs/msg/Gpio.l, /home/zhhm/robogym_ws/devel/share/roseus/ros/mir_msgs/msg/Gpio.l)
Linked: (/home/zhhm/robogym_ws/devel/.private/mir_msgs/share/roseus/ros/mir_msgs/msg/UserPrompt.l, /home/zhhm/robogym_ws/devel/share/roseus/ros/mir_msgs/msg/UserPrompt.l)
Linked: (/home/zhhm/robogym_ws/devel/.private/mir_msgs/share/roseus/ros/mir_msgs/msg/HookStatus.l, /home/zhhm/robogym_ws/devel/share/roseus/ros/mir_msgs/msg/HookStatus.l)
Linked: (/home/zhhm/robogym_ws/devel/.private/mir_msgs/share/roseus/ros/mir_msgs/msg/MissionCtrlCommand.l, /home/zhhm/robogym_ws/devel/share/roseus/ros/mir_msgs/msg/MissionCtrlCommand.l)
Linked: (/home/zhhm/robogym_ws/devel/.private/mir_msgs/share/roseus/ros/mir_msgs/msg/Device.l, /home/zhhm/robogym_ws/devel/share/roseus/ros/mir_msgs/msg/Device.l)
Linked: (/home/zhhm/robogym_ws/devel/.private/mir_msgs/share/roseus/ros/mir_msgs/msg/MirStatus.l, /home/zhhm/robogym_ws/devel/share/roseus/ros/mir_msgs/msg/MirStatus.l)
Linked: (/home/zhhm/robogym_ws/devel/.private/mir_msgs/share/roseus/ros/mir_msgs/msg/StampedEncoders.l, /home/zhhm/robogym_ws/devel/share/roseus/ros/mir_msgs/msg/StampedEncoders.l)
Linked: (/home/zhhm/robogym_ws/devel/.private/mir_msgs/share/roseus/ros/mir_msgs/msg/WebPath.l, /home/zhhm/robogym_ws/devel/share/roseus/ros/mir_msgs/msg/WebPath.l)
Linked: (/home/zhhm/robogym_ws/devel/.private/mir_msgs/share/roseus/ros/mir_msgs/msg/HookExtendedStatus.l, /home/zhhm/robogym_ws/devel/share/roseus/ros/mir_msgs/msg/HookExtendedStatus.l)
Linked: (/home/zhhm/robogym_ws/devel/.private/mir_msgs/share/roseus/ros/mir_msgs/msg/Devices.l, /home/zhhm/robogym_ws/devel/share/roseus/ros/mir_msgs/msg/Devices.l)
Linked: (/home/zhhm/robogym_ws/devel/.private/mir_msgs/share/roseus/ros/mir_msgs/msg/LocalMapStat.l, /home/zhhm/robogym_ws/devel/share/roseus/ros/mir_msgs/msg/LocalMapStat.l)
Linked: (/home/zhhm/robogym_ws/devel/.private/mir_msgs/share/roseus/ros/mir_msgs/msg/SafetyStatus.l, /home/zhhm/robogym_ws/devel/share/roseus/ros/mir_msgs/msg/SafetyStatus.l)
Linked: (/home/zhhm/robogym_ws/devel/.private/mir_msgs/share/roseus/ros/mir_msgs/msg/Error.l, /home/zhhm/robogym_ws/devel/share/roseus/ros/mir_msgs/msg/Error.l)
Linked: (/home/zhhm/robogym_ws/devel/.private/mir_msgs/share/roseus/ros/mir_msgs/msg/Encoders.l, /home/zhhm/robogym_ws/devel/share/roseus/ros/mir_msgs/msg/Encoders.l)
Linked: (/home/zhhm/robogym_ws/devel/.private/mir_msgs/share/roseus/ros/mir_msgs/msg/PlanSegment.l, /home/zhhm/robogym_ws/devel/share/roseus/ros/mir_msgs/msg/PlanSegment.l)
Linked: (/home/zhhm/robogym_ws/devel/.private/mir_msgs/share/roseus/ros/mir_msgs/msg/MirExtra.l, /home/zhhm/robogym_ws/devel/share/roseus/ros/mir_msgs/msg/MirExtra.l)
Linked: (/home/zhhm/robogym_ws/devel/.private/mir_msgs/share/roseus/ros/mir_msgs/msg/Event.l, /home/zhhm/robogym_ws/devel/share/roseus/ros/mir_msgs/msg/Event.l)
Linked: (/home/zhhm/robogym_ws/devel/.private/mir_msgs/share/roseus/ros/mir_msgs/msg/HeightState.l, /home/zhhm/robogym_ws/devel/share/roseus/ros/mir_msgs/msg/HeightState.l)
Linked: (/home/zhhm/robogym_ws/devel/.private/mir_msgs/share/roseus/ros/mir_msgs/msg/Pendant.l, /home/zhhm/robogym_ws/devel/share/roseus/ros/mir_msgs/msg/Pendant.l)
Linked: (/home/zhhm/robogym_ws/devel/.private/mir_msgs/share/roseus/ros/mir_msgs/msg/PowerBoardMotorStatus.l, /home/zhhm/robogym_ws/devel/share/roseus/ros/mir_msgs/msg/PowerBoardMotorStatus.l)
Linked: (/home/zhhm/robogym_ws/devel/.private/mir_msgs/share/roseus/ros/mir_msgs/msg/RobotMode.l, /home/zhhm/robogym_ws/devel/share/roseus/ros/mir_msgs/msg/RobotMode.l)
Linked: (/home/zhhm/robogym_ws/devel/.private/mir_msgs/share/roseus/ros/mir_msgs/msg/Pose2D.l, /home/zhhm/robogym_ws/devel/share/roseus/ros/mir_msgs/msg/Pose2D.l)
Linked: (/home/zhhm/robogym_ws/devel/.private/mir_msgs/share/roseus/ros/mir_msgs/msg/GripperState.l, /home/zhhm/robogym_ws/devel/share/roseus/ros/mir_msgs/msg/GripperState.l)
Linked: (/home/zhhm/robogym_ws/devel/.private/mir_msgs/share/roseus/ros/mir_msgs/msg/JoystickVel.l, /home/zhhm/robogym_ws/devel/share/roseus/ros/mir_msgs/msg/JoystickVel.l)
Linked: (/home/zhhm/robogym_ws/devel/.private/mir_msgs/share/roseus/ros/mir_msgs/msg/Path.l, /home/zhhm/robogym_ws/devel/share/roseus/ros/mir_msgs/msg/Path.l)
Linked: (/home/zhhm/robogym_ws/devel/.private/mir_msgs/share/roseus/ros/mir_msgs/msg/BrakeState.l, /home/zhhm/robogym_ws/devel/share/roseus/ros/mir_msgs/msg/BrakeState.l)
Linked: (/home/zhhm/robogym_ws/devel/.private/mir_msgs/share/roseus/ros/mir_msgs/msg/Proximity.l, /home/zhhm/robogym_ws/devel/share/roseus/ros/mir_msgs/msg/Proximity.l)
Linked: (/home/zhhm/robogym_ws/devel/.private/mir_msgs/share/roseus/ros/mir_msgs/msg/WorldModel.l, /home/zhhm/robogym_ws/devel/share/roseus/ros/mir_msgs/msg/WorldModel.l)
Linked: (/home/zhhm/robogym_ws/devel/.private/mir_msgs/include/mir_msgs/Pose2D.h, /home/zhhm/robogym_ws/devel/include/mir_msgs/Pose2D.h)
Linked: (/home/zhhm/robogym_ws/devel/.private/mir_msgs/include/mir_msgs/PlanSegment.h, /home/zhhm/robogym_ws/devel/include/mir_msgs/PlanSegment.h)
Linked: (/home/zhhm/robogym_ws/devel/.private/mir_msgs/include/mir_msgs/Proximity.h, /home/zhhm/robogym_ws/devel/include/mir_msgs/Proximity.h)
Linked: (/home/zhhm/robogym_ws/devel/.private/mir_msgs/include/mir_msgs/ResourceState.h, /home/zhhm/robogym_ws/devel/include/mir_msgs/ResourceState.h)
Linked: (/home/zhhm/robogym_ws/devel/.private/mir_msgs/include/mir_msgs/Events.h, /home/zhhm/robogym_ws/devel/include/mir_msgs/Events.h)
Linked: (/home/zhhm/robogym_ws/devel/.private/mir_msgs/include/mir_msgs/WorldMap.h, /home/zhhm/robogym_ws/devel/include/mir_msgs/WorldMap.h)
Linked: (/home/zhhm/robogym_ws/devel/.private/mir_msgs/include/mir_msgs/HeightState.h, /home/zhhm/robogym_ws/devel/include/mir_msgs/HeightState.h)
Linked: (/home/zhhm/robogym_ws/devel/.private/mir_msgs/include/mir_msgs/GripperState.h, /home/zhhm/robogym_ws/devel/include/mir_msgs/GripperState.h)
Linked: (/home/zhhm/robogym_ws/devel/.private/mir_msgs/include/mir_msgs/Gpio.h, /home/zhhm/robogym_ws/devel/include/mir_msgs/Gpio.h)
Linked: (/home/zhhm/robogym_ws/devel/.private/mir_msgs/include/mir_msgs/MissionCtrlCommand.h, /home/zhhm/robogym_ws/devel/include/mir_msgs/MissionCtrlCommand.h)
Linked: (/home/zhhm/robogym_ws/devel/.private/mir_msgs/include/mir_msgs/Event.h, /home/zhhm/robogym_ws/devel/include/mir_msgs/Event.h)
Linked: (/home/zhhm/robogym_ws/devel/.private/mir_msgs/include/mir_msgs/Devices.h, /home/zhhm/robogym_ws/devel/include/mir_msgs/Devices.h)
Linked: (/home/zhhm/robogym_ws/devel/.private/mir_msgs/include/mir_msgs/PlanSegments.h, /home/zhhm/robogym_ws/devel/include/mir_msgs/PlanSegments.h)
Linked: (/home/zhhm/robogym_ws/devel/.private/mir_msgs/include/mir_msgs/HookExtendedStatus.h, /home/zhhm/robogym_ws/devel/include/mir_msgs/HookExtendedStatus.h)
Linked: (/home/zhhm/robogym_ws/devel/.private/mir_msgs/include/mir_msgs/Twist2D.h, /home/zhhm/robogym_ws/devel/include/mir_msgs/Twist2D.h)
Linked: (/home/zhhm/robogym_ws/devel/.private/mir_msgs/include/mir_msgs/ExternalRobot.h, /home/zhhm/robogym_ws/devel/include/mir_msgs/ExternalRobot.h)
Linked: (/home/zhhm/robogym_ws/devel/.private/mir_msgs/include/mir_msgs/Pendant.h, /home/zhhm/robogym_ws/devel/include/mir_msgs/Pendant.h)
Linked: (/home/zhhm/robogym_ws/devel/.private/mir_msgs/include/mir_msgs/Serial.h, /home/zhhm/robogym_ws/devel/include/mir_msgs/Serial.h)
Linked: (/home/zhhm/robogym_ws/devel/.private/mir_msgs/include/mir_msgs/LocalMapStat.h, /home/zhhm/robogym_ws/devel/include/mir_msgs/LocalMapStat.h)
Linked: (/home/zhhm/robogym_ws/devel/.private/mir_msgs/include/mir_msgs/BMSData.h, /home/zhhm/robogym_ws/devel/include/mir_msgs/BMSData.h)
Linked: (/home/zhhm/robogym_ws/devel/.private/mir_msgs/include/mir_msgs/PowerBoardMotorStatus.h, /home/zhhm/robogym_ws/devel/include/mir_msgs/PowerBoardMotorStatus.h)
Linked: (/home/zhhm/robogym_ws/devel/.private/mir_msgs/include/mir_msgs/RobotState.h, /home/zhhm/robogym_ws/devel/include/mir_msgs/RobotState.h)
Linked: (/home/zhhm/robogym_ws/devel/.private/mir_msgs/include/mir_msgs/RobotStatus.h, /home/zhhm/robogym_ws/devel/include/mir_msgs/RobotStatus.h)
Linked: (/home/zhhm/robogym_ws/devel/.private/mir_msgs/include/mir_msgs/HookStatus.h, /home/zhhm/robogym_ws/devel/include/mir_msgs/HookStatus.h)
Linked: (/home/zhhm/robogym_ws/devel/.private/mir_msgs/include/mir_msgs/ChargingState.h, /home/zhhm/robogym_ws/devel/include/mir_msgs/ChargingState.h)
Linked: (/home/zhhm/robogym_ws/devel/.private/mir_msgs/include/mir_msgs/PalletLifterStatus.h, /home/zhhm/robogym_ws/devel/include/mir_msgs/PalletLifterStatus.h)
Linked: (/home/zhhm/robogym_ws/devel/.private/mir_msgs/include/mir_msgs/Trolley.h, /home/zhhm/robogym_ws/devel/include/mir_msgs/Trolley.h)
Linked: (/home/zhhm/robogym_ws/devel/.private/mir_msgs/include/mir_msgs/Error.h, /home/zhhm/robogym_ws/devel/include/mir_msgs/Error.h)
Linked: (/home/zhhm/robogym_ws/devel/.private/mir_msgs/include/mir_msgs/ExternalRobots.h, /home/zhhm/robogym_ws/devel/include/mir_msgs/ExternalRobots.h)
Linked: (/home/zhhm/robogym_ws/devel/.private/mir_msgs/include/mir_msgs/SafetyStatus.h, /home/zhhm/robogym_ws/devel/include/mir_msgs/SafetyStatus.h)
Linked: (/home/zhhm/robogym_ws/devel/.private/mir_msgs/include/mir_msgs/BrakeState.h, /home/zhhm/robogym_ws/devel/include/mir_msgs/BrakeState.h)
Linked: (/home/zhhm/robogym_ws/devel/.private/mir_msgs/include/mir_msgs/MirStatus.h, /home/zhhm/robogym_ws/devel/include/mir_msgs/MirStatus.h)
Linked: (/home/zhhm/robogym_ws/devel/.private/mir_msgs/include/mir_msgs/WorldModel.h, /home/zhhm/robogym_ws/devel/include/mir_msgs/WorldModel.h)
Linked: (/home/zhhm/robogym_ws/devel/.private/mir_msgs/include/mir_msgs/MissionCtrlState.h, /home/zhhm/robogym_ws/devel/include/mir_msgs/MissionCtrlState.h)
Linked: (/home/zhhm/robogym_ws/devel/.private/mir_msgs/include/mir_msgs/Path.h, /home/zhhm/robogym_ws/devel/include/mir_msgs/Path.h)
Linked: (/home/zhhm/robogym_ws/devel/.private/mir_msgs/include/mir_msgs/JoystickVel.h, /home/zhhm/robogym_ws/devel/include/mir_msgs/JoystickVel.h)
Linked: (/home/zhhm/robogym_ws/devel/.private/mir_msgs/include/mir_msgs/WebPath.h, /home/zhhm/robogym_ws/devel/include/mir_msgs/WebPath.h)
Linked: (/home/zhhm/robogym_ws/devel/.private/mir_msgs/include/mir_msgs/RobotMode.h, /home/zhhm/robogym_ws/devel/include/mir_msgs/RobotMode.h)
Linked: (/home/zhhm/robogym_ws/devel/.private/mir_msgs/include/mir_msgs/ResourcesState.h, /home/zhhm/robogym_ws/devel/include/mir_msgs/ResourcesState.h)
Linked: (/home/zhhm/robogym_ws/devel/.private/mir_msgs/include/mir_msgs/Encoders.h, /home/zhhm/robogym_ws/devel/include/mir_msgs/Encoders.h)
Linked: (/home/zhhm/robogym_ws/devel/.private/mir_msgs/include/mir_msgs/UserPrompt.h, /home/zhhm/robogym_ws/devel/include/mir_msgs/UserPrompt.h)
Linked: (/home/zhhm/robogym_ws/devel/.private/mir_msgs/include/mir_msgs/BatteryCurrents.h, /home/zhhm/robogym_ws/devel/include/mir_msgs/BatteryCurrents.h)
Linked: (/home/zhhm/robogym_ws/devel/.private/mir_msgs/include/mir_msgs/Device.h, /home/zhhm/robogym_ws/devel/include/mir_msgs/Device.h)
Linked: (/home/zhhm/robogym_ws/devel/.private/mir_msgs/include/mir_msgs/MirExtra.h, /home/zhhm/robogym_ws/devel/include/mir_msgs/MirExtra.h)
Linked: (/home/zhhm/robogym_ws/devel/.private/mir_msgs/include/mir_msgs/StampedEncoders.h, /home/zhhm/robogym_ws/devel/include/mir_msgs/StampedEncoders.h)
Linked: (/home/zhhm/robogym_ws/devel/.private/mir_msgs/include/mir_msgs/IOs.h, /home/zhhm/robogym_ws/devel/include/mir_msgs/IOs.h)
Linked: (/home/zhhm/robogym_ws/devel/.private/mir_msgs/lib/pkgconfig/mir_msgs.pc, /home/zhhm/robogym_ws/devel/lib/pkgconfig/mir_msgs.pc)
Linked: (/home/zhhm/robogym_ws/devel/.private/mir_msgs/lib/python2.7/dist-packages/mir_msgs/__init__.py, /home/zhhm/robogym_ws/devel/lib/python2.7/dist-packages/mir_msgs/__init__.py)
Linked: (/home/zhhm/robogym_ws/devel/.private/mir_msgs/lib/python2.7/dist-packages/mir_msgs/msg/_HeightState.py, /home/zhhm/robogym_ws/devel/lib/python2.7/dist-packages/mir_msgs/msg/_HeightState.py)
Linked: (/home/zhhm/robogym_ws/devel/.private/mir_msgs/lib/python2.7/dist-packages/mir_msgs/msg/_JoystickVel.py, /home/zhhm/robogym_ws/devel/lib/python2.7/dist-packages/mir_msgs/msg/_JoystickVel.py)
Linked: (/home/zhhm/robogym_ws/devel/.private/mir_msgs/lib/python2.7/dist-packages/mir_msgs/msg/_BrakeState.py, /home/zhhm/robogym_ws/devel/lib/python2.7/dist-packages/mir_msgs/msg/_BrakeState.py)
Linked: (/home/zhhm/robogym_ws/devel/.private/mir_msgs/lib/python2.7/dist-packages/mir_msgs/msg/_LocalMapStat.py, /home/zhhm/robogym_ws/devel/lib/python2.7/dist-packages/mir_msgs/msg/_LocalMapStat.py)
Linked: (/home/zhhm/robogym_ws/devel/.private/mir_msgs/lib/python2.7/dist-packages/mir_msgs/msg/_MissionCtrlState.py, /home/zhhm/robogym_ws/devel/lib/python2.7/dist-packages/mir_msgs/msg/_MissionCtrlState.py)
Linked: (/home/zhhm/robogym_ws/devel/.private/mir_msgs/lib/python2.7/dist-packages/mir_msgs/msg/_WorldModel.py, /home/zhhm/robogym_ws/devel/lib/python2.7/dist-packages/mir_msgs/msg/_WorldModel.py)
Linked: (/home/zhhm/robogym_ws/devel/.private/mir_msgs/lib/python2.7/dist-packages/mir_msgs/msg/_RobotMode.py, /home/zhhm/robogym_ws/devel/lib/python2.7/dist-packages/mir_msgs/msg/_RobotMode.py)
Linked: (/home/zhhm/robogym_ws/devel/.private/mir_msgs/lib/python2.7/dist-packages/mir_msgs/msg/_Trolley.py, /home/zhhm/robogym_ws/devel/lib/python2.7/dist-packages/mir_msgs/msg/_Trolley.py)
Linked: (/home/zhhm/robogym_ws/devel/.private/mir_msgs/lib/python2.7/dist-packages/mir_msgs/msg/_BatteryCurrents.py, /home/zhhm/robogym_ws/devel/lib/python2.7/dist-packages/mir_msgs/msg/_BatteryCurrents.py)
Linked: (/home/zhhm/robogym_ws/devel/.private/mir_msgs/lib/python2.7/dist-packages/mir_msgs/msg/__init__.py, /home/zhhm/robogym_ws/devel/lib/python2.7/dist-packages/mir_msgs/msg/__init__.py)
Linked: (/home/zhhm/robogym_ws/devel/.private/mir_msgs/lib/python2.7/dist-packages/mir_msgs/msg/_Serial.py, /home/zhhm/robogym_ws/devel/lib/python2.7/dist-packages/mir_msgs/msg/_Serial.py)
Linked: (/home/zhhm/robogym_ws/devel/.private/mir_msgs/lib/python2.7/dist-packages/mir_msgs/msg/_Twist2D.py, /home/zhhm/robogym_ws/devel/lib/python2.7/dist-packages/mir_msgs/msg/_Twist2D.py)
Linked: (/home/zhhm/robogym_ws/devel/.private/mir_msgs/lib/python2.7/dist-packages/mir_msgs/msg/_RobotStatus.py, /home/zhhm/robogym_ws/devel/lib/python2.7/dist-packages/mir_msgs/msg/_RobotStatus.py)
Linked: (/home/zhhm/robogym_ws/devel/.private/mir_msgs/lib/python2.7/dist-packages/mir_msgs/msg/_PalletLifterStatus.py, /home/zhhm/robogym_ws/devel/lib/python2.7/dist-packages/mir_msgs/msg/_PalletLifterStatus.py)
Linked: (/home/zhhm/robogym_ws/devel/.private/mir_msgs/lib/python2.7/dist-packages/mir_msgs/msg/_IOs.py, /home/zhhm/robogym_ws/devel/lib/python2.7/dist-packages/mir_msgs/msg/_IOs.py)
Linked: (/home/zhhm/robogym_ws/devel/.private/mir_msgs/lib/python2.7/dist-packages/mir_msgs/msg/_MirExtra.py, /home/zhhm/robogym_ws/devel/lib/python2.7/dist-packages/mir_msgs/msg/_MirExtra.py)
Linked: (/home/zhhm/robogym_ws/devel/.private/mir_msgs/lib/python2.7/dist-packages/mir_msgs/msg/_ResourceState.py, /home/zhhm/robogym_ws/devel/lib/python2.7/dist-packages/mir_msgs/msg/_ResourceState.py)
Linked: (/home/zhhm/robogym_ws/devel/.private/mir_msgs/lib/python2.7/dist-packages/mir_msgs/msg/_SafetyStatus.py, /home/zhhm/robogym_ws/devel/lib/python2.7/dist-packages/mir_msgs/msg/_SafetyStatus.py)
Linked: (/home/zhhm/robogym_ws/devel/.private/mir_msgs/lib/python2.7/dist-packages/mir_msgs/msg/_GripperState.py, /home/zhhm/robogym_ws/devel/lib/python2.7/dist-packages/mir_msgs/msg/_GripperState.py)
Linked: (/home/zhhm/robogym_ws/devel/.private/mir_msgs/lib/python2.7/dist-packages/mir_msgs/msg/_WorldMap.py, /home/zhhm/robogym_ws/devel/lib/python2.7/dist-packages/mir_msgs/msg/_WorldMap.py)
Linked: (/home/zhhm/robogym_ws/devel/.private/mir_msgs/lib/python2.7/dist-packages/mir_msgs/msg/_Path.py, /home/zhhm/robogym_ws/devel/lib/python2.7/dist-packages/mir_msgs/msg/_Path.py)
Linked: (/home/zhhm/robogym_ws/devel/.private/mir_msgs/lib/python2.7/dist-packages/mir_msgs/msg/_ResourcesState.py, /home/zhhm/robogym_ws/devel/lib/python2.7/dist-packages/mir_msgs/msg/_ResourcesState.py)
Linked: (/home/zhhm/robogym_ws/devel/.private/mir_msgs/lib/python2.7/dist-packages/mir_msgs/msg/_MissionCtrlCommand.py, /home/zhhm/robogym_ws/devel/lib/python2.7/dist-packages/mir_msgs/msg/_MissionCtrlCommand.py)
Linked: (/home/zhhm/robogym_ws/devel/.private/mir_msgs/lib/python2.7/dist-packages/mir_msgs/msg/_Events.py, /home/zhhm/robogym_ws/devel/lib/python2.7/dist-packages/mir_msgs/msg/_Events.py)
Linked: (/home/zhhm/robogym_ws/devel/.private/mir_msgs/lib/python2.7/dist-packages/mir_msgs/msg/_UserPrompt.py, /home/zhhm/robogym_ws/devel/lib/python2.7/dist-packages/mir_msgs/msg/_UserPrompt.py)
Linked: (/home/zhhm/robogym_ws/devel/.private/mir_msgs/lib/python2.7/dist-packages/mir_msgs/msg/_Devices.py, /home/zhhm/robogym_ws/devel/lib/python2.7/dist-packages/mir_msgs/msg/_Devices.py)
Linked: (/home/zhhm/robogym_ws/devel/.private/mir_msgs/lib/python2.7/dist-packages/mir_msgs/msg/_BMSData.py, /home/zhhm/robogym_ws/devel/lib/python2.7/dist-packages/mir_msgs/msg/_BMSData.py)
Linked: (/home/zhhm/robogym_ws/devel/.private/mir_msgs/lib/python2.7/dist-packages/mir_msgs/msg/_PlanSegments.py, /home/zhhm/robogym_ws/devel/lib/python2.7/dist-packages/mir_msgs/msg/_PlanSegments.py)
Linked: (/home/zhhm/robogym_ws/devel/.private/mir_msgs/lib/python2.7/dist-packages/mir_msgs/msg/_RobotState.py, /home/zhhm/robogym_ws/devel/lib/python2.7/dist-packages/mir_msgs/msg/_RobotState.py)
Linked: (/home/zhhm/robogym_ws/devel/.private/mir_msgs/lib/python2.7/dist-packages/mir_msgs/msg/_ChargingState.py, /home/zhhm/robogym_ws/devel/lib/python2.7/dist-packages/mir_msgs/msg/_ChargingState.py)
Linked: (/home/zhhm/robogym_ws/devel/.private/mir_msgs/lib/python2.7/dist-packages/mir_msgs/msg/_MirStatus.py, /home/zhhm/robogym_ws/devel/lib/python2.7/dist-packages/mir_msgs/msg/_MirStatus.py)
Linked: (/home/zhhm/robogym_ws/devel/.private/mir_msgs/lib/python2.7/dist-packages/mir_msgs/msg/_Pose2D.py, /home/zhhm/robogym_ws/devel/lib/python2.7/dist-packages/mir_msgs/msg/_Pose2D.py)
Linked: (/home/zhhm/robogym_ws/devel/.private/mir_msgs/lib/python2.7/dist-packages/mir_msgs/msg/_ExternalRobots.py, /home/zhhm/robogym_ws/devel/lib/python2.7/dist-packages/mir_msgs/msg/_ExternalRobots.py)
Linked: (/home/zhhm/robogym_ws/devel/.private/mir_msgs/lib/python2.7/dist-packages/mir_msgs/msg/_Event.py, /home/zhhm/robogym_ws/devel/lib/python2.7/dist-packages/mir_msgs/msg/_Event.py)
Linked: (/home/zhhm/robogym_ws/devel/.private/mir_msgs/lib/python2.7/dist-packages/mir_msgs/msg/_PowerBoardMotorStatus.py, /home/zhhm/robogym_ws/devel/lib/python2.7/dist-packages/mir_msgs/msg/_PowerBoardMotorStatus.py)
Linked: (/home/zhhm/robogym_ws/devel/.private/mir_msgs/lib/python2.7/dist-packages/mir_msgs/msg/_Device.py, /home/zhhm/robogym_ws/devel/lib/python2.7/dist-packages/mir_msgs/msg/_Device.py)
Linked: (/home/zhhm/robogym_ws/devel/.private/mir_msgs/lib/python2.7/dist-packages/mir_msgs/msg/_Pendant.py, /home/zhhm/robogym_ws/devel/lib/python2.7/dist-packages/mir_msgs/msg/_Pendant.py)
Linked: (/home/zhhm/robogym_ws/devel/.private/mir_msgs/lib/python2.7/dist-packages/mir_msgs/msg/_Proximity.py, /home/zhhm/robogym_ws/devel/lib/python2.7/dist-packages/mir_msgs/msg/_Proximity.py)
Linked: (/home/zhhm/robogym_ws/devel/.private/mir_msgs/lib/python2.7/dist-packages/mir_msgs/msg/_HookStatus.py, /home/zhhm/robogym_ws/devel/lib/python2.7/dist-packages/mir_msgs/msg/_HookStatus.py)
Linked: (/home/zhhm/robogym_ws/devel/.private/mir_msgs/lib/python2.7/dist-packages/mir_msgs/msg/_Error.py, /home/zhhm/robogym_ws/devel/lib/python2.7/dist-packages/mir_msgs/msg/_Error.py)
Linked: (/home/zhhm/robogym_ws/devel/.private/mir_msgs/lib/python2.7/dist-packages/mir_msgs/msg/_StampedEncoders.py, /home/zhhm/robogym_ws/devel/lib/python2.7/dist-packages/mir_msgs/msg/_StampedEncoders.py)
Linked: (/home/zhhm/robogym_ws/devel/.private/mir_msgs/lib/python2.7/dist-packages/mir_msgs/msg/_WebPath.py, /home/zhhm/robogym_ws/devel/lib/python2.7/dist-packages/mir_msgs/msg/_WebPath.py)
Linked: (/home/zhhm/robogym_ws/devel/.private/mir_msgs/lib/python2.7/dist-packages/mir_msgs/msg/_HookExtendedStatus.py, /home/zhhm/robogym_ws/devel/lib/python2.7/dist-packages/mir_msgs/msg/_HookExtendedStatus.py)
Linked: (/home/zhhm/robogym_ws/devel/.private/mir_msgs/lib/python2.7/dist-packages/mir_msgs/msg/_Gpio.py, /home/zhhm/robogym_ws/devel/lib/python2.7/dist-packages/mir_msgs/msg/_Gpio.py)
Linked: (/home/zhhm/robogym_ws/devel/.private/mir_msgs/lib/python2.7/dist-packages/mir_msgs/msg/_PlanSegment.py, /home/zhhm/robogym_ws/devel/lib/python2.7/dist-packages/mir_msgs/msg/_PlanSegment.py)
Linked: (/home/zhhm/robogym_ws/devel/.private/mir_msgs/lib/python2.7/dist-packages/mir_msgs/msg/_ExternalRobot.py, /home/zhhm/robogym_ws/devel/lib/python2.7/dist-packages/mir_msgs/msg/_ExternalRobot.py)
Linked: (/home/zhhm/robogym_ws/devel/.private/mir_msgs/lib/python2.7/dist-packages/mir_msgs/msg/_Encoders.py, /home/zhhm/robogym_ws/devel/lib/python2.7/dist-packages/mir_msgs/msg/_Encoders.py)
