Determining if the pthread_create exist failed with the following output:
Change Dir: /home/zhhm/robogym_ws/build/mir_dwb_critics/CMakeFiles/CMakeTmp

Run Build Command:"/usr/bin/make" "cmTC_973fc/fast"
/usr/bin/make -f CMakeFiles/cmTC_973fc.dir/build.make CMakeFiles/cmTC_973fc.dir/build
make[1]: Entering directory '/home/zhhm/robogym_ws/build/mir_dwb_critics/CMakeFiles/CMakeTmp'
Building C object CMakeFiles/cmTC_973fc.dir/CheckSymbolExists.c.o
/usr/bin/cc    -o CMakeFiles/cmTC_973fc.dir/CheckSymbolExists.c.o   -c /home/zhhm/robogym_ws/build/mir_dwb_critics/CMakeFiles/CMakeTmp/CheckSymbolExists.c
Linking C executable cmTC_973fc
/usr/bin/cmake -E cmake_link_script CMakeFiles/cmTC_973fc.dir/link.txt --verbose=1
/usr/bin/cc      -rdynamic CMakeFiles/cmTC_973fc.dir/CheckSymbolExists.c.o  -o cmTC_973fc 
CMakeFiles/cmTC_973fc.dir/CheckSymbolExists.c.o: In function `main':
CheckSymbolExists.c:(.text+0x1b): undefined reference to `pthread_create'
collect2: error: ld returned 1 exit status
CMakeFiles/cmTC_973fc.dir/build.make:97: recipe for target 'cmTC_973fc' failed
make[1]: *** [cmTC_973fc] Error 1
make[1]: Leaving directory '/home/zhhm/robogym_ws/build/mir_dwb_critics/CMakeFiles/CMakeTmp'
Makefile:126: recipe for target 'cmTC_973fc/fast' failed
make: *** [cmTC_973fc/fast] Error 2

File /home/zhhm/robogym_ws/build/mir_dwb_critics/CMakeFiles/CMakeTmp/CheckSymbolExists.c:
/* */
#include <pthread.h>

int main(int argc, char** argv)
{
  (void)argv;
#ifndef pthread_create
  return ((int*)(&pthread_create))[argc];
#else
  (void)argc;
  return 0;
#endif
}

Determining if the function pthread_create exists in the pthreads failed with the following output:
Change Dir: /home/zhhm/robogym_ws/build/mir_dwb_critics/CMakeFiles/CMakeTmp

Run Build Command:"/usr/bin/make" "cmTC_a4b5d/fast"
/usr/bin/make -f CMakeFiles/cmTC_a4b5d.dir/build.make CMakeFiles/cmTC_a4b5d.dir/build
make[1]: Entering directory '/home/zhhm/robogym_ws/build/mir_dwb_critics/CMakeFiles/CMakeTmp'
Building C object CMakeFiles/cmTC_a4b5d.dir/CheckFunctionExists.c.o
/usr/bin/cc   -DCHECK_FUNCTION_EXISTS=pthread_create   -o CMakeFiles/cmTC_a4b5d.dir/CheckFunctionExists.c.o   -c /usr/share/cmake-3.10/Modules/CheckFunctionExists.c
Linking C executable cmTC_a4b5d
/usr/bin/cmake -E cmake_link_script CMakeFiles/cmTC_a4b5d.dir/link.txt --verbose=1
/usr/bin/cc  -DCHECK_FUNCTION_EXISTS=pthread_create    -rdynamic CMakeFiles/cmTC_a4b5d.dir/CheckFunctionExists.c.o  -o cmTC_a4b5d -lpthreads 
/usr/bin/ld: cannot find -lpthreads
collect2: error: ld returned 1 exit status
CMakeFiles/cmTC_a4b5d.dir/build.make:97: recipe for target 'cmTC_a4b5d' failed
make[1]: *** [cmTC_a4b5d] Error 1
make[1]: Leaving directory '/home/zhhm/robogym_ws/build/mir_dwb_critics/CMakeFiles/CMakeTmp'
Makefile:126: recipe for target 'cmTC_a4b5d/fast' failed
make: *** [cmTC_a4b5d/fast] Error 2


