Determining if the pthread_create exist failed with the following output:
Change Dir: /home/zhhm/robogym_ws/build/moveit_chomp_optimizer_adapter/CMakeFiles/CMakeTmp

Run Build Command:"/usr/bin/make" "cmTC_2f95f/fast"
/usr/bin/make -f CMakeFiles/cmTC_2f95f.dir/build.make CMakeFiles/cmTC_2f95f.dir/build
make[1]: Entering directory '/home/zhhm/robogym_ws/build/moveit_chomp_optimizer_adapter/CMakeFiles/CMakeTmp'
Building C object CMakeFiles/cmTC_2f95f.dir/CheckSymbolExists.c.o
/usr/bin/cc    -o CMakeFiles/cmTC_2f95f.dir/CheckSymbolExists.c.o   -c /home/zhhm/robogym_ws/build/moveit_chomp_optimizer_adapter/CMakeFiles/CMakeTmp/CheckSymbolExists.c
Linking C executable cmTC_2f95f
/usr/bin/cmake -E cmake_link_script CMakeFiles/cmTC_2f95f.dir/link.txt --verbose=1
/usr/bin/cc      -rdynamic CMakeFiles/cmTC_2f95f.dir/CheckSymbolExists.c.o  -o cmTC_2f95f 
CMakeFiles/cmTC_2f95f.dir/CheckSymbolExists.c.o: In function `main':
CheckSymbolExists.c:(.text+0x1b): undefined reference to `pthread_create'
collect2: error: ld returned 1 exit status
CMakeFiles/cmTC_2f95f.dir/build.make:97: recipe for target 'cmTC_2f95f' failed
make[1]: *** [cmTC_2f95f] Error 1
make[1]: Leaving directory '/home/zhhm/robogym_ws/build/moveit_chomp_optimizer_adapter/CMakeFiles/CMakeTmp'
Makefile:126: recipe for target 'cmTC_2f95f/fast' failed
make: *** [cmTC_2f95f/fast] Error 2

File /home/zhhm/robogym_ws/build/moveit_chomp_optimizer_adapter/CMakeFiles/CMakeTmp/CheckSymbolExists.c:
/* */
#include <pthread.h>

int main(int argc, char** argv)
{
  (void)argv;
#ifndef pthread_create
  return ((int*)(&pthread_create))[argc];
#else
  (void)argc;
  return 0;
#endif
}

Determining if the function pthread_create exists in the pthreads failed with the following output:
Change Dir: /home/zhhm/robogym_ws/build/moveit_chomp_optimizer_adapter/CMakeFiles/CMakeTmp

Run Build Command:"/usr/bin/make" "cmTC_9dd5c/fast"
/usr/bin/make -f CMakeFiles/cmTC_9dd5c.dir/build.make CMakeFiles/cmTC_9dd5c.dir/build
make[1]: Entering directory '/home/zhhm/robogym_ws/build/moveit_chomp_optimizer_adapter/CMakeFiles/CMakeTmp'
Building C object CMakeFiles/cmTC_9dd5c.dir/CheckFunctionExists.c.o
/usr/bin/cc   -DCHECK_FUNCTION_EXISTS=pthread_create   -o CMakeFiles/cmTC_9dd5c.dir/CheckFunctionExists.c.o   -c /usr/share/cmake-3.10/Modules/CheckFunctionExists.c
Linking C executable cmTC_9dd5c
/usr/bin/cmake -E cmake_link_script CMakeFiles/cmTC_9dd5c.dir/link.txt --verbose=1
/usr/bin/cc  -DCHECK_FUNCTION_EXISTS=pthread_create    -rdynamic CMakeFiles/cmTC_9dd5c.dir/CheckFunctionExists.c.o  -o cmTC_9dd5c -lpthreads 
/usr/bin/ld: cannot find -lpthreads
collect2: error: ld returned 1 exit status
CMakeFiles/cmTC_9dd5c.dir/build.make:97: recipe for target 'cmTC_9dd5c' failed
make[1]: *** [cmTC_9dd5c] Error 1
make[1]: Leaving directory '/home/zhhm/robogym_ws/build/moveit_chomp_optimizer_adapter/CMakeFiles/CMakeTmp'
Makefile:126: recipe for target 'cmTC_9dd5c/fast' failed
make: *** [cmTC_9dd5c/fast] Error 2


