Determining if the pthread_create exist failed with the following output:
Change Dir: /home/zhhm/robogym_ws/build/moveit_planners_chomp/CMakeFiles/CMakeTmp

Run Build Command:"/usr/bin/make" "cmTC_0b578/fast"
/usr/bin/make -f CMakeFiles/cmTC_0b578.dir/build.make CMakeFiles/cmTC_0b578.dir/build
make[1]: Entering directory '/home/zhhm/robogym_ws/build/moveit_planners_chomp/CMakeFiles/CMakeTmp'
Building C object CMakeFiles/cmTC_0b578.dir/CheckSymbolExists.c.o
/usr/bin/cc    -o CMakeFiles/cmTC_0b578.dir/CheckSymbolExists.c.o   -c /home/zhhm/robogym_ws/build/moveit_planners_chomp/CMakeFiles/CMakeTmp/CheckSymbolExists.c
Linking C executable cmTC_0b578
/usr/bin/cmake -E cmake_link_script CMakeFiles/cmTC_0b578.dir/link.txt --verbose=1
/usr/bin/cc      -rdynamic CMakeFiles/cmTC_0b578.dir/CheckSymbolExists.c.o  -o cmTC_0b578 
CMakeFiles/cmTC_0b578.dir/CheckSymbolExists.c.o: In function `main':
CheckSymbolExists.c:(.text+0x1b): undefined reference to `pthread_create'
collect2: error: ld returned 1 exit status
CMakeFiles/cmTC_0b578.dir/build.make:97: recipe for target 'cmTC_0b578' failed
make[1]: *** [cmTC_0b578] Error 1
make[1]: Leaving directory '/home/zhhm/robogym_ws/build/moveit_planners_chomp/CMakeFiles/CMakeTmp'
Makefile:126: recipe for target 'cmTC_0b578/fast' failed
make: *** [cmTC_0b578/fast] Error 2

File /home/zhhm/robogym_ws/build/moveit_planners_chomp/CMakeFiles/CMakeTmp/CheckSymbolExists.c:
/* */
#include <pthread.h>

int main(int argc, char** argv)
{
  (void)argv;
#ifndef pthread_create
  return ((int*)(&pthread_create))[argc];
#else
  (void)argc;
  return 0;
#endif
}

Determining if the function pthread_create exists in the pthreads failed with the following output:
Change Dir: /home/zhhm/robogym_ws/build/moveit_planners_chomp/CMakeFiles/CMakeTmp

Run Build Command:"/usr/bin/make" "cmTC_7bd1f/fast"
/usr/bin/make -f CMakeFiles/cmTC_7bd1f.dir/build.make CMakeFiles/cmTC_7bd1f.dir/build
make[1]: Entering directory '/home/zhhm/robogym_ws/build/moveit_planners_chomp/CMakeFiles/CMakeTmp'
Building C object CMakeFiles/cmTC_7bd1f.dir/CheckFunctionExists.c.o
/usr/bin/cc   -DCHECK_FUNCTION_EXISTS=pthread_create   -o CMakeFiles/cmTC_7bd1f.dir/CheckFunctionExists.c.o   -c /usr/share/cmake-3.10/Modules/CheckFunctionExists.c
Linking C executable cmTC_7bd1f
/usr/bin/cmake -E cmake_link_script CMakeFiles/cmTC_7bd1f.dir/link.txt --verbose=1
/usr/bin/cc  -DCHECK_FUNCTION_EXISTS=pthread_create    -rdynamic CMakeFiles/cmTC_7bd1f.dir/CheckFunctionExists.c.o  -o cmTC_7bd1f -lpthreads 
/usr/bin/ld: cannot find -lpthreads
collect2: error: ld returned 1 exit status
CMakeFiles/cmTC_7bd1f.dir/build.make:97: recipe for target 'cmTC_7bd1f' failed
make[1]: *** [cmTC_7bd1f] Error 1
make[1]: Leaving directory '/home/zhhm/robogym_ws/build/moveit_planners_chomp/CMakeFiles/CMakeTmp'
Makefile:126: recipe for target 'cmTC_7bd1f/fast' failed
make: *** [cmTC_7bd1f/fast] Error 2


