Determining if the pthread_create exist failed with the following output:
Change Dir: /home/zhhm/robogym_ws/build/moveit_fake_controller_manager/CMakeFiles/CMakeTmp

Run Build Command:"/usr/bin/make" "cmTC_1766d/fast"
/usr/bin/make -f CMakeFiles/cmTC_1766d.dir/build.make CMakeFiles/cmTC_1766d.dir/build
make[1]: Entering directory '/home/zhhm/robogym_ws/build/moveit_fake_controller_manager/CMakeFiles/CMakeTmp'
Building C object CMakeFiles/cmTC_1766d.dir/CheckSymbolExists.c.o
/usr/bin/cc    -o CMakeFiles/cmTC_1766d.dir/CheckSymbolExists.c.o   -c /home/zhhm/robogym_ws/build/moveit_fake_controller_manager/CMakeFiles/CMakeTmp/CheckSymbolExists.c
Linking C executable cmTC_1766d
/usr/bin/cmake -E cmake_link_script CMakeFiles/cmTC_1766d.dir/link.txt --verbose=1
/usr/bin/cc      -rdynamic CMakeFiles/cmTC_1766d.dir/CheckSymbolExists.c.o  -o cmTC_1766d 
CMakeFiles/cmTC_1766d.dir/CheckSymbolExists.c.o: In function `main':
CheckSymbolExists.c:(.text+0x1b): undefined reference to `pthread_create'
collect2: error: ld returned 1 exit status
CMakeFiles/cmTC_1766d.dir/build.make:97: recipe for target 'cmTC_1766d' failed
make[1]: *** [cmTC_1766d] Error 1
make[1]: Leaving directory '/home/zhhm/robogym_ws/build/moveit_fake_controller_manager/CMakeFiles/CMakeTmp'
Makefile:126: recipe for target 'cmTC_1766d/fast' failed
make: *** [cmTC_1766d/fast] Error 2

File /home/zhhm/robogym_ws/build/moveit_fake_controller_manager/CMakeFiles/CMakeTmp/CheckSymbolExists.c:
/* */
#include <pthread.h>

int main(int argc, char** argv)
{
  (void)argv;
#ifndef pthread_create
  return ((int*)(&pthread_create))[argc];
#else
  (void)argc;
  return 0;
#endif
}

Determining if the function pthread_create exists in the pthreads failed with the following output:
Change Dir: /home/zhhm/robogym_ws/build/moveit_fake_controller_manager/CMakeFiles/CMakeTmp

Run Build Command:"/usr/bin/make" "cmTC_87f13/fast"
/usr/bin/make -f CMakeFiles/cmTC_87f13.dir/build.make CMakeFiles/cmTC_87f13.dir/build
make[1]: Entering directory '/home/zhhm/robogym_ws/build/moveit_fake_controller_manager/CMakeFiles/CMakeTmp'
Building C object CMakeFiles/cmTC_87f13.dir/CheckFunctionExists.c.o
/usr/bin/cc   -DCHECK_FUNCTION_EXISTS=pthread_create   -o CMakeFiles/cmTC_87f13.dir/CheckFunctionExists.c.o   -c /usr/share/cmake-3.10/Modules/CheckFunctionExists.c
Linking C executable cmTC_87f13
/usr/bin/cmake -E cmake_link_script CMakeFiles/cmTC_87f13.dir/link.txt --verbose=1
/usr/bin/cc  -DCHECK_FUNCTION_EXISTS=pthread_create    -rdynamic CMakeFiles/cmTC_87f13.dir/CheckFunctionExists.c.o  -o cmTC_87f13 -lpthreads 
/usr/bin/ld: cannot find -lpthreads
collect2: error: ld returned 1 exit status
CMakeFiles/cmTC_87f13.dir/build.make:97: recipe for target 'cmTC_87f13' failed
make[1]: *** [cmTC_87f13] Error 1
make[1]: Leaving directory '/home/zhhm/robogym_ws/build/moveit_fake_controller_manager/CMakeFiles/CMakeTmp'
Makefile:126: recipe for target 'cmTC_87f13/fast' failed
make: *** [cmTC_87f13/fast] Error 2


